2019-07-01 08:43:05.541 [INFO ] com.DemoApplication - Starting DemoApplication on LAPTOP-5FK7QVSQ with PID 18648 (E:\mywork_study\springboot_demo\target\classes started by ZHANGJUN in E:\mywork_study\springboot_demo)
2019-07-01 08:43:05.542 [INFO ] com.DemoApplication - The following profiles are active: dataSource,log,mybatis,mail,redis
2019-07-01 08:43:05.614 [INFO ] org.springframework.boot.web.servlet.context.AnnotationConfigServletWebServerApplicationContext - Refreshing org.springframework.boot.web.servlet.context.AnnotationConfigServletWebServerApplicationContext@6fd8f987: startup date [Mon Jul 01 08:43:05 CST 2019]; root of context hierarchy
2019-07-01 08:43:08.943 [INFO ] org.springframework.data.repository.config.RepositoryConfigurationDelegate - Multiple Spring Data modules found, entering strict repository configuration mode!
2019-07-01 08:43:09.841 [INFO ] org.springframework.context.support.PostProcessorRegistrationDelegate$BeanPostProcessorChecker - Bean 'org.springframework.amqp.rabbit.annotation.RabbitBootstrapConfiguration' of type [org.springframework.amqp.rabbit.annotation.RabbitBootstrapConfiguration$$EnhancerBySpringCGLIB$$6b0be4fd] is not eligible for getting processed by all BeanPostProcessors (for example: not eligible for auto-proxying)
2019-07-01 08:43:09.898 [INFO ] org.springframework.context.support.PostProcessorRegistrationDelegate$BeanPostProcessorChecker - Bean 'redisConfiguration' of type [com.system.configruation.RedisConfiguration$$EnhancerBySpringCGLIB$$b8ce95ff] is not eligible for getting processed by all BeanPostProcessors (for example: not eligible for auto-proxying)
2019-07-01 08:43:09.907 [INFO ] org.springframework.context.support.PostProcessorRegistrationDelegate$BeanPostProcessorChecker - Bean 'org.springframework.transaction.annotation.ProxyTransactionManagementConfiguration' of type [org.springframework.transaction.annotation.ProxyTransactionManagementConfiguration$$EnhancerBySpringCGLIB$$a4a026cf] is not eligible for getting processed by all BeanPostProcessors (for example: not eligible for auto-proxying)
2019-07-01 08:43:09.952 [INFO ] org.springframework.context.support.PostProcessorRegistrationDelegate$BeanPostProcessorChecker - Bean 'org.springframework.cache.annotation.ProxyCachingConfiguration' of type [org.springframework.cache.annotation.ProxyCachingConfiguration$$EnhancerBySpringCGLIB$$edb25ced] is not eligible for getting processed by all BeanPostProcessors (for example: not eligible for auto-proxying)
2019-07-01 08:43:09.974 [INFO ] org.springframework.context.support.PostProcessorRegistrationDelegate$BeanPostProcessorChecker - Bean 'org.springframework.boot.autoconfigure.cache.CacheAutoConfiguration' of type [org.springframework.boot.autoconfigure.cache.CacheAutoConfiguration$$EnhancerBySpringCGLIB$$e2262191] is not eligible for getting processed by all BeanPostProcessors (for example: not eligible for auto-proxying)
2019-07-01 08:43:09.997 [INFO ] org.springframework.context.support.PostProcessorRegistrationDelegate$BeanPostProcessorChecker - Bean 'org.springframework.boot.context.properties.ConversionServiceDeducer$Factory' of type [org.springframework.boot.context.properties.ConversionServiceDeducer$Factory] is not eligible for getting processed by all BeanPostProcessors (for example: not eligible for auto-proxying)
2019-07-01 08:43:10.003 [INFO ] org.springframework.context.support.PostProcessorRegistrationDelegate$BeanPostProcessorChecker - Bean 'spring.cache-org.springframework.boot.autoconfigure.cache.CacheProperties' of type [org.springframework.boot.autoconfigure.cache.CacheProperties] is not eligible for getting processed by all BeanPostProcessors (for example: not eligible for auto-proxying)
2019-07-01 08:43:10.014 [INFO ] org.springframework.context.support.PostProcessorRegistrationDelegate$BeanPostProcessorChecker - Bean 'cacheManagerCustomizers' of type [org.springframework.boot.autoconfigure.cache.CacheManagerCustomizers] is not eligible for getting processed by all BeanPostProcessors (for example: not eligible for auto-proxying)
2019-07-01 08:43:10.022 [INFO ] org.springframework.context.support.PostProcessorRegistrationDelegate$BeanPostProcessorChecker - Bean 'org.springframework.boot.autoconfigure.cache.RedisCacheConfiguration' of type [org.springframework.boot.autoconfigure.cache.RedisCacheConfiguration$$EnhancerBySpringCGLIB$$92b7bdeb] is not eligible for getting processed by all BeanPostProcessors (for example: not eligible for auto-proxying)
2019-07-01 08:43:10.047 [INFO ] org.springframework.context.support.PostProcessorRegistrationDelegate$BeanPostProcessorChecker - Bean 'spring.redis-org.springframework.boot.autoconfigure.data.redis.RedisProperties' of type [org.springframework.boot.autoconfigure.data.redis.RedisProperties] is not eligible for getting processed by all BeanPostProcessors (for example: not eligible for auto-proxying)
2019-07-01 08:43:10.058 [INFO ] org.springframework.context.support.PostProcessorRegistrationDelegate$BeanPostProcessorChecker - Bean 'org.springframework.boot.autoconfigure.data.redis.LettuceConnectionConfiguration' of type [org.springframework.boot.autoconfigure.data.redis.LettuceConnectionConfiguration$$EnhancerBySpringCGLIB$$b9b9e519] is not eligible for getting processed by all BeanPostProcessors (for example: not eligible for auto-proxying)
2019-07-01 08:43:10.260 [INFO ] org.springframework.context.support.PostProcessorRegistrationDelegate$BeanPostProcessorChecker - Bean 'lettuceClientResources' of type [io.lettuce.core.resource.DefaultClientResources] is not eligible for getting processed by all BeanPostProcessors (for example: not eligible for auto-proxying)
2019-07-01 08:43:10.376 [INFO ] org.springframework.context.support.PostProcessorRegistrationDelegate$BeanPostProcessorChecker - Bean 'redisConnectionFactory' of type [org.springframework.data.redis.connection.lettuce.LettuceConnectionFactory] is not eligible for getting processed by all BeanPostProcessors (for example: not eligible for auto-proxying)
2019-07-01 08:43:10.407 [INFO ] org.springframework.context.support.PostProcessorRegistrationDelegate$BeanPostProcessorChecker - Bean 'cacheManager' of type [org.springframework.data.redis.cache.RedisCacheManager] is not eligible for getting processed by all BeanPostProcessors (for example: not eligible for auto-proxying)
2019-07-01 08:43:10.410 [INFO ] org.springframework.context.support.PostProcessorRegistrationDelegate$BeanPostProcessorChecker - Bean 'cacheAutoConfigurationValidator' of type [org.springframework.boot.autoconfigure.cache.CacheAutoConfiguration$CacheManagerValidator] is not eligible for getting processed by all BeanPostProcessors (for example: not eligible for auto-proxying)
2019-07-01 08:43:11.058 [INFO ] org.springframework.boot.web.embedded.tomcat.TomcatWebServer - Tomcat initialized with port(s): 8080 (http)
2019-07-01 08:43:11.073 [INFO ] org.apache.coyote.http11.Http11NioProtocol - Initializing ProtocolHandler ["http-nio-8080"]
2019-07-01 08:43:11.088 [INFO ] org.apache.catalina.core.StandardService - Starting service [Tomcat]
2019-07-01 08:43:11.088 [INFO ] org.apache.catalina.core.StandardEngine - Starting Servlet Engine: Apache Tomcat/8.5.28
2019-07-01 08:43:11.097 [INFO ] org.apache.catalina.core.AprLifecycleListener - The APR based Apache Tomcat Native library which allows optimal performance in production environments was not found on the java.library.path: [E:\soft\jdk\jdk1.8\bin;C:\WINDOWS\Sun\Java\bin;C:\WINDOWS\system32;C:\WINDOWS;E:/soft/jre/jre1.8/bin/server;E:/soft/jre/jre1.8/bin;E:/soft/jre/jre1.8/lib/amd64;C:\Program Files (x86)\Common Files\Oracle\Java\javapath;C:\Program Files (x86)\Intel\iCLS Client\;C:\Program Files\Intel\iCLS Client\;C:\WINDOWS\system32;C:\WINDOWS;C:\WINDOWS\System32\Wbem;C:\WINDOWS\System32\WindowsPowerShell\v1.0\;C:\Program Files (x86)\Intel\Intel(R) Management Engine Components\DAL;C:\Program Files\Intel\Intel(R) Management Engine Components\DAL;C:\Program Files (x86)\Intel\Intel(R) Management Engine Components\IPT;C:\Program Files\Intel\Intel(R) Management Engine Components\IPT;"E:\soft\jdk\jdk1.6\bin;E:\soft\jdk\jdk1.6\jre\bin";E:\soft\svn\svn1.9.7.2\bin;E:\soft\PLSQL\instantclient_11_2;E:\soft\jdk\jdk1.6\bin;E:\soft\maven\apache-maven-3.2.5\bin;C:\WINDOWS\System32\OpenSSH\;E:\soft\node\;C:\Program Files\Intel\WiFi\bin\;C:\Program Files\Common Files\Intel\WirelessCommon\;E:\soft\erlang\erl10.0.1\bin;E:\soft\rabbitmq\rabbitmq_server-3.7.12\sbin;E:\soft\git\Git\cmd;C:\Users\ZHANGJUN\AppData\Local\Microsoft\WindowsApps;C:\Users\ZHANGJUN\AppData\Roaming\npm;C:\Users\ZHANGJUN\AppData\Local\GitHubDesktop\bin;E:\soft\eclipse.4.4.2;;.]
2019-07-01 08:43:11.391 [INFO ] org.apache.jasper.servlet.TldScanner - At least one JAR was scanned for TLDs yet contained no TLDs. Enable debug logging for this logger for a complete list of JARs that were scanned but no TLDs were found in them. Skipping unneeded JARs during scanning can improve startup time and JSP compilation time.
2019-07-01 08:43:11.398 [INFO ] org.apache.catalina.core.ContainerBase.[Tomcat].[localhost].[/] - Initializing Spring embedded WebApplicationContext
2019-07-01 08:43:11.399 [INFO ] org.springframework.web.context.ContextLoader - Root WebApplicationContext: initialization completed in 5785 ms
2019-07-01 08:43:11.807 [INFO ] org.springframework.boot.web.servlet.FilterRegistrationBean - Mapping filter: 'characterEncodingFilter' to: [/*]
2019-07-01 08:43:11.808 [INFO ] org.springframework.boot.web.servlet.FilterRegistrationBean - Mapping filter: 'sessionRepositoryFilter' to: [/*]
2019-07-01 08:43:11.808 [INFO ] org.springframework.boot.web.servlet.FilterRegistrationBean - Mapping filter: 'hiddenHttpMethodFilter' to: [/*]
2019-07-01 08:43:11.808 [INFO ] org.springframework.boot.web.servlet.FilterRegistrationBean - Mapping filter: 'httpPutFormContentFilter' to: [/*]
2019-07-01 08:43:11.808 [INFO ] org.springframework.boot.web.servlet.FilterRegistrationBean - Mapping filter: 'requestContextFilter' to: [/*]
2019-07-01 08:43:11.808 [INFO ] org.springframework.boot.web.servlet.FilterRegistrationBean - Mapping filter: 'XSSFilter' to urls: [/*]
2019-07-01 08:43:11.809 [INFO ] org.springframework.boot.web.servlet.FilterRegistrationBean - Mapping filter: 'fileterMyFilter1' to: [/*]
2019-07-01 08:43:11.809 [INFO ] org.springframework.boot.web.servlet.ServletRegistrationBean - Servlet statViewServlet mapped to [/druid/*]
2019-07-01 08:43:11.811 [INFO ] org.springframework.boot.web.servlet.ServletRegistrationBean - Servlet dispatcherServlet mapped to [/]
2019-07-01 08:43:12.772 [INFO ] io.lettuce.core.EpollProvider - Starting without optional epoll library
2019-07-01 08:43:12.774 [INFO ] io.lettuce.core.KqueueProvider - Starting without optional kqueue library
2019-07-01 08:43:13.948 [INFO ] org.springframework.web.servlet.mvc.method.annotation.RequestMappingHandlerAdapter - Looking for @ControllerAdvice: org.springframework.boot.web.servlet.context.AnnotationConfigServletWebServerApplicationContext@6fd8f987: startup date [Mon Jul 01 08:43:05 CST 2019]; root of context hierarchy
2019-07-01 08:43:14.075 [INFO ] org.springframework.web.servlet.mvc.method.annotation.RequestMappingHandlerMapping - Mapped "{[/mail]}" onto public java.lang.String com.example.controller.MailController.sendSimpleMail()
2019-07-01 08:43:14.084 [INFO ] org.springframework.web.servlet.mvc.method.annotation.RequestMappingHandlerMapping - Mapped "{[/weixintest/getWeChartCode]}" onto public java.lang.String com.example.controller.weixin.WeixinTestController.getWeChartCode() throws java.lang.Exception
2019-07-01 08:43:14.085 [INFO ] org.springframework.web.servlet.mvc.method.annotation.RequestMappingHandlerMapping - Mapped "{[/weixintest/displayPage]}" onto public java.lang.String com.example.controller.weixin.WeixinTestController.displayPage()
2019-07-01 08:43:14.086 [INFO ] org.springframework.web.servlet.mvc.method.annotation.RequestMappingHandlerMapping - Mapped "{[/weixintest/afterQueryPage]}" onto public java.lang.String com.example.controller.weixin.WeixinTestController.afterQueryPage()
2019-07-01 08:43:14.086 [INFO ] org.springframework.web.servlet.mvc.method.annotation.RequestMappingHandlerMapping - Mapped "{[/weixintest/callback]}" onto public java.lang.String com.example.controller.weixin.WeixinTestController.weChartCallback(java.lang.String,java.lang.String,javax.servlet.http.HttpServletRequest) throws java.lang.Exception
2019-07-01 08:43:14.088 [INFO ] org.springframework.web.servlet.mvc.method.annotation.RequestMappingHandlerMapping - Mapped "{[/dept/getAllDeptUser]}" onto public java.util.List<com.system.domain.Dept> com.system.controller.DeptController.getAllDeptUser()
2019-07-01 08:43:14.089 [INFO ] org.springframework.web.servlet.mvc.method.annotation.RequestMappingHandlerMapping - Mapped "{[/login/loginToMain]}" onto public java.lang.String com.system.controller.LoginController.loginToMain()
2019-07-01 08:43:14.090 [INFO ] org.springframework.web.servlet.mvc.method.annotation.RequestMappingHandlerMapping - Mapped "{[/login/login]}" onto public java.lang.String com.system.controller.LoginController.login()
2019-07-01 08:43:14.090 [INFO ] org.springframework.web.servlet.mvc.method.annotation.RequestMappingHandlerMapping - Mapped "{[/login/userLogin]}" onto public java.lang.String com.system.controller.LoginController.userLogin()
2019-07-01 08:43:14.092 [INFO ] org.springframework.web.servlet.mvc.method.annotation.RequestMappingHandlerMapping - Mapped "{[/user/uid]}" onto java.lang.String com.system.controller.UserController.uid()
2019-07-01 08:43:14.092 [INFO ] org.springframework.web.servlet.mvc.method.annotation.RequestMappingHandlerMapping - Mapped "{[/user/getUserByPage]}" onto public com.system.utils.MyPage com.system.controller.UserController.getUsersByPage()
2019-07-01 08:43:14.096 [INFO ] org.springframework.web.servlet.mvc.method.annotation.RequestMappingHandlerMapping - Mapped "{[/error]}" onto public org.springframework.http.ResponseEntity<java.util.Map<java.lang.String, java.lang.Object>> org.springframework.boot.autoconfigure.web.servlet.error.BasicErrorController.error(javax.servlet.http.HttpServletRequest)
2019-07-01 08:43:14.098 [INFO ] org.springframework.web.servlet.mvc.method.annotation.RequestMappingHandlerMapping - Mapped "{[/error],produces=[text/html]}" onto public org.springframework.web.servlet.ModelAndView org.springframework.boot.autoconfigure.web.servlet.error.BasicErrorController.errorHtml(javax.servlet.http.HttpServletRequest,javax.servlet.http.HttpServletResponse)
2019-07-01 08:43:14.189 [INFO ] org.springframework.web.servlet.handler.SimpleUrlHandlerMapping - Mapped URL path [/webjars/**] onto handler of type [class org.springframework.web.servlet.resource.ResourceHttpRequestHandler]
2019-07-01 08:43:14.189 [INFO ] org.springframework.web.servlet.handler.SimpleUrlHandlerMapping - Mapped URL path [/**] onto handler of type [class org.springframework.web.servlet.resource.ResourceHttpRequestHandler]
2019-07-01 08:43:14.290 [INFO ] org.springframework.web.servlet.handler.SimpleUrlHandlerMapping - Mapped URL path [/**/favicon.ico] onto handler of type [class org.springframework.web.servlet.resource.ResourceHttpRequestHandler]
2019-07-01 08:43:14.344 [INFO ] org.springframework.boot.autoconfigure.web.servlet.WelcomePageHandlerMapping - Adding welcome page template: index
2019-07-01 08:43:15.093 [INFO ] org.springframework.boot.devtools.autoconfigure.OptionalLiveReloadServer - LiveReload server is running on port 35729
2019-07-01 08:43:15.171 [INFO ] org.springframework.jmx.export.annotation.AnnotationMBeanExporter - Registering beans for JMX exposure on startup
2019-07-01 08:43:15.173 [INFO ] org.springframework.jmx.export.annotation.AnnotationMBeanExporter - Bean with name 'dataSource' has been autodetected for JMX exposure
2019-07-01 08:43:15.183 [INFO ] org.springframework.jmx.export.annotation.AnnotationMBeanExporter - Bean with name 'rabbitConnectionFactory' has been autodetected for JMX exposure
2019-07-01 08:43:15.186 [INFO ] org.springframework.jmx.export.annotation.AnnotationMBeanExporter - Located MBean 'dataSource': registering with JMX server as MBean [com.alibaba.druid.pool:name=dataSource,type=DruidDataSource]
2019-07-01 08:43:15.189 [INFO ] org.springframework.jmx.export.annotation.AnnotationMBeanExporter - Located managed bean 'rabbitConnectionFactory': registering with JMX server as MBean [org.springframework.amqp.rabbit.connection:name=rabbitConnectionFactory,type=CachingConnectionFactory]
2019-07-01 08:43:15.216 [INFO ] org.springframework.context.support.DefaultLifecycleProcessor - Starting beans in phase 2147483647
2019-07-01 08:43:15.336 [INFO ] org.springframework.scheduling.annotation.ScheduledAnnotationBeanPostProcessor - No TaskScheduler/ScheduledExecutorService bean found for scheduled processing
2019-07-01 08:43:15.352 [INFO ] org.apache.coyote.http11.Http11NioProtocol - Starting ProtocolHandler ["http-nio-8080"]
2019-07-01 08:43:15.356 [INFO ] org.apache.tomcat.util.net.NioSelectorPool - Using a shared selector for servlet write/read
2019-07-01 08:43:15.408 [INFO ] org.springframework.boot.web.embedded.tomcat.TomcatWebServer - Tomcat started on port(s): 8080 (http) with context path ''
2019-07-01 08:43:15.415 [INFO ] com.DemoApplication - Started DemoApplication in 10.662 seconds (JVM running for 11.25)
2019-07-01 10:13:01.306 [INFO ] org.springframework.boot.web.servlet.context.AnnotationConfigServletWebServerApplicationContext - Closing org.springframework.boot.web.servlet.context.AnnotationConfigServletWebServerApplicationContext@6fd8f987: startup date [Mon Jul 01 08:43:05 CST 2019]; root of context hierarchy
2019-07-01 10:13:01.312 [INFO ] org.springframework.context.support.DefaultLifecycleProcessor - Stopping beans in phase 2147483647
2019-07-01 10:13:01.317 [INFO ] org.springframework.context.support.DefaultLifecycleProcessor - Stopping beans in phase 0
2019-07-01 10:13:01.326 [INFO ] org.springframework.jmx.export.annotation.AnnotationMBeanExporter - Unregistering JMX-exposed beans on shutdown
2019-07-01 10:13:01.327 [INFO ] org.springframework.jmx.export.annotation.AnnotationMBeanExporter - Unregistering JMX-exposed beans
2019-07-01 10:13:02.922 [INFO ] com.DemoApplication - Starting DemoApplication on LAPTOP-5FK7QVSQ with PID 18648 (E:\mywork_study\springboot_demo\target\classes started by ZHANGJUN in E:\mywork_study\springboot_demo)
2019-07-01 10:13:02.922 [INFO ] com.DemoApplication - The following profiles are active: dataSource,log,mybatis,mail,redis
2019-07-01 10:13:02.925 [INFO ] org.springframework.boot.web.servlet.context.AnnotationConfigServletWebServerApplicationContext - Refreshing org.springframework.boot.web.servlet.context.AnnotationConfigServletWebServerApplicationContext@4c27644e: startup date [Mon Jul 01 10:13:02 CST 2019]; root of context hierarchy
2019-07-01 10:13:04.584 [INFO ] org.springframework.data.repository.config.RepositoryConfigurationDelegate - Multiple Spring Data modules found, entering strict repository configuration mode!
2019-07-01 10:13:04.773 [INFO ] org.springframework.context.support.PostProcessorRegistrationDelegate$BeanPostProcessorChecker - Bean 'org.springframework.amqp.rabbit.annotation.RabbitBootstrapConfiguration' of type [org.springframework.amqp.rabbit.annotation.RabbitBootstrapConfiguration$$EnhancerBySpringCGLIB$$6b0be4fd] is not eligible for getting processed by all BeanPostProcessors (for example: not eligible for auto-proxying)
2019-07-01 10:13:04.783 [INFO ] org.springframework.context.support.PostProcessorRegistrationDelegate$BeanPostProcessorChecker - Bean 'redisConfiguration' of type [com.system.configruation.RedisConfiguration$$EnhancerBySpringCGLIB$$b8ce95ff] is not eligible for getting processed by all BeanPostProcessors (for example: not eligible for auto-proxying)
2019-07-01 10:13:04.785 [INFO ] org.springframework.context.support.PostProcessorRegistrationDelegate$BeanPostProcessorChecker - Bean 'org.springframework.transaction.annotation.ProxyTransactionManagementConfiguration' of type [org.springframework.transaction.annotation.ProxyTransactionManagementConfiguration$$EnhancerBySpringCGLIB$$a4a026cf] is not eligible for getting processed by all BeanPostProcessors (for example: not eligible for auto-proxying)
2019-07-01 10:13:04.791 [INFO ] org.springframework.context.support.PostProcessorRegistrationDelegate$BeanPostProcessorChecker - Bean 'org.springframework.cache.annotation.ProxyCachingConfiguration' of type [org.springframework.cache.annotation.ProxyCachingConfiguration$$EnhancerBySpringCGLIB$$edb25ced] is not eligible for getting processed by all BeanPostProcessors (for example: not eligible for auto-proxying)
2019-07-01 10:13:04.794 [INFO ] org.springframework.context.support.PostProcessorRegistrationDelegate$BeanPostProcessorChecker - Bean 'org.springframework.boot.autoconfigure.cache.CacheAutoConfiguration' of type [org.springframework.boot.autoconfigure.cache.CacheAutoConfiguration$$EnhancerBySpringCGLIB$$e2262191] is not eligible for getting processed by all BeanPostProcessors (for example: not eligible for auto-proxying)
2019-07-01 10:13:04.800 [INFO ] org.springframework.context.support.PostProcessorRegistrationDelegate$BeanPostProcessorChecker - Bean 'org.springframework.boot.context.properties.ConversionServiceDeducer$Factory' of type [org.springframework.boot.context.properties.ConversionServiceDeducer$Factory] is not eligible for getting processed by all BeanPostProcessors (for example: not eligible for auto-proxying)
2019-07-01 10:13:04.802 [INFO ] org.springframework.context.support.PostProcessorRegistrationDelegate$BeanPostProcessorChecker - Bean 'spring.cache-org.springframework.boot.autoconfigure.cache.CacheProperties' of type [org.springframework.boot.autoconfigure.cache.CacheProperties] is not eligible for getting processed by all BeanPostProcessors (for example: not eligible for auto-proxying)
2019-07-01 10:13:04.807 [INFO ] org.springframework.context.support.PostProcessorRegistrationDelegate$BeanPostProcessorChecker - Bean 'cacheManagerCustomizers' of type [org.springframework.boot.autoconfigure.cache.CacheManagerCustomizers] is not eligible for getting processed by all BeanPostProcessors (for example: not eligible for auto-proxying)
2019-07-01 10:13:04.809 [INFO ] org.springframework.context.support.PostProcessorRegistrationDelegate$BeanPostProcessorChecker - Bean 'org.springframework.boot.autoconfigure.cache.RedisCacheConfiguration' of type [org.springframework.boot.autoconfigure.cache.RedisCacheConfiguration$$EnhancerBySpringCGLIB$$92b7bdeb] is not eligible for getting processed by all BeanPostProcessors (for example: not eligible for auto-proxying)
2019-07-01 10:13:04.814 [INFO ] org.springframework.context.support.PostProcessorRegistrationDelegate$BeanPostProcessorChecker - Bean 'spring.redis-org.springframework.boot.autoconfigure.data.redis.RedisProperties' of type [org.springframework.boot.autoconfigure.data.redis.RedisProperties] is not eligible for getting processed by all BeanPostProcessors (for example: not eligible for auto-proxying)
2019-07-01 10:13:04.818 [INFO ] org.springframework.context.support.PostProcessorRegistrationDelegate$BeanPostProcessorChecker - Bean 'org.springframework.boot.autoconfigure.data.redis.LettuceConnectionConfiguration' of type [org.springframework.boot.autoconfigure.data.redis.LettuceConnectionConfiguration$$EnhancerBySpringCGLIB$$b9b9e519] is not eligible for getting processed by all BeanPostProcessors (for example: not eligible for auto-proxying)
2019-07-01 10:13:04.822 [INFO ] org.springframework.context.support.PostProcessorRegistrationDelegate$BeanPostProcessorChecker - Bean 'lettuceClientResources' of type [io.lettuce.core.resource.DefaultClientResources] is not eligible for getting processed by all BeanPostProcessors (for example: not eligible for auto-proxying)
2019-07-01 10:13:04.825 [INFO ] org.springframework.context.support.PostProcessorRegistrationDelegate$BeanPostProcessorChecker - Bean 'redisConnectionFactory' of type [org.springframework.data.redis.connection.lettuce.LettuceConnectionFactory] is not eligible for getting processed by all BeanPostProcessors (for example: not eligible for auto-proxying)
2019-07-01 10:13:04.836 [INFO ] org.springframework.context.support.PostProcessorRegistrationDelegate$BeanPostProcessorChecker - Bean 'cacheManager' of type [org.springframework.data.redis.cache.RedisCacheManager] is not eligible for getting processed by all BeanPostProcessors (for example: not eligible for auto-proxying)
2019-07-01 10:13:04.838 [INFO ] org.springframework.context.support.PostProcessorRegistrationDelegate$BeanPostProcessorChecker - Bean 'cacheAutoConfigurationValidator' of type [org.springframework.boot.autoconfigure.cache.CacheAutoConfiguration$CacheManagerValidator] is not eligible for getting processed by all BeanPostProcessors (for example: not eligible for auto-proxying)
2019-07-01 10:13:04.983 [INFO ] org.springframework.boot.web.embedded.tomcat.TomcatWebServer - Tomcat initialized with port(s): 8080 (http)
2019-07-01 10:13:04.984 [INFO ] org.apache.coyote.http11.Http11NioProtocol - Initializing ProtocolHandler ["http-nio-8080"]
2019-07-01 10:13:04.985 [INFO ] org.apache.catalina.core.StandardService - Starting service [Tomcat]
2019-07-01 10:13:04.985 [INFO ] org.apache.catalina.core.StandardEngine - Starting Servlet Engine: Apache Tomcat/8.5.28
2019-07-01 10:13:05.085 [INFO ] org.apache.jasper.servlet.TldScanner - At least one JAR was scanned for TLDs yet contained no TLDs. Enable debug logging for this logger for a complete list of JARs that were scanned but no TLDs were found in them. Skipping unneeded JARs during scanning can improve startup time and JSP compilation time.
2019-07-01 10:13:05.089 [INFO ] org.apache.catalina.core.ContainerBase.[Tomcat].[localhost].[/] - Initializing Spring embedded WebApplicationContext
2019-07-01 10:13:05.090 [INFO ] org.springframework.web.context.ContextLoader - Root WebApplicationContext: initialization completed in 2164 ms
2019-07-01 10:13:05.258 [INFO ] org.springframework.boot.web.servlet.FilterRegistrationBean - Mapping filter: 'characterEncodingFilter' to: [/*]
2019-07-01 10:13:05.258 [INFO ] org.springframework.boot.web.servlet.FilterRegistrationBean - Mapping filter: 'sessionRepositoryFilter' to: [/*]
2019-07-01 10:13:05.258 [INFO ] org.springframework.boot.web.servlet.FilterRegistrationBean - Mapping filter: 'hiddenHttpMethodFilter' to: [/*]
2019-07-01 10:13:05.258 [INFO ] org.springframework.boot.web.servlet.FilterRegistrationBean - Mapping filter: 'httpPutFormContentFilter' to: [/*]
2019-07-01 10:13:05.258 [INFO ] org.springframework.boot.web.servlet.FilterRegistrationBean - Mapping filter: 'requestContextFilter' to: [/*]
2019-07-01 10:13:05.258 [INFO ] org.springframework.boot.web.servlet.FilterRegistrationBean - Mapping filter: 'XSSFilter' to urls: [/*]
2019-07-01 10:13:05.259 [INFO ] org.springframework.boot.web.servlet.FilterRegistrationBean - Mapping filter: 'fileterMyFilter1' to: [/*]
2019-07-01 10:13:05.259 [INFO ] org.springframework.boot.web.servlet.ServletRegistrationBean - Servlet statViewServlet mapped to [/druid/*]
2019-07-01 10:13:05.259 [INFO ] org.springframework.boot.web.servlet.ServletRegistrationBean - Servlet dispatcherServlet mapped to [/]
2019-07-01 10:13:05.714 [INFO ] org.springframework.web.servlet.mvc.method.annotation.RequestMappingHandlerAdapter - Looking for @ControllerAdvice: org.springframework.boot.web.servlet.context.AnnotationConfigServletWebServerApplicationContext@4c27644e: startup date [Mon Jul 01 10:13:02 CST 2019]; root of context hierarchy
2019-07-01 10:13:05.740 [INFO ] org.springframework.web.servlet.mvc.method.annotation.RequestMappingHandlerMapping - Mapped "{[/mail]}" onto public java.lang.String com.example.controller.MailController.sendSimpleMail()
2019-07-01 10:13:05.743 [INFO ] org.springframework.web.servlet.mvc.method.annotation.RequestMappingHandlerMapping - Mapped "{[/weixintest/getWeChartCode]}" onto public java.lang.String com.example.controller.weixin.WeixinTestController.getWeChartCode() throws java.lang.Exception
2019-07-01 10:13:05.744 [INFO ] org.springframework.web.servlet.mvc.method.annotation.RequestMappingHandlerMapping - Mapped "{[/weixintest/displayPage]}" onto public java.lang.String com.example.controller.weixin.WeixinTestController.displayPage()
2019-07-01 10:13:05.744 [INFO ] org.springframework.web.servlet.mvc.method.annotation.RequestMappingHandlerMapping - Mapped "{[/weixintest/afterQueryPage]}" onto public java.lang.String com.example.controller.weixin.WeixinTestController.afterQueryPage()
2019-07-01 10:13:05.744 [INFO ] org.springframework.web.servlet.mvc.method.annotation.RequestMappingHandlerMapping - Mapped "{[/weixintest/callback]}" onto public java.lang.String com.example.controller.weixin.WeixinTestController.weChartCallback(java.lang.String,java.lang.String,javax.servlet.http.HttpServletRequest) throws java.lang.Exception
2019-07-01 10:13:05.745 [INFO ] org.springframework.web.servlet.mvc.method.annotation.RequestMappingHandlerMapping - Mapped "{[/dept/getAllDeptUser]}" onto public java.util.List<com.system.domain.Dept> com.system.controller.DeptController.getAllDeptUser()
2019-07-01 10:13:05.747 [INFO ] org.springframework.web.servlet.mvc.method.annotation.RequestMappingHandlerMapping - Mapped "{[/login/loginToMain]}" onto public java.lang.String com.system.controller.LoginController.loginToMain()
2019-07-01 10:13:05.747 [INFO ] org.springframework.web.servlet.mvc.method.annotation.RequestMappingHandlerMapping - Mapped "{[/login/login]}" onto public java.lang.String com.system.controller.LoginController.login()
2019-07-01 10:13:05.747 [INFO ] org.springframework.web.servlet.mvc.method.annotation.RequestMappingHandlerMapping - Mapped "{[/login/userLogin]}" onto public java.lang.String com.system.controller.LoginController.userLogin()
2019-07-01 10:13:05.748 [INFO ] org.springframework.web.servlet.mvc.method.annotation.RequestMappingHandlerMapping - Mapped "{[/user/uid]}" onto java.lang.String com.system.controller.UserController.uid()
2019-07-01 10:13:05.748 [INFO ] org.springframework.web.servlet.mvc.method.annotation.RequestMappingHandlerMapping - Mapped "{[/user/getUserByPage]}" onto public com.system.utils.MyPage com.system.controller.UserController.getUsersByPage()
2019-07-01 10:13:05.751 [INFO ] org.springframework.web.servlet.mvc.method.annotation.RequestMappingHandlerMapping - Mapped "{[/error]}" onto public org.springframework.http.ResponseEntity<java.util.Map<java.lang.String, java.lang.Object>> org.springframework.boot.autoconfigure.web.servlet.error.BasicErrorController.error(javax.servlet.http.HttpServletRequest)
2019-07-01 10:13:05.752 [INFO ] org.springframework.web.servlet.mvc.method.annotation.RequestMappingHandlerMapping - Mapped "{[/error],produces=[text/html]}" onto public org.springframework.web.servlet.ModelAndView org.springframework.boot.autoconfigure.web.servlet.error.BasicErrorController.errorHtml(javax.servlet.http.HttpServletRequest,javax.servlet.http.HttpServletResponse)
2019-07-01 10:13:05.788 [INFO ] org.springframework.web.servlet.handler.SimpleUrlHandlerMapping - Mapped URL path [/webjars/**] onto handler of type [class org.springframework.web.servlet.resource.ResourceHttpRequestHandler]
2019-07-01 10:13:05.788 [INFO ] org.springframework.web.servlet.handler.SimpleUrlHandlerMapping - Mapped URL path [/**] onto handler of type [class org.springframework.web.servlet.resource.ResourceHttpRequestHandler]
2019-07-01 10:13:05.824 [INFO ] org.springframework.web.servlet.handler.SimpleUrlHandlerMapping - Mapped URL path [/**/favicon.ico] onto handler of type [class org.springframework.web.servlet.resource.ResourceHttpRequestHandler]
2019-07-01 10:13:05.842 [INFO ] org.springframework.boot.autoconfigure.web.servlet.WelcomePageHandlerMapping - Adding welcome page template: index
2019-07-01 10:13:06.030 [INFO ] org.springframework.boot.devtools.autoconfigure.OptionalLiveReloadServer - LiveReload server is running on port 35729
2019-07-01 10:13:06.098 [INFO ] org.springframework.jmx.export.annotation.AnnotationMBeanExporter - Registering beans for JMX exposure on startup
2019-07-01 10:13:06.099 [INFO ] org.springframework.jmx.export.annotation.AnnotationMBeanExporter - Bean with name 'dataSource' has been autodetected for JMX exposure
2019-07-01 10:13:06.104 [INFO ] org.springframework.jmx.export.annotation.AnnotationMBeanExporter - Bean with name 'rabbitConnectionFactory' has been autodetected for JMX exposure
2019-07-01 10:13:06.105 [INFO ] org.springframework.jmx.export.annotation.AnnotationMBeanExporter - Located MBean 'dataSource': registering with JMX server as MBean [com.alibaba.druid.pool:name=dataSource,type=DruidDataSource]
2019-07-01 10:13:06.108 [INFO ] org.springframework.jmx.export.annotation.AnnotationMBeanExporter - Located managed bean 'rabbitConnectionFactory': registering with JMX server as MBean [org.springframework.amqp.rabbit.connection:name=rabbitConnectionFactory,type=CachingConnectionFactory]
2019-07-01 10:13:06.118 [INFO ] org.springframework.context.support.DefaultLifecycleProcessor - Starting beans in phase 2147483647
2019-07-01 10:13:06.128 [INFO ] org.springframework.scheduling.annotation.ScheduledAnnotationBeanPostProcessor - No TaskScheduler/ScheduledExecutorService bean found for scheduled processing
2019-07-01 10:13:06.129 [INFO ] org.apache.coyote.http11.Http11NioProtocol - Starting ProtocolHandler ["http-nio-8080"]
2019-07-01 10:13:06.131 [INFO ] org.apache.tomcat.util.net.NioSelectorPool - Using a shared selector for servlet write/read
2019-07-01 10:13:06.138 [INFO ] org.springframework.boot.web.embedded.tomcat.TomcatWebServer - Tomcat started on port(s): 8080 (http) with context path ''
2019-07-01 10:13:06.140 [INFO ] com.DemoApplication - Started DemoApplication in 3.324 seconds (JVM running for 5401.976)
2019-07-01 10:13:06.143 [INFO ] org.springframework.boot.devtools.autoconfigure.ConditionEvaluationDeltaLoggingListener - Condition evaluation unchanged
2019-07-01 15:08:54.111 [INFO ] org.springframework.boot.web.servlet.context.AnnotationConfigServletWebServerApplicationContext - Closing org.springframework.boot.web.servlet.context.AnnotationConfigServletWebServerApplicationContext@4c27644e: startup date [Mon Jul 01 10:13:02 CST 2019]; root of context hierarchy
2019-07-01 15:08:54.122 [INFO ] org.springframework.context.support.DefaultLifecycleProcessor - Stopping beans in phase 2147483647
2019-07-01 15:08:54.125 [INFO ] org.springframework.context.support.DefaultLifecycleProcessor - Stopping beans in phase 0
2019-07-01 15:08:54.128 [INFO ] org.springframework.jmx.export.annotation.AnnotationMBeanExporter - Unregistering JMX-exposed beans on shutdown
2019-07-01 15:08:54.128 [INFO ] org.springframework.jmx.export.annotation.AnnotationMBeanExporter - Unregistering JMX-exposed beans
2019-07-01 15:08:55.828 [INFO ] com.DemoApplication - Starting DemoApplication on LAPTOP-5FK7QVSQ with PID 18648 (E:\mywork_study\springboot_demo\target\classes started by ZHANGJUN in E:\mywork_study\springboot_demo)
2019-07-01 15:08:55.829 [INFO ] com.DemoApplication - The following profiles are active: dataSource,log,mybatis,mail,redis
2019-07-01 15:08:55.834 [INFO ] org.springframework.boot.web.servlet.context.AnnotationConfigServletWebServerApplicationContext - Refreshing org.springframework.boot.web.servlet.context.AnnotationConfigServletWebServerApplicationContext@75a9d4c4: startup date [Mon Jul 01 15:08:55 CST 2019]; root of context hierarchy
2019-07-01 15:08:57.185 [INFO ] org.springframework.data.repository.config.RepositoryConfigurationDelegate - Multiple Spring Data modules found, entering strict repository configuration mode!
2019-07-01 15:08:57.387 [INFO ] org.springframework.context.support.PostProcessorRegistrationDelegate$BeanPostProcessorChecker - Bean 'org.springframework.amqp.rabbit.annotation.RabbitBootstrapConfiguration' of type [org.springframework.amqp.rabbit.annotation.RabbitBootstrapConfiguration$$EnhancerBySpringCGLIB$$6b0be4fd] is not eligible for getting processed by all BeanPostProcessors (for example: not eligible for auto-proxying)
2019-07-01 15:08:57.397 [INFO ] org.springframework.context.support.PostProcessorRegistrationDelegate$BeanPostProcessorChecker - Bean 'redisConfiguration' of type [com.system.configruation.RedisConfiguration$$EnhancerBySpringCGLIB$$b8ce95ff] is not eligible for getting processed by all BeanPostProcessors (for example: not eligible for auto-proxying)
2019-07-01 15:08:57.400 [INFO ] org.springframework.context.support.PostProcessorRegistrationDelegate$BeanPostProcessorChecker - Bean 'org.springframework.transaction.annotation.ProxyTransactionManagementConfiguration' of type [org.springframework.transaction.annotation.ProxyTransactionManagementConfiguration$$EnhancerBySpringCGLIB$$a4a026cf] is not eligible for getting processed by all BeanPostProcessors (for example: not eligible for auto-proxying)
2019-07-01 15:08:57.407 [INFO ] org.springframework.context.support.PostProcessorRegistrationDelegate$BeanPostProcessorChecker - Bean 'org.springframework.cache.annotation.ProxyCachingConfiguration' of type [org.springframework.cache.annotation.ProxyCachingConfiguration$$EnhancerBySpringCGLIB$$edb25ced] is not eligible for getting processed by all BeanPostProcessors (for example: not eligible for auto-proxying)
2019-07-01 15:08:57.410 [INFO ] org.springframework.context.support.PostProcessorRegistrationDelegate$BeanPostProcessorChecker - Bean 'org.springframework.boot.autoconfigure.cache.CacheAutoConfiguration' of type [org.springframework.boot.autoconfigure.cache.CacheAutoConfiguration$$EnhancerBySpringCGLIB$$e2262191] is not eligible for getting processed by all BeanPostProcessors (for example: not eligible for auto-proxying)
2019-07-01 15:08:57.416 [INFO ] org.springframework.context.support.PostProcessorRegistrationDelegate$BeanPostProcessorChecker - Bean 'org.springframework.boot.context.properties.ConversionServiceDeducer$Factory' of type [org.springframework.boot.context.properties.ConversionServiceDeducer$Factory] is not eligible for getting processed by all BeanPostProcessors (for example: not eligible for auto-proxying)
2019-07-01 15:08:57.417 [INFO ] org.springframework.context.support.PostProcessorRegistrationDelegate$BeanPostProcessorChecker - Bean 'spring.cache-org.springframework.boot.autoconfigure.cache.CacheProperties' of type [org.springframework.boot.autoconfigure.cache.CacheProperties] is not eligible for getting processed by all BeanPostProcessors (for example: not eligible for auto-proxying)
2019-07-01 15:08:57.422 [INFO ] org.springframework.context.support.PostProcessorRegistrationDelegate$BeanPostProcessorChecker - Bean 'cacheManagerCustomizers' of type [org.springframework.boot.autoconfigure.cache.CacheManagerCustomizers] is not eligible for getting processed by all BeanPostProcessors (for example: not eligible for auto-proxying)
2019-07-01 15:08:57.424 [INFO ] org.springframework.context.support.PostProcessorRegistrationDelegate$BeanPostProcessorChecker - Bean 'org.springframework.boot.autoconfigure.cache.RedisCacheConfiguration' of type [org.springframework.boot.autoconfigure.cache.RedisCacheConfiguration$$EnhancerBySpringCGLIB$$92b7bdeb] is not eligible for getting processed by all BeanPostProcessors (for example: not eligible for auto-proxying)
2019-07-01 15:08:57.430 [INFO ] org.springframework.context.support.PostProcessorRegistrationDelegate$BeanPostProcessorChecker - Bean 'spring.redis-org.springframework.boot.autoconfigure.data.redis.RedisProperties' of type [org.springframework.boot.autoconfigure.data.redis.RedisProperties] is not eligible for getting processed by all BeanPostProcessors (for example: not eligible for auto-proxying)
2019-07-01 15:08:57.434 [INFO ] org.springframework.context.support.PostProcessorRegistrationDelegate$BeanPostProcessorChecker - Bean 'org.springframework.boot.autoconfigure.data.redis.LettuceConnectionConfiguration' of type [org.springframework.boot.autoconfigure.data.redis.LettuceConnectionConfiguration$$EnhancerBySpringCGLIB$$b9b9e519] is not eligible for getting processed by all BeanPostProcessors (for example: not eligible for auto-proxying)
2019-07-01 15:08:57.438 [INFO ] org.springframework.context.support.PostProcessorRegistrationDelegate$BeanPostProcessorChecker - Bean 'lettuceClientResources' of type [io.lettuce.core.resource.DefaultClientResources] is not eligible for getting processed by all BeanPostProcessors (for example: not eligible for auto-proxying)
2019-07-01 15:08:57.439 [INFO ] org.springframework.context.support.PostProcessorRegistrationDelegate$BeanPostProcessorChecker - Bean 'redisConnectionFactory' of type [org.springframework.data.redis.connection.lettuce.LettuceConnectionFactory] is not eligible for getting processed by all BeanPostProcessors (for example: not eligible for auto-proxying)
2019-07-01 15:08:57.452 [INFO ] org.springframework.context.support.PostProcessorRegistrationDelegate$BeanPostProcessorChecker - Bean 'cacheManager' of type [org.springframework.data.redis.cache.RedisCacheManager] is not eligible for getting processed by all BeanPostProcessors (for example: not eligible for auto-proxying)
2019-07-01 15:08:57.454 [INFO ] org.springframework.context.support.PostProcessorRegistrationDelegate$BeanPostProcessorChecker - Bean 'cacheAutoConfigurationValidator' of type [org.springframework.boot.autoconfigure.cache.CacheAutoConfiguration$CacheManagerValidator] is not eligible for getting processed by all BeanPostProcessors (for example: not eligible for auto-proxying)
2019-07-01 15:08:57.587 [INFO ] org.springframework.boot.web.embedded.tomcat.TomcatWebServer - Tomcat initialized with port(s): 8080 (http)
2019-07-01 15:08:57.588 [INFO ] org.apache.coyote.http11.Http11NioProtocol - Initializing ProtocolHandler ["http-nio-8080"]
2019-07-01 15:08:57.588 [INFO ] org.apache.catalina.core.StandardService - Starting service [Tomcat]
2019-07-01 15:08:57.588 [INFO ] org.apache.catalina.core.StandardEngine - Starting Servlet Engine: Apache Tomcat/8.5.28
2019-07-01 15:08:57.686 [INFO ] org.apache.jasper.servlet.TldScanner - At least one JAR was scanned for TLDs yet contained no TLDs. Enable debug logging for this logger for a complete list of JARs that were scanned but no TLDs were found in them. Skipping unneeded JARs during scanning can improve startup time and JSP compilation time.
2019-07-01 15:08:57.690 [INFO ] org.apache.catalina.core.ContainerBase.[Tomcat].[localhost].[/] - Initializing Spring embedded WebApplicationContext
2019-07-01 15:08:57.690 [INFO ] org.springframework.web.context.ContextLoader - Root WebApplicationContext: initialization completed in 1856 ms
2019-07-01 15:08:57.775 [INFO ] org.springframework.boot.web.servlet.FilterRegistrationBean - Mapping filter: 'characterEncodingFilter' to: [/*]
2019-07-01 15:08:57.775 [INFO ] org.springframework.boot.web.servlet.FilterRegistrationBean - Mapping filter: 'sessionRepositoryFilter' to: [/*]
2019-07-01 15:08:57.775 [INFO ] org.springframework.boot.web.servlet.FilterRegistrationBean - Mapping filter: 'hiddenHttpMethodFilter' to: [/*]
2019-07-01 15:08:57.775 [INFO ] org.springframework.boot.web.servlet.FilterRegistrationBean - Mapping filter: 'httpPutFormContentFilter' to: [/*]
2019-07-01 15:08:57.775 [INFO ] org.springframework.boot.web.servlet.FilterRegistrationBean - Mapping filter: 'requestContextFilter' to: [/*]
2019-07-01 15:08:57.775 [INFO ] org.springframework.boot.web.servlet.FilterRegistrationBean - Mapping filter: 'XSSFilter' to urls: [/*]
2019-07-01 15:08:57.776 [INFO ] org.springframework.boot.web.servlet.FilterRegistrationBean - Mapping filter: 'fileterMyFilter1' to: [/*]
2019-07-01 15:08:57.776 [INFO ] org.springframework.boot.web.servlet.ServletRegistrationBean - Servlet statViewServlet mapped to [/druid/*]
2019-07-01 15:08:57.776 [INFO ] org.springframework.boot.web.servlet.ServletRegistrationBean - Servlet dispatcherServlet mapped to [/]
2019-07-01 15:08:58.125 [INFO ] org.springframework.web.servlet.mvc.method.annotation.RequestMappingHandlerAdapter - Looking for @ControllerAdvice: org.springframework.boot.web.servlet.context.AnnotationConfigServletWebServerApplicationContext@75a9d4c4: startup date [Mon Jul 01 15:08:55 CST 2019]; root of context hierarchy
2019-07-01 15:08:58.143 [INFO ] org.springframework.web.servlet.mvc.method.annotation.RequestMappingHandlerMapping - Mapped "{[/mail]}" onto public java.lang.String com.example.controller.MailController.sendSimpleMail()
2019-07-01 15:08:58.144 [INFO ] org.springframework.web.servlet.mvc.method.annotation.RequestMappingHandlerMapping - Mapped "{[/weixintest/getWeChartCode]}" onto public java.lang.String com.example.controller.weixin.WeixinTestController.getWeChartCode() throws java.lang.Exception
2019-07-01 15:08:58.144 [INFO ] org.springframework.web.servlet.mvc.method.annotation.RequestMappingHandlerMapping - Mapped "{[/weixintest/displayPage]}" onto public java.lang.String com.example.controller.weixin.WeixinTestController.displayPage()
2019-07-01 15:08:58.144 [INFO ] org.springframework.web.servlet.mvc.method.annotation.RequestMappingHandlerMapping - Mapped "{[/weixintest/afterQueryPage]}" onto public java.lang.String com.example.controller.weixin.WeixinTestController.afterQueryPage()
2019-07-01 15:08:58.145 [INFO ] org.springframework.web.servlet.mvc.method.annotation.RequestMappingHandlerMapping - Mapped "{[/weixintest/callback]}" onto public java.lang.String com.example.controller.weixin.WeixinTestController.weChartCallback(java.lang.String,java.lang.String,javax.servlet.http.HttpServletRequest) throws java.lang.Exception
2019-07-01 15:08:58.145 [INFO ] org.springframework.web.servlet.mvc.method.annotation.RequestMappingHandlerMapping - Mapped "{[/dept/getAllDeptUser]}" onto public java.util.List<com.system.domain.Dept> com.system.controller.DeptController.getAllDeptUser()
2019-07-01 15:08:58.146 [INFO ] org.springframework.web.servlet.mvc.method.annotation.RequestMappingHandlerMapping - Mapped "{[/login/loginToMain]}" onto public java.lang.String com.system.controller.LoginController.loginToMain()
2019-07-01 15:08:58.146 [INFO ] org.springframework.web.servlet.mvc.method.annotation.RequestMappingHandlerMapping - Mapped "{[/login/login]}" onto public java.lang.String com.system.controller.LoginController.login()
2019-07-01 15:08:58.146 [INFO ] org.springframework.web.servlet.mvc.method.annotation.RequestMappingHandlerMapping - Mapped "{[/login/userLogin]}" onto public java.lang.String com.system.controller.LoginController.userLogin()
2019-07-01 15:08:58.147 [INFO ] org.springframework.web.servlet.mvc.method.annotation.RequestMappingHandlerMapping - Mapped "{[/user/uid]}" onto java.lang.String com.system.controller.UserController.uid()
2019-07-01 15:08:58.147 [INFO ] org.springframework.web.servlet.mvc.method.annotation.RequestMappingHandlerMapping - Mapped "{[/user/getUserByPage]}" onto public com.system.utils.MyPage com.system.controller.UserController.getUsersByPage()
2019-07-01 15:08:58.149 [INFO ] org.springframework.web.servlet.mvc.method.annotation.RequestMappingHandlerMapping - Mapped "{[/error]}" onto public org.springframework.http.ResponseEntity<java.util.Map<java.lang.String, java.lang.Object>> org.springframework.boot.autoconfigure.web.servlet.error.BasicErrorController.error(javax.servlet.http.HttpServletRequest)
2019-07-01 15:08:58.150 [INFO ] org.springframework.web.servlet.mvc.method.annotation.RequestMappingHandlerMapping - Mapped "{[/error],produces=[text/html]}" onto public org.springframework.web.servlet.ModelAndView org.springframework.boot.autoconfigure.web.servlet.error.BasicErrorController.errorHtml(javax.servlet.http.HttpServletRequest,javax.servlet.http.HttpServletResponse)
2019-07-01 15:08:58.184 [INFO ] org.springframework.web.servlet.handler.SimpleUrlHandlerMapping - Mapped URL path [/webjars/**] onto handler of type [class org.springframework.web.servlet.resource.ResourceHttpRequestHandler]
2019-07-01 15:08:58.184 [INFO ] org.springframework.web.servlet.handler.SimpleUrlHandlerMapping - Mapped URL path [/**] onto handler of type [class org.springframework.web.servlet.resource.ResourceHttpRequestHandler]
2019-07-01 15:08:58.224 [INFO ] org.springframework.web.servlet.handler.SimpleUrlHandlerMapping - Mapped URL path [/**/favicon.ico] onto handler of type [class org.springframework.web.servlet.resource.ResourceHttpRequestHandler]
2019-07-01 15:08:58.244 [INFO ] org.springframework.boot.autoconfigure.web.servlet.WelcomePageHandlerMapping - Adding welcome page template: index
2019-07-01 15:08:58.419 [INFO ] org.springframework.boot.devtools.autoconfigure.OptionalLiveReloadServer - LiveReload server is running on port 35729
2019-07-01 15:08:58.475 [INFO ] org.springframework.jmx.export.annotation.AnnotationMBeanExporter - Registering beans for JMX exposure on startup
2019-07-01 15:08:58.476 [INFO ] org.springframework.jmx.export.annotation.AnnotationMBeanExporter - Bean with name 'dataSource' has been autodetected for JMX exposure
2019-07-01 15:08:58.478 [INFO ] org.springframework.jmx.export.annotation.AnnotationMBeanExporter - Bean with name 'rabbitConnectionFactory' has been autodetected for JMX exposure
2019-07-01 15:08:58.479 [INFO ] org.springframework.jmx.export.annotation.AnnotationMBeanExporter - Located MBean 'dataSource': registering with JMX server as MBean [com.alibaba.druid.pool:name=dataSource,type=DruidDataSource]
2019-07-01 15:08:58.481 [INFO ] org.springframework.jmx.export.annotation.AnnotationMBeanExporter - Located managed bean 'rabbitConnectionFactory': registering with JMX server as MBean [org.springframework.amqp.rabbit.connection:name=rabbitConnectionFactory,type=CachingConnectionFactory]
2019-07-01 15:08:58.488 [INFO ] org.springframework.context.support.DefaultLifecycleProcessor - Starting beans in phase 2147483647
2019-07-01 15:08:58.497 [INFO ] org.springframework.scheduling.annotation.ScheduledAnnotationBeanPostProcessor - No TaskScheduler/ScheduledExecutorService bean found for scheduled processing
2019-07-01 15:08:58.499 [INFO ] org.apache.coyote.http11.Http11NioProtocol - Starting ProtocolHandler ["http-nio-8080"]
2019-07-01 15:08:58.500 [INFO ] org.apache.tomcat.util.net.NioSelectorPool - Using a shared selector for servlet write/read
2019-07-01 15:08:58.505 [INFO ] org.springframework.boot.web.embedded.tomcat.TomcatWebServer - Tomcat started on port(s): 8080 (http) with context path ''
2019-07-01 15:08:58.507 [INFO ] com.DemoApplication - Started DemoApplication in 2.777 seconds (JVM running for 23151.356)
2019-07-01 15:08:58.509 [INFO ] org.springframework.boot.devtools.autoconfigure.ConditionEvaluationDeltaLoggingListener - Condition evaluation unchanged
2019-07-01 15:19:15.158 [INFO ] org.springframework.boot.web.servlet.context.AnnotationConfigServletWebServerApplicationContext - Closing org.springframework.boot.web.servlet.context.AnnotationConfigServletWebServerApplicationContext@75a9d4c4: startup date [Mon Jul 01 15:08:55 CST 2019]; root of context hierarchy
2019-07-01 15:19:15.160 [INFO ] org.springframework.context.support.DefaultLifecycleProcessor - Stopping beans in phase 2147483647
2019-07-01 15:19:15.162 [INFO ] org.springframework.context.support.DefaultLifecycleProcessor - Stopping beans in phase 0
2019-07-01 15:19:15.163 [INFO ] org.springframework.jmx.export.annotation.AnnotationMBeanExporter - Unregistering JMX-exposed beans on shutdown
2019-07-01 15:19:15.163 [INFO ] org.springframework.jmx.export.annotation.AnnotationMBeanExporter - Unregistering JMX-exposed beans
2019-07-01 15:19:16.717 [INFO ] com.DemoApplication - Starting DemoApplication on LAPTOP-5FK7QVSQ with PID 18648 (E:\mywork_study\springboot_demo\target\classes started by ZHANGJUN in E:\mywork_study\springboot_demo)
2019-07-01 15:19:16.717 [INFO ] com.DemoApplication - The following profiles are active: dataSource,log,mybatis,mail,redis
2019-07-01 15:19:16.719 [INFO ] org.springframework.boot.web.servlet.context.AnnotationConfigServletWebServerApplicationContext - Refreshing org.springframework.boot.web.servlet.context.AnnotationConfigServletWebServerApplicationContext@6fffe95: startup date [Mon Jul 01 15:19:16 CST 2019]; root of context hierarchy
2019-07-01 15:19:17.871 [INFO ] org.springframework.data.repository.config.RepositoryConfigurationDelegate - Multiple Spring Data modules found, entering strict repository configuration mode!
2019-07-01 15:19:18.028 [INFO ] org.springframework.context.support.PostProcessorRegistrationDelegate$BeanPostProcessorChecker - Bean 'org.springframework.amqp.rabbit.annotation.RabbitBootstrapConfiguration' of type [org.springframework.amqp.rabbit.annotation.RabbitBootstrapConfiguration$$EnhancerBySpringCGLIB$$6b0be4fd] is not eligible for getting processed by all BeanPostProcessors (for example: not eligible for auto-proxying)
2019-07-01 15:19:18.036 [INFO ] org.springframework.context.support.PostProcessorRegistrationDelegate$BeanPostProcessorChecker - Bean 'redisConfiguration' of type [com.system.configruation.RedisConfiguration$$EnhancerBySpringCGLIB$$b8ce95ff] is not eligible for getting processed by all BeanPostProcessors (for example: not eligible for auto-proxying)
2019-07-01 15:19:18.038 [INFO ] org.springframework.context.support.PostProcessorRegistrationDelegate$BeanPostProcessorChecker - Bean 'org.springframework.transaction.annotation.ProxyTransactionManagementConfiguration' of type [org.springframework.transaction.annotation.ProxyTransactionManagementConfiguration$$EnhancerBySpringCGLIB$$a4a026cf] is not eligible for getting processed by all BeanPostProcessors (for example: not eligible for auto-proxying)
2019-07-01 15:19:18.042 [INFO ] org.springframework.context.support.PostProcessorRegistrationDelegate$BeanPostProcessorChecker - Bean 'org.springframework.cache.annotation.ProxyCachingConfiguration' of type [org.springframework.cache.annotation.ProxyCachingConfiguration$$EnhancerBySpringCGLIB$$edb25ced] is not eligible for getting processed by all BeanPostProcessors (for example: not eligible for auto-proxying)
2019-07-01 15:19:18.044 [INFO ] org.springframework.context.support.PostProcessorRegistrationDelegate$BeanPostProcessorChecker - Bean 'org.springframework.boot.autoconfigure.cache.CacheAutoConfiguration' of type [org.springframework.boot.autoconfigure.cache.CacheAutoConfiguration$$EnhancerBySpringCGLIB$$e2262191] is not eligible for getting processed by all BeanPostProcessors (for example: not eligible for auto-proxying)
2019-07-01 15:19:18.049 [INFO ] org.springframework.context.support.PostProcessorRegistrationDelegate$BeanPostProcessorChecker - Bean 'org.springframework.boot.context.properties.ConversionServiceDeducer$Factory' of type [org.springframework.boot.context.properties.ConversionServiceDeducer$Factory] is not eligible for getting processed by all BeanPostProcessors (for example: not eligible for auto-proxying)
2019-07-01 15:19:18.050 [INFO ] org.springframework.context.support.PostProcessorRegistrationDelegate$BeanPostProcessorChecker - Bean 'spring.cache-org.springframework.boot.autoconfigure.cache.CacheProperties' of type [org.springframework.boot.autoconfigure.cache.CacheProperties] is not eligible for getting processed by all BeanPostProcessors (for example: not eligible for auto-proxying)
2019-07-01 15:19:18.054 [INFO ] org.springframework.context.support.PostProcessorRegistrationDelegate$BeanPostProcessorChecker - Bean 'cacheManagerCustomizers' of type [org.springframework.boot.autoconfigure.cache.CacheManagerCustomizers] is not eligible for getting processed by all BeanPostProcessors (for example: not eligible for auto-proxying)
2019-07-01 15:19:18.056 [INFO ] org.springframework.context.support.PostProcessorRegistrationDelegate$BeanPostProcessorChecker - Bean 'org.springframework.boot.autoconfigure.cache.RedisCacheConfiguration' of type [org.springframework.boot.autoconfigure.cache.RedisCacheConfiguration$$EnhancerBySpringCGLIB$$92b7bdeb] is not eligible for getting processed by all BeanPostProcessors (for example: not eligible for auto-proxying)
2019-07-01 15:19:18.063 [INFO ] org.springframework.context.support.PostProcessorRegistrationDelegate$BeanPostProcessorChecker - Bean 'spring.redis-org.springframework.boot.autoconfigure.data.redis.RedisProperties' of type [org.springframework.boot.autoconfigure.data.redis.RedisProperties] is not eligible for getting processed by all BeanPostProcessors (for example: not eligible for auto-proxying)
2019-07-01 15:19:18.067 [INFO ] org.springframework.context.support.PostProcessorRegistrationDelegate$BeanPostProcessorChecker - Bean 'org.springframework.boot.autoconfigure.data.redis.LettuceConnectionConfiguration' of type [org.springframework.boot.autoconfigure.data.redis.LettuceConnectionConfiguration$$EnhancerBySpringCGLIB$$b9b9e519] is not eligible for getting processed by all BeanPostProcessors (for example: not eligible for auto-proxying)
2019-07-01 15:19:18.071 [INFO ] org.springframework.context.support.PostProcessorRegistrationDelegate$BeanPostProcessorChecker - Bean 'lettuceClientResources' of type [io.lettuce.core.resource.DefaultClientResources] is not eligible for getting processed by all BeanPostProcessors (for example: not eligible for auto-proxying)
2019-07-01 15:19:18.072 [INFO ] org.springframework.context.support.PostProcessorRegistrationDelegate$BeanPostProcessorChecker - Bean 'redisConnectionFactory' of type [org.springframework.data.redis.connection.lettuce.LettuceConnectionFactory] is not eligible for getting processed by all BeanPostProcessors (for example: not eligible for auto-proxying)
2019-07-01 15:19:18.082 [INFO ] org.springframework.context.support.PostProcessorRegistrationDelegate$BeanPostProcessorChecker - Bean 'cacheManager' of type [org.springframework.data.redis.cache.RedisCacheManager] is not eligible for getting processed by all BeanPostProcessors (for example: not eligible for auto-proxying)
2019-07-01 15:19:18.085 [INFO ] org.springframework.context.support.PostProcessorRegistrationDelegate$BeanPostProcessorChecker - Bean 'cacheAutoConfigurationValidator' of type [org.springframework.boot.autoconfigure.cache.CacheAutoConfiguration$CacheManagerValidator] is not eligible for getting processed by all BeanPostProcessors (for example: not eligible for auto-proxying)
2019-07-01 15:19:18.209 [INFO ] org.springframework.boot.web.embedded.tomcat.TomcatWebServer - Tomcat initialized with port(s): 8080 (http)
2019-07-01 15:19:18.210 [INFO ] org.apache.coyote.http11.Http11NioProtocol - Initializing ProtocolHandler ["http-nio-8080"]
2019-07-01 15:19:18.211 [INFO ] org.apache.catalina.core.StandardService - Starting service [Tomcat]
2019-07-01 15:19:18.211 [INFO ] org.apache.catalina.core.StandardEngine - Starting Servlet Engine: Apache Tomcat/8.5.28
2019-07-01 15:19:18.290 [INFO ] org.apache.jasper.servlet.TldScanner - At least one JAR was scanned for TLDs yet contained no TLDs. Enable debug logging for this logger for a complete list of JARs that were scanned but no TLDs were found in them. Skipping unneeded JARs during scanning can improve startup time and JSP compilation time.
2019-07-01 15:19:18.293 [INFO ] org.apache.catalina.core.ContainerBase.[Tomcat].[localhost].[/] - Initializing Spring embedded WebApplicationContext
2019-07-01 15:19:18.294 [INFO ] org.springframework.web.context.ContextLoader - Root WebApplicationContext: initialization completed in 1575 ms
2019-07-01 15:19:18.383 [INFO ] org.springframework.boot.web.servlet.FilterRegistrationBean - Mapping filter: 'characterEncodingFilter' to: [/*]
2019-07-01 15:19:18.383 [INFO ] org.springframework.boot.web.servlet.FilterRegistrationBean - Mapping filter: 'sessionRepositoryFilter' to: [/*]
2019-07-01 15:19:18.384 [INFO ] org.springframework.boot.web.servlet.FilterRegistrationBean - Mapping filter: 'hiddenHttpMethodFilter' to: [/*]
2019-07-01 15:19:18.384 [INFO ] org.springframework.boot.web.servlet.FilterRegistrationBean - Mapping filter: 'httpPutFormContentFilter' to: [/*]
2019-07-01 15:19:18.384 [INFO ] org.springframework.boot.web.servlet.FilterRegistrationBean - Mapping filter: 'requestContextFilter' to: [/*]
2019-07-01 15:19:18.384 [INFO ] org.springframework.boot.web.servlet.FilterRegistrationBean - Mapping filter: 'XSSFilter' to urls: [/*]
2019-07-01 15:19:18.384 [INFO ] org.springframework.boot.web.servlet.FilterRegistrationBean - Mapping filter: 'fileterMyFilter1' to: [/*]
2019-07-01 15:19:18.384 [INFO ] org.springframework.boot.web.servlet.ServletRegistrationBean - Servlet statViewServlet mapped to [/druid/*]
2019-07-01 15:19:18.384 [INFO ] org.springframework.boot.web.servlet.ServletRegistrationBean - Servlet dispatcherServlet mapped to [/]
2019-07-01 15:19:18.717 [INFO ] org.springframework.web.servlet.mvc.method.annotation.RequestMappingHandlerAdapter - Looking for @ControllerAdvice: org.springframework.boot.web.servlet.context.AnnotationConfigServletWebServerApplicationContext@6fffe95: startup date [Mon Jul 01 15:19:16 CST 2019]; root of context hierarchy
2019-07-01 15:19:18.731 [INFO ] org.springframework.web.servlet.mvc.method.annotation.RequestMappingHandlerMapping - Mapped "{[/mail]}" onto public java.lang.String com.example.controller.MailController.sendSimpleMail()
2019-07-01 15:19:18.734 [INFO ] org.springframework.web.servlet.mvc.method.annotation.RequestMappingHandlerMapping - Mapped "{[/weixintest/getWeChartCode]}" onto public java.lang.String com.example.controller.weixin.WeixinTestController.getWeChartCode() throws java.lang.Exception
2019-07-01 15:19:18.734 [INFO ] org.springframework.web.servlet.mvc.method.annotation.RequestMappingHandlerMapping - Mapped "{[/weixintest/displayPage]}" onto public java.lang.String com.example.controller.weixin.WeixinTestController.displayPage()
2019-07-01 15:19:18.734 [INFO ] org.springframework.web.servlet.mvc.method.annotation.RequestMappingHandlerMapping - Mapped "{[/weixintest/afterQueryPage]}" onto public java.lang.String com.example.controller.weixin.WeixinTestController.afterQueryPage()
2019-07-01 15:19:18.734 [INFO ] org.springframework.web.servlet.mvc.method.annotation.RequestMappingHandlerMapping - Mapped "{[/weixintest/callback]}" onto public java.lang.String com.example.controller.weixin.WeixinTestController.weChartCallback(java.lang.String,java.lang.String,javax.servlet.http.HttpServletRequest) throws java.lang.Exception
2019-07-01 15:19:18.735 [INFO ] org.springframework.web.servlet.mvc.method.annotation.RequestMappingHandlerMapping - Mapped "{[/dept/getAllDeptUser]}" onto public java.util.List<com.system.domain.Dept> com.system.controller.DeptController.getAllDeptUser()
2019-07-01 15:19:18.736 [INFO ] org.springframework.web.servlet.mvc.method.annotation.RequestMappingHandlerMapping - Mapped "{[/login/loginToMain]}" onto public java.lang.String com.system.controller.LoginController.loginToMain()
2019-07-01 15:19:18.736 [INFO ] org.springframework.web.servlet.mvc.method.annotation.RequestMappingHandlerMapping - Mapped "{[/login/login]}" onto public java.lang.String com.system.controller.LoginController.login()
2019-07-01 15:19:18.736 [INFO ] org.springframework.web.servlet.mvc.method.annotation.RequestMappingHandlerMapping - Mapped "{[/login/userLogin]}" onto public java.lang.String com.system.controller.LoginController.userLogin()
2019-07-01 15:19:18.737 [INFO ] org.springframework.web.servlet.mvc.method.annotation.RequestMappingHandlerMapping - Mapped "{[/user/uid]}" onto java.lang.String com.system.controller.UserController.uid()
2019-07-01 15:19:18.737 [INFO ] org.springframework.web.servlet.mvc.method.annotation.RequestMappingHandlerMapping - Mapped "{[/user/getUserByPage]}" onto public com.system.utils.MyPage com.system.controller.UserController.getUsersByPage()
2019-07-01 15:19:18.739 [INFO ] org.springframework.web.servlet.mvc.method.annotation.RequestMappingHandlerMapping - Mapped "{[/error]}" onto public org.springframework.http.ResponseEntity<java.util.Map<java.lang.String, java.lang.Object>> org.springframework.boot.autoconfigure.web.servlet.error.BasicErrorController.error(javax.servlet.http.HttpServletRequest)
2019-07-01 15:19:18.739 [INFO ] org.springframework.web.servlet.mvc.method.annotation.RequestMappingHandlerMapping - Mapped "{[/error],produces=[text/html]}" onto public org.springframework.web.servlet.ModelAndView org.springframework.boot.autoconfigure.web.servlet.error.BasicErrorController.errorHtml(javax.servlet.http.HttpServletRequest,javax.servlet.http.HttpServletResponse)
2019-07-01 15:19:18.765 [INFO ] org.springframework.web.servlet.handler.SimpleUrlHandlerMapping - Mapped URL path [/webjars/**] onto handler of type [class org.springframework.web.servlet.resource.ResourceHttpRequestHandler]
2019-07-01 15:19:18.765 [INFO ] org.springframework.web.servlet.handler.SimpleUrlHandlerMapping - Mapped URL path [/**] onto handler of type [class org.springframework.web.servlet.resource.ResourceHttpRequestHandler]
2019-07-01 15:19:18.796 [INFO ] org.springframework.web.servlet.handler.SimpleUrlHandlerMapping - Mapped URL path [/**/favicon.ico] onto handler of type [class org.springframework.web.servlet.resource.ResourceHttpRequestHandler]
2019-07-01 15:19:18.808 [INFO ] org.springframework.boot.autoconfigure.web.servlet.WelcomePageHandlerMapping - Adding welcome page template: index
2019-07-01 15:19:18.950 [INFO ] org.springframework.boot.devtools.autoconfigure.OptionalLiveReloadServer - LiveReload server is running on port 35729
2019-07-01 15:19:19.001 [INFO ] org.springframework.jmx.export.annotation.AnnotationMBeanExporter - Registering beans for JMX exposure on startup
2019-07-01 15:19:19.002 [INFO ] org.springframework.jmx.export.annotation.AnnotationMBeanExporter - Bean with name 'dataSource' has been autodetected for JMX exposure
2019-07-01 15:19:19.005 [INFO ] org.springframework.jmx.export.annotation.AnnotationMBeanExporter - Bean with name 'rabbitConnectionFactory' has been autodetected for JMX exposure
2019-07-01 15:19:19.006 [INFO ] org.springframework.jmx.export.annotation.AnnotationMBeanExporter - Located MBean 'dataSource': registering with JMX server as MBean [com.alibaba.druid.pool:name=dataSource,type=DruidDataSource]
2019-07-01 15:19:19.007 [INFO ] org.springframework.jmx.export.annotation.AnnotationMBeanExporter - Located managed bean 'rabbitConnectionFactory': registering with JMX server as MBean [org.springframework.amqp.rabbit.connection:name=rabbitConnectionFactory,type=CachingConnectionFactory]
2019-07-01 15:19:19.015 [INFO ] org.springframework.context.support.DefaultLifecycleProcessor - Starting beans in phase 2147483647
2019-07-01 15:19:19.021 [INFO ] org.springframework.scheduling.annotation.ScheduledAnnotationBeanPostProcessor - No TaskScheduler/ScheduledExecutorService bean found for scheduled processing
2019-07-01 15:19:19.022 [INFO ] org.apache.coyote.http11.Http11NioProtocol - Starting ProtocolHandler ["http-nio-8080"]
2019-07-01 15:19:19.023 [INFO ] org.apache.tomcat.util.net.NioSelectorPool - Using a shared selector for servlet write/read
2019-07-01 15:19:19.028 [INFO ] org.springframework.boot.web.embedded.tomcat.TomcatWebServer - Tomcat started on port(s): 8080 (http) with context path ''
2019-07-01 15:19:19.028 [INFO ] com.DemoApplication - Started DemoApplication in 2.381 seconds (JVM running for 23771.879)
2019-07-01 15:19:19.031 [INFO ] org.springframework.boot.devtools.autoconfigure.ConditionEvaluationDeltaLoggingListener - Condition evaluation unchanged
2019-07-01 16:17:40.635 [INFO ] org.springframework.boot.web.servlet.context.AnnotationConfigServletWebServerApplicationContext - Closing org.springframework.boot.web.servlet.context.AnnotationConfigServletWebServerApplicationContext@6fffe95: startup date [Mon Jul 01 15:19:16 CST 2019]; root of context hierarchy
2019-07-01 16:17:40.647 [INFO ] org.springframework.context.support.DefaultLifecycleProcessor - Stopping beans in phase 2147483647
2019-07-01 16:17:40.651 [INFO ] org.springframework.context.support.DefaultLifecycleProcessor - Stopping beans in phase 0
2019-07-01 16:17:40.653 [INFO ] org.springframework.jmx.export.annotation.AnnotationMBeanExporter - Unregistering JMX-exposed beans on shutdown
2019-07-01 16:17:40.653 [INFO ] org.springframework.jmx.export.annotation.AnnotationMBeanExporter - Unregistering JMX-exposed beans
2019-07-01 16:17:42.305 [INFO ] com.DemoApplication - Starting DemoApplication on LAPTOP-5FK7QVSQ with PID 18648 (E:\mywork_study\springboot_demo\target\classes started by ZHANGJUN in E:\mywork_study\springboot_demo)
2019-07-01 16:17:42.305 [INFO ] com.DemoApplication - The following profiles are active: dataSource,log,mybatis,mail,redis
2019-07-01 16:17:42.308 [INFO ] org.springframework.boot.web.servlet.context.AnnotationConfigServletWebServerApplicationContext - Refreshing org.springframework.boot.web.servlet.context.AnnotationConfigServletWebServerApplicationContext@434de097: startup date [Mon Jul 01 16:17:42 CST 2019]; root of context hierarchy
2019-07-01 16:17:43.382 [INFO ] org.springframework.data.repository.config.RepositoryConfigurationDelegate - Multiple Spring Data modules found, entering strict repository configuration mode!
2019-07-01 16:17:43.522 [INFO ] org.springframework.context.support.PostProcessorRegistrationDelegate$BeanPostProcessorChecker - Bean 'org.springframework.amqp.rabbit.annotation.RabbitBootstrapConfiguration' of type [org.springframework.amqp.rabbit.annotation.RabbitBootstrapConfiguration$$EnhancerBySpringCGLIB$$6b0be4fd] is not eligible for getting processed by all BeanPostProcessors (for example: not eligible for auto-proxying)
2019-07-01 16:17:43.531 [INFO ] org.springframework.context.support.PostProcessorRegistrationDelegate$BeanPostProcessorChecker - Bean 'redisConfiguration' of type [com.system.configruation.RedisConfiguration$$EnhancerBySpringCGLIB$$b8ce95ff] is not eligible for getting processed by all BeanPostProcessors (for example: not eligible for auto-proxying)
2019-07-01 16:17:43.534 [INFO ] org.springframework.context.support.PostProcessorRegistrationDelegate$BeanPostProcessorChecker - Bean 'org.springframework.transaction.annotation.ProxyTransactionManagementConfiguration' of type [org.springframework.transaction.annotation.ProxyTransactionManagementConfiguration$$EnhancerBySpringCGLIB$$a4a026cf] is not eligible for getting processed by all BeanPostProcessors (for example: not eligible for auto-proxying)
2019-07-01 16:17:43.541 [INFO ] org.springframework.context.support.PostProcessorRegistrationDelegate$BeanPostProcessorChecker - Bean 'org.springframework.cache.annotation.ProxyCachingConfiguration' of type [org.springframework.cache.annotation.ProxyCachingConfiguration$$EnhancerBySpringCGLIB$$edb25ced] is not eligible for getting processed by all BeanPostProcessors (for example: not eligible for auto-proxying)
2019-07-01 16:17:43.543 [INFO ] org.springframework.context.support.PostProcessorRegistrationDelegate$BeanPostProcessorChecker - Bean 'org.springframework.boot.autoconfigure.cache.CacheAutoConfiguration' of type [org.springframework.boot.autoconfigure.cache.CacheAutoConfiguration$$EnhancerBySpringCGLIB$$e2262191] is not eligible for getting processed by all BeanPostProcessors (for example: not eligible for auto-proxying)
2019-07-01 16:17:43.547 [INFO ] org.springframework.context.support.PostProcessorRegistrationDelegate$BeanPostProcessorChecker - Bean 'org.springframework.boot.context.properties.ConversionServiceDeducer$Factory' of type [org.springframework.boot.context.properties.ConversionServiceDeducer$Factory] is not eligible for getting processed by all BeanPostProcessors (for example: not eligible for auto-proxying)
2019-07-01 16:17:43.548 [INFO ] org.springframework.context.support.PostProcessorRegistrationDelegate$BeanPostProcessorChecker - Bean 'spring.cache-org.springframework.boot.autoconfigure.cache.CacheProperties' of type [org.springframework.boot.autoconfigure.cache.CacheProperties] is not eligible for getting processed by all BeanPostProcessors (for example: not eligible for auto-proxying)
2019-07-01 16:17:43.551 [INFO ] org.springframework.context.support.PostProcessorRegistrationDelegate$BeanPostProcessorChecker - Bean 'cacheManagerCustomizers' of type [org.springframework.boot.autoconfigure.cache.CacheManagerCustomizers] is not eligible for getting processed by all BeanPostProcessors (for example: not eligible for auto-proxying)
2019-07-01 16:17:43.552 [INFO ] org.springframework.context.support.PostProcessorRegistrationDelegate$BeanPostProcessorChecker - Bean 'org.springframework.boot.autoconfigure.cache.RedisCacheConfiguration' of type [org.springframework.boot.autoconfigure.cache.RedisCacheConfiguration$$EnhancerBySpringCGLIB$$92b7bdeb] is not eligible for getting processed by all BeanPostProcessors (for example: not eligible for auto-proxying)
2019-07-01 16:17:43.556 [INFO ] org.springframework.context.support.PostProcessorRegistrationDelegate$BeanPostProcessorChecker - Bean 'spring.redis-org.springframework.boot.autoconfigure.data.redis.RedisProperties' of type [org.springframework.boot.autoconfigure.data.redis.RedisProperties] is not eligible for getting processed by all BeanPostProcessors (for example: not eligible for auto-proxying)
2019-07-01 16:17:43.559 [INFO ] org.springframework.context.support.PostProcessorRegistrationDelegate$BeanPostProcessorChecker - Bean 'org.springframework.boot.autoconfigure.data.redis.LettuceConnectionConfiguration' of type [org.springframework.boot.autoconfigure.data.redis.LettuceConnectionConfiguration$$EnhancerBySpringCGLIB$$b9b9e519] is not eligible for getting processed by all BeanPostProcessors (for example: not eligible for auto-proxying)
2019-07-01 16:17:43.563 [INFO ] org.springframework.context.support.PostProcessorRegistrationDelegate$BeanPostProcessorChecker - Bean 'lettuceClientResources' of type [io.lettuce.core.resource.DefaultClientResources] is not eligible for getting processed by all BeanPostProcessors (for example: not eligible for auto-proxying)
2019-07-01 16:17:43.564 [INFO ] org.springframework.context.support.PostProcessorRegistrationDelegate$BeanPostProcessorChecker - Bean 'redisConnectionFactory' of type [org.springframework.data.redis.connection.lettuce.LettuceConnectionFactory] is not eligible for getting processed by all BeanPostProcessors (for example: not eligible for auto-proxying)
2019-07-01 16:17:43.570 [INFO ] org.springframework.context.support.PostProcessorRegistrationDelegate$BeanPostProcessorChecker - Bean 'cacheManager' of type [org.springframework.data.redis.cache.RedisCacheManager] is not eligible for getting processed by all BeanPostProcessors (for example: not eligible for auto-proxying)
2019-07-01 16:17:43.571 [INFO ] org.springframework.context.support.PostProcessorRegistrationDelegate$BeanPostProcessorChecker - Bean 'cacheAutoConfigurationValidator' of type [org.springframework.boot.autoconfigure.cache.CacheAutoConfiguration$CacheManagerValidator] is not eligible for getting processed by all BeanPostProcessors (for example: not eligible for auto-proxying)
2019-07-01 16:17:43.681 [INFO ] org.springframework.boot.web.embedded.tomcat.TomcatWebServer - Tomcat initialized with port(s): 8080 (http)
2019-07-01 16:17:43.681 [INFO ] org.apache.coyote.http11.Http11NioProtocol - Initializing ProtocolHandler ["http-nio-8080"]
2019-07-01 16:17:43.682 [INFO ] org.apache.catalina.core.StandardService - Starting service [Tomcat]
2019-07-01 16:17:43.682 [INFO ] org.apache.catalina.core.StandardEngine - Starting Servlet Engine: Apache Tomcat/8.5.28
2019-07-01 16:17:43.761 [INFO ] org.apache.jasper.servlet.TldScanner - At least one JAR was scanned for TLDs yet contained no TLDs. Enable debug logging for this logger for a complete list of JARs that were scanned but no TLDs were found in them. Skipping unneeded JARs during scanning can improve startup time and JSP compilation time.
2019-07-01 16:17:43.764 [INFO ] org.apache.catalina.core.ContainerBase.[Tomcat].[localhost].[/] - Initializing Spring embedded WebApplicationContext
2019-07-01 16:17:43.764 [INFO ] org.springframework.web.context.ContextLoader - Root WebApplicationContext: initialization completed in 1456 ms
2019-07-01 16:17:43.867 [INFO ] org.springframework.boot.web.servlet.FilterRegistrationBean - Mapping filter: 'characterEncodingFilter' to: [/*]
2019-07-01 16:17:43.867 [INFO ] org.springframework.boot.web.servlet.FilterRegistrationBean - Mapping filter: 'sessionRepositoryFilter' to: [/*]
2019-07-01 16:17:43.868 [INFO ] org.springframework.boot.web.servlet.FilterRegistrationBean - Mapping filter: 'hiddenHttpMethodFilter' to: [/*]
2019-07-01 16:17:43.868 [INFO ] org.springframework.boot.web.servlet.FilterRegistrationBean - Mapping filter: 'httpPutFormContentFilter' to: [/*]
2019-07-01 16:17:43.868 [INFO ] org.springframework.boot.web.servlet.FilterRegistrationBean - Mapping filter: 'requestContextFilter' to: [/*]
2019-07-01 16:17:43.868 [INFO ] org.springframework.boot.web.servlet.FilterRegistrationBean - Mapping filter: 'XSSFilter' to urls: [/*]
2019-07-01 16:17:43.868 [INFO ] org.springframework.boot.web.servlet.FilterRegistrationBean - Mapping filter: 'fileterMyFilter1' to: [/*]
2019-07-01 16:17:43.868 [INFO ] org.springframework.boot.web.servlet.ServletRegistrationBean - Servlet statViewServlet mapped to [/druid/*]
2019-07-01 16:17:43.868 [INFO ] org.springframework.boot.web.servlet.ServletRegistrationBean - Servlet dispatcherServlet mapped to [/]
2019-07-01 16:17:44.182 [INFO ] org.springframework.web.servlet.mvc.method.annotation.RequestMappingHandlerAdapter - Looking for @ControllerAdvice: org.springframework.boot.web.servlet.context.AnnotationConfigServletWebServerApplicationContext@434de097: startup date [Mon Jul 01 16:17:42 CST 2019]; root of context hierarchy
2019-07-01 16:17:44.196 [INFO ] org.springframework.web.servlet.mvc.method.annotation.RequestMappingHandlerMapping - Mapped "{[/mail]}" onto public java.lang.String com.example.controller.MailController.sendSimpleMail()
2019-07-01 16:17:44.197 [INFO ] org.springframework.web.servlet.mvc.method.annotation.RequestMappingHandlerMapping - Mapped "{[/weixintest/getWeChartCode]}" onto public java.lang.String com.example.controller.weixin.WeixinTestController.getWeChartCode() throws java.lang.Exception
2019-07-01 16:17:44.197 [INFO ] org.springframework.web.servlet.mvc.method.annotation.RequestMappingHandlerMapping - Mapped "{[/weixintest/displayPage]}" onto public java.lang.String com.example.controller.weixin.WeixinTestController.displayPage()
2019-07-01 16:17:44.197 [INFO ] org.springframework.web.servlet.mvc.method.annotation.RequestMappingHandlerMapping - Mapped "{[/weixintest/afterQueryPage]}" onto public java.lang.String com.example.controller.weixin.WeixinTestController.afterQueryPage()
2019-07-01 16:17:44.197 [INFO ] org.springframework.web.servlet.mvc.method.annotation.RequestMappingHandlerMapping - Mapped "{[/weixintest/callback]}" onto public java.lang.String com.example.controller.weixin.WeixinTestController.weChartCallback(java.lang.String,java.lang.String,javax.servlet.http.HttpServletRequest) throws java.lang.Exception
2019-07-01 16:17:44.198 [INFO ] org.springframework.web.servlet.mvc.method.annotation.RequestMappingHandlerMapping - Mapped "{[/dept/getAllDeptUser]}" onto public java.util.List<com.system.domain.Dept> com.system.controller.DeptController.getAllDeptUser()
2019-07-01 16:17:44.198 [INFO ] org.springframework.web.servlet.mvc.method.annotation.RequestMappingHandlerMapping - Mapped "{[/login/loginToMain]}" onto public java.lang.String com.system.controller.LoginController.loginToMain()
2019-07-01 16:17:44.198 [INFO ] org.springframework.web.servlet.mvc.method.annotation.RequestMappingHandlerMapping - Mapped "{[/login/login]}" onto public java.lang.String com.system.controller.LoginController.login()
2019-07-01 16:17:44.199 [INFO ] org.springframework.web.servlet.mvc.method.annotation.RequestMappingHandlerMapping - Mapped "{[/login/userLogin]}" onto public java.lang.String com.system.controller.LoginController.userLogin()
2019-07-01 16:17:44.199 [INFO ] org.springframework.web.servlet.mvc.method.annotation.RequestMappingHandlerMapping - Mapped "{[/user/uid]}" onto java.lang.String com.system.controller.UserController.uid()
2019-07-01 16:17:44.199 [INFO ] org.springframework.web.servlet.mvc.method.annotation.RequestMappingHandlerMapping - Mapped "{[/user/getUserByPage]}" onto public com.system.utils.MyPage com.system.controller.UserController.getUsersByPage()
2019-07-01 16:17:44.200 [INFO ] org.springframework.web.servlet.mvc.method.annotation.RequestMappingHandlerMapping - Mapped "{[/error]}" onto public org.springframework.http.ResponseEntity<java.util.Map<java.lang.String, java.lang.Object>> org.springframework.boot.autoconfigure.web.servlet.error.BasicErrorController.error(javax.servlet.http.HttpServletRequest)
2019-07-01 16:17:44.201 [INFO ] org.springframework.web.servlet.mvc.method.annotation.RequestMappingHandlerMapping - Mapped "{[/error],produces=[text/html]}" onto public org.springframework.web.servlet.ModelAndView org.springframework.boot.autoconfigure.web.servlet.error.BasicErrorController.errorHtml(javax.servlet.http.HttpServletRequest,javax.servlet.http.HttpServletResponse)
2019-07-01 16:17:44.222 [INFO ] org.springframework.web.servlet.handler.SimpleUrlHandlerMapping - Mapped URL path [/webjars/**] onto handler of type [class org.springframework.web.servlet.resource.ResourceHttpRequestHandler]
2019-07-01 16:17:44.223 [INFO ] org.springframework.web.servlet.handler.SimpleUrlHandlerMapping - Mapped URL path [/**] onto handler of type [class org.springframework.web.servlet.resource.ResourceHttpRequestHandler]
2019-07-01 16:17:44.244 [INFO ] org.springframework.web.servlet.handler.SimpleUrlHandlerMapping - Mapped URL path [/**/favicon.ico] onto handler of type [class org.springframework.web.servlet.resource.ResourceHttpRequestHandler]
2019-07-01 16:17:44.256 [INFO ] org.springframework.boot.autoconfigure.web.servlet.WelcomePageHandlerMapping - Adding welcome page template: index
2019-07-01 16:17:44.372 [INFO ] org.springframework.boot.devtools.autoconfigure.OptionalLiveReloadServer - LiveReload server is running on port 35729
2019-07-01 16:17:44.409 [INFO ] org.springframework.jmx.export.annotation.AnnotationMBeanExporter - Registering beans for JMX exposure on startup
2019-07-01 16:17:44.410 [INFO ] org.springframework.jmx.export.annotation.AnnotationMBeanExporter - Bean with name 'dataSource' has been autodetected for JMX exposure
2019-07-01 16:17:44.411 [INFO ] org.springframework.jmx.export.annotation.AnnotationMBeanExporter - Bean with name 'rabbitConnectionFactory' has been autodetected for JMX exposure
2019-07-01 16:17:44.412 [INFO ] org.springframework.jmx.export.annotation.AnnotationMBeanExporter - Located MBean 'dataSource': registering with JMX server as MBean [com.alibaba.druid.pool:name=dataSource,type=DruidDataSource]
2019-07-01 16:17:44.413 [INFO ] org.springframework.jmx.export.annotation.AnnotationMBeanExporter - Located managed bean 'rabbitConnectionFactory': registering with JMX server as MBean [org.springframework.amqp.rabbit.connection:name=rabbitConnectionFactory,type=CachingConnectionFactory]
2019-07-01 16:17:44.416 [INFO ] org.springframework.context.support.DefaultLifecycleProcessor - Starting beans in phase 2147483647
2019-07-01 16:17:44.423 [INFO ] org.springframework.scheduling.annotation.ScheduledAnnotationBeanPostProcessor - No TaskScheduler/ScheduledExecutorService bean found for scheduled processing
2019-07-01 16:17:44.424 [INFO ] org.apache.coyote.http11.Http11NioProtocol - Starting ProtocolHandler ["http-nio-8080"]
2019-07-01 16:17:44.425 [INFO ] org.apache.tomcat.util.net.NioSelectorPool - Using a shared selector for servlet write/read
2019-07-01 16:17:44.430 [INFO ] org.springframework.boot.web.embedded.tomcat.TomcatWebServer - Tomcat started on port(s): 8080 (http) with context path ''
2019-07-01 16:17:44.430 [INFO ] com.DemoApplication - Started DemoApplication in 2.213 seconds (JVM running for 27277.281)
2019-07-01 16:17:44.432 [INFO ] org.springframework.boot.devtools.autoconfigure.ConditionEvaluationDeltaLoggingListener - Condition evaluation unchanged
