2018-12-03 14:58:31.810 [ERROR] org.springframework.boot.SpringApplication - Application startup failed
java.lang.IllegalStateException: java.lang.IllegalStateException: Logback configuration error detected: 
ERROR in ch.qos.logback.core.rolling.RollingFileAppender[DEBUG] - 'FileNamePattern' option has the same value "E:Demo_core_Log/info/%d{yyyy-MM-dd}/my-demo-%i.log" as that given for appender [INFO] defined earlier.
ERROR in ch.qos.logback.core.rolling.RollingFileAppender[DEBUG] - Collisions detected with FileAppender/RollingAppender instances defined earlier. Aborting.
ERROR in ch.qos.logback.core.rolling.RollingFileAppender[DEBUG] - For more information, please visit http://logback.qos.ch/codes.html#earlier_fa_collision
ERROR in ch.qos.logback.core.rolling.RollingFileAppender[TRACE] - 'FileNamePattern' option has the same value "E:Demo_core_Log/info/%d{yyyy-MM-dd}/my-demo-%i.log" as that given for appender [INFO] defined earlier.
ERROR in ch.qos.logback.core.rolling.RollingFileAppender[TRACE] - 'FileNamePattern' option has the same value "E:Demo_core_Log/info/%d{yyyy-MM-dd}/my-demo-%i.log" as that given for appender [DEBUG] defined earlier.
ERROR in ch.qos.logback.core.rolling.RollingFileAppender[TRACE] - Collisions detected with FileAppender/RollingAppender instances defined earlier. Aborting.
ERROR in ch.qos.logback.core.rolling.RollingFileAppender[TRACE] - For more information, please visit http://logback.qos.ch/codes.html#earlier_fa_collision
	at org.springframework.boot.logging.LoggingApplicationListener.initializeSystem(LoggingApplicationListener.java:316)
	at org.springframework.boot.logging.LoggingApplicationListener.initialize(LoggingApplicationListener.java:277)
	at org.springframework.boot.logging.LoggingApplicationListener.onApplicationEnvironmentPreparedEvent(LoggingApplicationListener.java:240)
	at org.springframework.boot.logging.LoggingApplicationListener.onApplicationEvent(LoggingApplicationListener.java:213)
	at org.springframework.context.event.SimpleApplicationEventMulticaster.doInvokeListener(SimpleApplicationEventMulticaster.java:172)
	at org.springframework.context.event.SimpleApplicationEventMulticaster.invokeListener(SimpleApplicationEventMulticaster.java:165)
	at org.springframework.context.event.SimpleApplicationEventMulticaster.multicastEvent(SimpleApplicationEventMulticaster.java:139)
	at org.springframework.context.event.SimpleApplicationEventMulticaster.multicastEvent(SimpleApplicationEventMulticaster.java:122)
	at org.springframework.boot.context.event.EventPublishingRunListener.environmentPrepared(EventPublishingRunListener.java:74)
	at org.springframework.boot.SpringApplicationRunListeners.environmentPrepared(SpringApplicationRunListeners.java:54)
	at org.springframework.boot.SpringApplication.prepareEnvironment(SpringApplication.java:325)
	at org.springframework.boot.SpringApplication.run(SpringApplication.java:296)
	at org.springframework.boot.SpringApplication.run(SpringApplication.java:1118)
	at org.springframework.boot.SpringApplication.run(SpringApplication.java:1107)
	at com.DemoApplication.main(DemoApplication.java:13)
	at sun.reflect.NativeMethodAccessorImpl.invoke0(Native Method)
	at sun.reflect.NativeMethodAccessorImpl.invoke(Unknown Source)
	at sun.reflect.DelegatingMethodAccessorImpl.invoke(Unknown Source)
	at java.lang.reflect.Method.invoke(Unknown Source)
	at org.springframework.boot.devtools.restart.RestartLauncher.run(RestartLauncher.java:49)
Caused by: java.lang.IllegalStateException: Logback configuration error detected: 
ERROR in ch.qos.logback.core.rolling.RollingFileAppender[DEBUG] - 'FileNamePattern' option has the same value "E:Demo_core_Log/info/%d{yyyy-MM-dd}/my-demo-%i.log" as that given for appender [INFO] defined earlier.
ERROR in ch.qos.logback.core.rolling.RollingFileAppender[DEBUG] - Collisions detected with FileAppender/RollingAppender instances defined earlier. Aborting.
ERROR in ch.qos.logback.core.rolling.RollingFileAppender[DEBUG] - For more information, please visit http://logback.qos.ch/codes.html#earlier_fa_collision
ERROR in ch.qos.logback.core.rolling.RollingFileAppender[TRACE] - 'FileNamePattern' option has the same value "E:Demo_core_Log/info/%d{yyyy-MM-dd}/my-demo-%i.log" as that given for appender [INFO] defined earlier.
ERROR in ch.qos.logback.core.rolling.RollingFileAppender[TRACE] - 'FileNamePattern' option has the same value "E:Demo_core_Log/info/%d{yyyy-MM-dd}/my-demo-%i.log" as that given for appender [DEBUG] defined earlier.
ERROR in ch.qos.logback.core.rolling.RollingFileAppender[TRACE] - Collisions detected with FileAppender/RollingAppender instances defined earlier. Aborting.
ERROR in ch.qos.logback.core.rolling.RollingFileAppender[TRACE] - For more information, please visit http://logback.qos.ch/codes.html#earlier_fa_collision
	at org.springframework.boot.logging.logback.LogbackLoggingSystem.loadConfiguration(LogbackLoggingSystem.java:162)
	at org.springframework.boot.logging.AbstractLoggingSystem.initializeWithSpecificConfig(AbstractLoggingSystem.java:66)
	at org.springframework.boot.logging.AbstractLoggingSystem.initialize(AbstractLoggingSystem.java:56)
	at org.springframework.boot.logging.logback.LogbackLoggingSystem.initialize(LogbackLoggingSystem.java:114)
	at org.springframework.boot.logging.LoggingApplicationListener.initializeSystem(LoggingApplicationListener.java:309)
	... 19 common frames omitted
