2018-12-03 15:08:36.143 [INFO ] com.DemoApplication - Starting DemoApplication on LAPTOP-5FK7QVSQ with PID 13620 (E:\mywork2\demo\demo\target\classes started by ZHANGJUN in E:\mywork2\demo\demo)
2018-12-03 15:08:36.144 [INFO ] com.DemoApplication - The following profiles are active: dataSource,log
2018-12-03 15:08:36.198 [INFO ] org.springframework.boot.context.embedded.AnnotationConfigEmbeddedWebApplicationContext - Refreshing org.springframework.boot.context.embedded.AnnotationConfigEmbeddedWebApplicationContext@6a485d31: startup date [Mon Dec 03 15:08:36 CST 2018]; root of context hierarchy
2018-12-03 15:08:41.778 [INFO ] org.springframework.context.support.PostProcessorRegistrationDelegate$BeanPostProcessorChecker - Bean 'org.springframework.transaction.annotation.ProxyTransactionManagementConfiguration' of type [org.springframework.transaction.annotation.ProxyTransactionManagementConfiguration$$EnhancerBySpringCGLIB$$9c7b65cd] is not eligible for getting processed by all BeanPostProcessors (for example: not eligible for auto-proxying)
2018-12-03 15:08:42.506 [INFO ] org.springframework.boot.context.embedded.tomcat.TomcatEmbeddedServletContainer - Tomcat initialized with port(s): 8080 (http)
2018-12-03 15:08:42.520 [INFO ] org.apache.coyote.http11.Http11NioProtocol - Initializing ProtocolHandler ["http-nio-8080"]
2018-12-03 15:08:42.532 [INFO ] org.apache.catalina.core.StandardService - Starting service [Tomcat]
2018-12-03 15:08:42.533 [INFO ] org.apache.catalina.core.StandardEngine - Starting Servlet Engine: Apache Tomcat/8.5.34
2018-12-03 15:08:42.853 [INFO ] org.apache.jasper.servlet.TldScanner - At least one JAR was scanned for TLDs yet contained no TLDs. Enable debug logging for this logger for a complete list of JARs that were scanned but no TLDs were found in them. Skipping unneeded JARs during scanning can improve startup time and JSP compilation time.
2018-12-03 15:08:42.861 [INFO ] org.apache.catalina.core.ContainerBase.[Tomcat].[localhost].[/demo] - Initializing Spring embedded WebApplicationContext
2018-12-03 15:08:42.862 [INFO ] org.springframework.web.context.ContextLoader - Root WebApplicationContext: initialization completed in 6664 ms
2018-12-03 15:08:43.133 [INFO ] org.springframework.boot.web.servlet.FilterRegistrationBean - Mapping filter: 'characterEncodingFilter' to: [/*]
2018-12-03 15:08:43.133 [INFO ] org.springframework.boot.web.servlet.FilterRegistrationBean - Mapping filter: 'hiddenHttpMethodFilter' to: [/*]
2018-12-03 15:08:43.134 [INFO ] org.springframework.boot.web.servlet.FilterRegistrationBean - Mapping filter: 'httpPutFormContentFilter' to: [/*]
2018-12-03 15:08:43.134 [INFO ] org.springframework.boot.web.servlet.FilterRegistrationBean - Mapping filter: 'requestContextFilter' to: [/*]
2018-12-03 15:08:43.134 [INFO ] org.springframework.boot.web.servlet.FilterRegistrationBean - Mapping filter: 'MyFilter' to urls: [/*]
2018-12-03 15:08:43.134 [INFO ] org.springframework.boot.web.servlet.FilterRegistrationBean - Mapping filter: 'fileterMyFilter1' to: [/*]
2018-12-03 15:08:43.134 [INFO ] org.springframework.boot.web.servlet.ServletRegistrationBean - Mapping servlet: 'statViewServlet' to [/druid/*]
2018-12-03 15:08:43.135 [INFO ] org.springframework.boot.web.servlet.ServletRegistrationBean - Mapping servlet: 'dispatcherServlet' to [/]
2018-12-03 15:08:43.397 [INFO ] com.alibaba.druid.pool.DruidDataSource - {dataSource-1} inited
2018-12-03 15:08:44.814 [INFO ] org.springframework.orm.jpa.LocalContainerEntityManagerFactoryBean - Building JPA container EntityManagerFactory for persistence unit 'default'
2018-12-03 15:08:45.729 [INFO ] org.springframework.orm.jpa.LocalContainerEntityManagerFactoryBean - Initialized JPA EntityManagerFactory for persistence unit 'default'
2018-12-03 15:08:46.424 [INFO ] org.springframework.web.servlet.mvc.method.annotation.RequestMappingHandlerAdapter - Looking for @ControllerAdvice: org.springframework.boot.context.embedded.AnnotationConfigEmbeddedWebApplicationContext@6a485d31: startup date [Mon Dec 03 15:08:36 CST 2018]; root of context hierarchy
2018-12-03 15:08:46.509 [INFO ] org.springframework.web.servlet.mvc.method.annotation.RequestMappingHandlerMapping - Mapped "{[/hello]}" onto public java.lang.String com.example.controller.HelloWordController.index()
2018-12-03 15:08:46.510 [INFO ] org.springframework.web.servlet.mvc.method.annotation.RequestMappingHandlerMapping - Mapped "{[/user]}" onto public java.lang.String com.example.controller.HelloWordController.user()
2018-12-03 15:08:46.510 [INFO ] org.springframework.web.servlet.mvc.method.annotation.RequestMappingHandlerMapping - Mapped "{[/mail]}" onto public java.lang.String com.example.controller.MailController.sendSimpleMail()
2018-12-03 15:08:46.512 [INFO ] org.springframework.web.servlet.mvc.method.annotation.RequestMappingHandlerMapping - Mapped "{[/login/loginToMain]}" onto public java.lang.String com.system.controller.LoginController.loginToMain()
2018-12-03 15:08:46.512 [INFO ] org.springframework.web.servlet.mvc.method.annotation.RequestMappingHandlerMapping - Mapped "{[/login/login]}" onto public java.lang.String com.system.controller.LoginController.login()
2018-12-03 15:08:46.513 [INFO ] org.springframework.web.servlet.mvc.method.annotation.RequestMappingHandlerMapping - Mapped "{[/login/userLogin]}" onto public java.lang.String com.system.controller.LoginController.userLogin()
2018-12-03 15:08:46.515 [INFO ] org.springframework.web.servlet.mvc.method.annotation.RequestMappingHandlerMapping - Mapped "{[/error]}" onto public org.springframework.http.ResponseEntity<java.util.Map<java.lang.String, java.lang.Object>> org.springframework.boot.autoconfigure.web.BasicErrorController.error(javax.servlet.http.HttpServletRequest)
2018-12-03 15:08:46.516 [INFO ] org.springframework.web.servlet.mvc.method.annotation.RequestMappingHandlerMapping - Mapped "{[/error],produces=[text/html]}" onto public org.springframework.web.servlet.ModelAndView org.springframework.boot.autoconfigure.web.BasicErrorController.errorHtml(javax.servlet.http.HttpServletRequest,javax.servlet.http.HttpServletResponse)
2018-12-03 15:08:46.552 [INFO ] org.springframework.web.servlet.handler.SimpleUrlHandlerMapping - Mapped URL path [/webjars/**] onto handler of type [class org.springframework.web.servlet.resource.ResourceHttpRequestHandler]
2018-12-03 15:08:46.552 [INFO ] org.springframework.web.servlet.handler.SimpleUrlHandlerMapping - Mapped URL path [/**] onto handler of type [class org.springframework.web.servlet.resource.ResourceHttpRequestHandler]
2018-12-03 15:08:46.615 [INFO ] org.springframework.web.servlet.handler.SimpleUrlHandlerMapping - Mapped URL path [/**/favicon.ico] onto handler of type [class org.springframework.web.servlet.resource.ResourceHttpRequestHandler]
2018-12-03 15:08:47.623 [INFO ] org.springframework.boot.devtools.autoconfigure.OptionalLiveReloadServer - LiveReload server is running on port 35729
2018-12-03 15:08:47.722 [INFO ] org.springframework.jmx.export.annotation.AnnotationMBeanExporter - Registering beans for JMX exposure on startup
2018-12-03 15:08:47.724 [INFO ] org.springframework.jmx.export.annotation.AnnotationMBeanExporter - Bean with name 'dataSource' has been autodetected for JMX exposure
2018-12-03 15:08:47.730 [INFO ] org.springframework.jmx.export.annotation.AnnotationMBeanExporter - Located MBean 'dataSource': registering with JMX server as MBean [com.alibaba.druid.pool:name=dataSource,type=DruidDataSource]
2018-12-03 15:08:47.812 [INFO ] org.apache.coyote.http11.Http11NioProtocol - Starting ProtocolHandler ["http-nio-8080"]
2018-12-03 15:08:47.828 [INFO ] org.apache.tomcat.util.net.NioSelectorPool - Using a shared selector for servlet write/read
2018-12-03 15:08:47.851 [INFO ] org.springframework.boot.context.embedded.tomcat.TomcatEmbeddedServletContainer - Tomcat started on port(s): 8080 (http)
2018-12-03 15:08:47.858 [INFO ] com.DemoApplication - Started DemoApplication in 12.194 seconds (JVM running for 12.571)
2018-12-03 15:10:16.761 [INFO ] org.springframework.boot.context.embedded.AnnotationConfigEmbeddedWebApplicationContext - Closing org.springframework.boot.context.embedded.AnnotationConfigEmbeddedWebApplicationContext@6a485d31: startup date [Mon Dec 03 15:08:36 CST 2018]; root of context hierarchy
2018-12-03 15:10:16.763 [INFO ] org.springframework.jmx.export.annotation.AnnotationMBeanExporter - Unregistering JMX-exposed beans on shutdown
2018-12-03 15:10:16.763 [INFO ] org.springframework.jmx.export.annotation.AnnotationMBeanExporter - Unregistering JMX-exposed beans
2018-12-03 15:10:16.765 [INFO ] org.springframework.orm.jpa.LocalContainerEntityManagerFactoryBean - Closing JPA EntityManagerFactory for persistence unit 'default'
2018-12-03 15:10:16.770 [INFO ] com.alibaba.druid.pool.DruidDataSource - {dataSource-1} closed
2018-12-03 15:13:41.029 [INFO ] com.DemoApplication - Starting DemoApplication on LAPTOP-5FK7QVSQ with PID 10176 (E:\mywork2\demo\demo\target\classes started by ZHANGJUN in E:\mywork2\demo\demo)
2018-12-03 15:13:41.029 [INFO ] com.DemoApplication - The following profiles are active: dataSource,log
2018-12-03 15:13:41.079 [INFO ] org.springframework.boot.context.embedded.AnnotationConfigEmbeddedWebApplicationContext - Refreshing org.springframework.boot.context.embedded.AnnotationConfigEmbeddedWebApplicationContext@36372287: startup date [Mon Dec 03 15:13:41 CST 2018]; root of context hierarchy
2018-12-03 15:13:46.830 [INFO ] org.springframework.context.support.PostProcessorRegistrationDelegate$BeanPostProcessorChecker - Bean 'org.springframework.transaction.annotation.ProxyTransactionManagementConfiguration' of type [org.springframework.transaction.annotation.ProxyTransactionManagementConfiguration$$EnhancerBySpringCGLIB$$caea945b] is not eligible for getting processed by all BeanPostProcessors (for example: not eligible for auto-proxying)
2018-12-03 15:13:47.644 [INFO ] org.springframework.boot.context.embedded.tomcat.TomcatEmbeddedServletContainer - Tomcat initialized with port(s): 8080 (http)
2018-12-03 15:13:47.657 [INFO ] org.apache.coyote.http11.Http11NioProtocol - Initializing ProtocolHandler ["http-nio-8080"]
2018-12-03 15:13:47.669 [INFO ] org.apache.catalina.core.StandardService - Starting service [Tomcat]
2018-12-03 15:13:47.669 [INFO ] org.apache.catalina.core.StandardEngine - Starting Servlet Engine: Apache Tomcat/8.5.34
2018-12-03 15:13:47.981 [INFO ] org.apache.jasper.servlet.TldScanner - At least one JAR was scanned for TLDs yet contained no TLDs. Enable debug logging for this logger for a complete list of JARs that were scanned but no TLDs were found in them. Skipping unneeded JARs during scanning can improve startup time and JSP compilation time.
2018-12-03 15:13:47.986 [INFO ] org.apache.catalina.core.ContainerBase.[Tomcat].[localhost].[/demo] - Initializing Spring embedded WebApplicationContext
2018-12-03 15:13:47.986 [INFO ] org.springframework.web.context.ContextLoader - Root WebApplicationContext: initialization completed in 6907 ms
2018-12-03 15:13:48.238 [INFO ] org.springframework.boot.web.servlet.FilterRegistrationBean - Mapping filter: 'characterEncodingFilter' to: [/*]
2018-12-03 15:13:48.238 [INFO ] org.springframework.boot.web.servlet.FilterRegistrationBean - Mapping filter: 'hiddenHttpMethodFilter' to: [/*]
2018-12-03 15:13:48.238 [INFO ] org.springframework.boot.web.servlet.FilterRegistrationBean - Mapping filter: 'httpPutFormContentFilter' to: [/*]
2018-12-03 15:13:48.238 [INFO ] org.springframework.boot.web.servlet.FilterRegistrationBean - Mapping filter: 'requestContextFilter' to: [/*]
2018-12-03 15:13:48.239 [INFO ] org.springframework.boot.web.servlet.FilterRegistrationBean - Mapping filter: 'MyFilter' to urls: [/*]
2018-12-03 15:13:48.239 [INFO ] org.springframework.boot.web.servlet.FilterRegistrationBean - Mapping filter: 'fileterMyFilter1' to: [/*]
2018-12-03 15:13:48.239 [INFO ] org.springframework.boot.web.servlet.ServletRegistrationBean - Mapping servlet: 'statViewServlet' to [/druid/*]
2018-12-03 15:13:48.240 [INFO ] org.springframework.boot.web.servlet.ServletRegistrationBean - Mapping servlet: 'dispatcherServlet' to [/]
2018-12-03 15:13:48.475 [INFO ] com.alibaba.druid.pool.DruidDataSource - {dataSource-1} inited
2018-12-03 15:13:49.780 [INFO ] org.springframework.orm.jpa.LocalContainerEntityManagerFactoryBean - Building JPA container EntityManagerFactory for persistence unit 'default'
2018-12-03 15:13:50.555 [INFO ] org.springframework.orm.jpa.LocalContainerEntityManagerFactoryBean - Initialized JPA EntityManagerFactory for persistence unit 'default'
2018-12-03 15:13:51.194 [INFO ] org.springframework.web.servlet.mvc.method.annotation.RequestMappingHandlerAdapter - Looking for @ControllerAdvice: org.springframework.boot.context.embedded.AnnotationConfigEmbeddedWebApplicationContext@36372287: startup date [Mon Dec 03 15:13:41 CST 2018]; root of context hierarchy
2018-12-03 15:13:51.276 [INFO ] org.springframework.web.servlet.mvc.method.annotation.RequestMappingHandlerMapping - Mapped "{[/hello]}" onto public java.lang.String com.example.controller.HelloWordController.index()
2018-12-03 15:13:51.277 [INFO ] org.springframework.web.servlet.mvc.method.annotation.RequestMappingHandlerMapping - Mapped "{[/user]}" onto public java.lang.String com.example.controller.HelloWordController.user()
2018-12-03 15:13:51.278 [INFO ] org.springframework.web.servlet.mvc.method.annotation.RequestMappingHandlerMapping - Mapped "{[/mail]}" onto public java.lang.String com.example.controller.MailController.sendSimpleMail()
2018-12-03 15:13:51.280 [INFO ] org.springframework.web.servlet.mvc.method.annotation.RequestMappingHandlerMapping - Mapped "{[/login/loginToMain]}" onto public java.lang.String com.system.controller.LoginController.loginToMain()
2018-12-03 15:13:51.280 [INFO ] org.springframework.web.servlet.mvc.method.annotation.RequestMappingHandlerMapping - Mapped "{[/login/login]}" onto public java.lang.String com.system.controller.LoginController.login()
2018-12-03 15:13:51.280 [INFO ] org.springframework.web.servlet.mvc.method.annotation.RequestMappingHandlerMapping - Mapped "{[/login/userLogin]}" onto public java.lang.String com.system.controller.LoginController.userLogin()
2018-12-03 15:13:51.283 [INFO ] org.springframework.web.servlet.mvc.method.annotation.RequestMappingHandlerMapping - Mapped "{[/error]}" onto public org.springframework.http.ResponseEntity<java.util.Map<java.lang.String, java.lang.Object>> org.springframework.boot.autoconfigure.web.BasicErrorController.error(javax.servlet.http.HttpServletRequest)
2018-12-03 15:13:51.283 [INFO ] org.springframework.web.servlet.mvc.method.annotation.RequestMappingHandlerMapping - Mapped "{[/error],produces=[text/html]}" onto public org.springframework.web.servlet.ModelAndView org.springframework.boot.autoconfigure.web.BasicErrorController.errorHtml(javax.servlet.http.HttpServletRequest,javax.servlet.http.HttpServletResponse)
2018-12-03 15:13:51.319 [INFO ] org.springframework.web.servlet.handler.SimpleUrlHandlerMapping - Mapped URL path [/webjars/**] onto handler of type [class org.springframework.web.servlet.resource.ResourceHttpRequestHandler]
2018-12-03 15:13:51.320 [INFO ] org.springframework.web.servlet.handler.SimpleUrlHandlerMapping - Mapped URL path [/**] onto handler of type [class org.springframework.web.servlet.resource.ResourceHttpRequestHandler]
2018-12-03 15:13:51.367 [INFO ] org.springframework.web.servlet.handler.SimpleUrlHandlerMapping - Mapped URL path [/**/favicon.ico] onto handler of type [class org.springframework.web.servlet.resource.ResourceHttpRequestHandler]
2018-12-03 15:13:52.167 [INFO ] org.springframework.boot.devtools.autoconfigure.OptionalLiveReloadServer - LiveReload server is running on port 35729
2018-12-03 15:13:52.275 [INFO ] org.springframework.jmx.export.annotation.AnnotationMBeanExporter - Registering beans for JMX exposure on startup
2018-12-03 15:13:52.277 [INFO ] org.springframework.jmx.export.annotation.AnnotationMBeanExporter - Bean with name 'dataSource' has been autodetected for JMX exposure
2018-12-03 15:13:52.281 [INFO ] org.springframework.jmx.export.annotation.AnnotationMBeanExporter - Located MBean 'dataSource': registering with JMX server as MBean [com.alibaba.druid.pool:name=dataSource,type=DruidDataSource]
2018-12-03 15:13:52.347 [INFO ] org.apache.coyote.http11.Http11NioProtocol - Starting ProtocolHandler ["http-nio-8080"]
2018-12-03 15:13:52.359 [INFO ] org.apache.tomcat.util.net.NioSelectorPool - Using a shared selector for servlet write/read
2018-12-03 15:13:52.380 [INFO ] org.springframework.boot.context.embedded.tomcat.TomcatEmbeddedServletContainer - Tomcat started on port(s): 8080 (http)
2018-12-03 15:13:52.387 [INFO ] com.DemoApplication - Started DemoApplication in 11.787 seconds (JVM running for 12.166)
2018-12-03 15:15:33.401 [INFO ] org.springframework.boot.context.embedded.AnnotationConfigEmbeddedWebApplicationContext - Closing org.springframework.boot.context.embedded.AnnotationConfigEmbeddedWebApplicationContext@36372287: startup date [Mon Dec 03 15:13:41 CST 2018]; root of context hierarchy
2018-12-03 15:15:33.403 [INFO ] org.springframework.jmx.export.annotation.AnnotationMBeanExporter - Unregistering JMX-exposed beans on shutdown
2018-12-03 15:15:33.403 [INFO ] org.springframework.jmx.export.annotation.AnnotationMBeanExporter - Unregistering JMX-exposed beans
2018-12-03 15:15:33.405 [INFO ] org.springframework.orm.jpa.LocalContainerEntityManagerFactoryBean - Closing JPA EntityManagerFactory for persistence unit 'default'
2018-12-03 15:15:33.410 [INFO ] com.alibaba.druid.pool.DruidDataSource - {dataSource-1} closed
2018-12-03 15:15:36.377 [INFO ] org.springframework.web.context.ContextLoader - Root WebApplicationContext: initialization completed in 2492 ms
2018-12-03 15:15:37.721 [INFO ] org.springframework.web.servlet.mvc.method.annotation.RequestMappingHandlerAdapter - Looking for @ControllerAdvice: org.springframework.boot.context.embedded.AnnotationConfigEmbeddedWebApplicationContext@6c30908e: startup date [Mon Dec 03 15:15:33 CST 2018]; root of context hierarchy
2018-12-03 15:15:37.732 [INFO ] org.springframework.web.servlet.mvc.method.annotation.RequestMappingHandlerMapping - Mapped "{[/hello]}" onto public java.lang.String com.example.controller.HelloWordController.index()
2018-12-03 15:15:37.733 [INFO ] org.springframework.web.servlet.mvc.method.annotation.RequestMappingHandlerMapping - Mapped "{[/user]}" onto public java.lang.String com.example.controller.HelloWordController.user()
2018-12-03 15:15:37.734 [INFO ] org.springframework.web.servlet.mvc.method.annotation.RequestMappingHandlerMapping - Mapped "{[/mail]}" onto public java.lang.String com.example.controller.MailController.sendSimpleMail()
2018-12-03 15:15:37.735 [INFO ] org.springframework.web.servlet.mvc.method.annotation.RequestMappingHandlerMapping - Mapped "{[/login/loginToMain]}" onto public java.lang.String com.system.controller.LoginController.loginToMain()
2018-12-03 15:15:37.735 [INFO ] org.springframework.web.servlet.mvc.method.annotation.RequestMappingHandlerMapping - Mapped "{[/login/login]}" onto public java.lang.String com.system.controller.LoginController.login()
2018-12-03 15:15:37.735 [INFO ] org.springframework.web.servlet.mvc.method.annotation.RequestMappingHandlerMapping - Mapped "{[/login/userLogin]}" onto public java.lang.String com.system.controller.LoginController.userLogin()
2018-12-03 15:15:37.739 [INFO ] org.springframework.web.servlet.mvc.method.annotation.RequestMappingHandlerMapping - Mapped "{[/error]}" onto public org.springframework.http.ResponseEntity<java.util.Map<java.lang.String, java.lang.Object>> org.springframework.boot.autoconfigure.web.BasicErrorController.error(javax.servlet.http.HttpServletRequest)
2018-12-03 15:15:37.739 [INFO ] org.springframework.web.servlet.mvc.method.annotation.RequestMappingHandlerMapping - Mapped "{[/error],produces=[text/html]}" onto public org.springframework.web.servlet.ModelAndView org.springframework.boot.autoconfigure.web.BasicErrorController.errorHtml(javax.servlet.http.HttpServletRequest,javax.servlet.http.HttpServletResponse)
2018-12-03 15:15:37.767 [INFO ] org.springframework.web.servlet.handler.SimpleUrlHandlerMapping - Mapped URL path [/webjars/**] onto handler of type [class org.springframework.web.servlet.resource.ResourceHttpRequestHandler]
2018-12-03 15:15:37.768 [INFO ] org.springframework.web.servlet.handler.SimpleUrlHandlerMapping - Mapped URL path [/**] onto handler of type [class org.springframework.web.servlet.resource.ResourceHttpRequestHandler]
2018-12-03 15:15:37.848 [INFO ] org.springframework.web.servlet.handler.SimpleUrlHandlerMapping - Mapped URL path [/**/favicon.ico] onto handler of type [class org.springframework.web.servlet.resource.ResourceHttpRequestHandler]
2018-12-03 15:15:43.062 [INFO ] org.springframework.web.context.ContextLoader - Root WebApplicationContext: initialization completed in 4880 ms
2018-12-03 15:15:45.872 [INFO ] org.springframework.web.servlet.mvc.method.annotation.RequestMappingHandlerAdapter - Looking for @ControllerAdvice: org.springframework.boot.context.embedded.AnnotationConfigEmbeddedWebApplicationContext@6767e4ea: startup date [Mon Dec 03 15:15:38 CST 2018]; root of context hierarchy
2018-12-03 15:15:45.944 [INFO ] org.springframework.web.servlet.mvc.method.annotation.RequestMappingHandlerMapping - Mapped "{[/user]}" onto public java.lang.String com.example.controller.HelloWordController.user()
2018-12-03 15:15:45.945 [INFO ] org.springframework.web.servlet.mvc.method.annotation.RequestMappingHandlerMapping - Mapped "{[/hello]}" onto public java.lang.String com.example.controller.HelloWordController.index()
2018-12-03 15:15:45.946 [INFO ] org.springframework.web.servlet.mvc.method.annotation.RequestMappingHandlerMapping - Mapped "{[/mail]}" onto public java.lang.String com.example.controller.MailController.sendSimpleMail()
2018-12-03 15:15:45.948 [INFO ] org.springframework.web.servlet.mvc.method.annotation.RequestMappingHandlerMapping - Mapped "{[/login/login]}" onto public java.lang.String com.system.controller.LoginController.login()
2018-12-03 15:15:45.949 [INFO ] org.springframework.web.servlet.mvc.method.annotation.RequestMappingHandlerMapping - Mapped "{[/login/loginToMain]}" onto public java.lang.String com.system.controller.LoginController.loginToMain()
2018-12-03 15:15:45.949 [INFO ] org.springframework.web.servlet.mvc.method.annotation.RequestMappingHandlerMapping - Mapped "{[/login/userLogin]}" onto public java.lang.String com.system.controller.LoginController.userLogin()
2018-12-03 15:15:45.951 [INFO ] org.springframework.web.servlet.mvc.method.annotation.RequestMappingHandlerMapping - Mapped "{[/error]}" onto public org.springframework.http.ResponseEntity<java.util.Map<java.lang.String, java.lang.Object>> org.springframework.boot.autoconfigure.web.BasicErrorController.error(javax.servlet.http.HttpServletRequest)
2018-12-03 15:15:45.951 [INFO ] org.springframework.web.servlet.mvc.method.annotation.RequestMappingHandlerMapping - Mapped "{[/error],produces=[text/html]}" onto public org.springframework.web.servlet.ModelAndView org.springframework.boot.autoconfigure.web.BasicErrorController.errorHtml(javax.servlet.http.HttpServletRequest,javax.servlet.http.HttpServletResponse)
2018-12-03 15:15:45.981 [INFO ] org.springframework.web.servlet.handler.SimpleUrlHandlerMapping - Mapped URL path [/webjars/**] onto handler of type [class org.springframework.web.servlet.resource.ResourceHttpRequestHandler]
2018-12-03 15:15:45.982 [INFO ] org.springframework.web.servlet.handler.SimpleUrlHandlerMapping - Mapped URL path [/**] onto handler of type [class org.springframework.web.servlet.resource.ResourceHttpRequestHandler]
2018-12-03 15:15:46.022 [INFO ] org.springframework.web.servlet.handler.SimpleUrlHandlerMapping - Mapped URL path [/**/favicon.ico] onto handler of type [class org.springframework.web.servlet.resource.ResourceHttpRequestHandler]
2018-12-03 15:16:30.157 [INFO ] com.DemoApplication - Starting DemoApplication on LAPTOP-5FK7QVSQ with PID 10176 (E:\mywork2\demo\demo\target\classes started by ZHANGJUN in E:\mywork2\demo\demo)
2018-12-03 15:16:30.157 [INFO ] com.DemoApplication - The following profiles are active: dataSource,log
2018-12-03 15:16:30.159 [INFO ] org.springframework.boot.context.embedded.AnnotationConfigEmbeddedWebApplicationContext - Refreshing org.springframework.boot.context.embedded.AnnotationConfigEmbeddedWebApplicationContext@1c17e9b0: startup date [Mon Dec 03 15:16:30 CST 2018]; root of context hierarchy
2018-12-03 15:16:32.059 [INFO ] org.springframework.context.support.PostProcessorRegistrationDelegate$BeanPostProcessorChecker - Bean 'org.springframework.transaction.annotation.ProxyTransactionManagementConfiguration' of type [org.springframework.transaction.annotation.ProxyTransactionManagementConfiguration$$EnhancerBySpringCGLIB$$caea945b] is not eligible for getting processed by all BeanPostProcessors (for example: not eligible for auto-proxying)
2018-12-03 15:16:32.164 [INFO ] org.springframework.boot.context.embedded.tomcat.TomcatEmbeddedServletContainer - Tomcat initialized with port(s): 8080 (http)
2018-12-03 15:16:32.165 [INFO ] org.apache.coyote.http11.Http11NioProtocol - Initializing ProtocolHandler ["http-nio-8080"]
2018-12-03 15:16:32.165 [INFO ] org.apache.catalina.core.StandardService - Starting service [Tomcat]
2018-12-03 15:16:32.165 [INFO ] org.apache.catalina.core.StandardEngine - Starting Servlet Engine: Apache Tomcat/8.5.34
2018-12-03 15:16:32.232 [INFO ] org.apache.jasper.servlet.TldScanner - At least one JAR was scanned for TLDs yet contained no TLDs. Enable debug logging for this logger for a complete list of JARs that were scanned but no TLDs were found in them. Skipping unneeded JARs during scanning can improve startup time and JSP compilation time.
2018-12-03 15:16:32.236 [INFO ] org.apache.catalina.core.ContainerBase.[Tomcat].[localhost].[/demo] - Initializing Spring embedded WebApplicationContext
2018-12-03 15:16:32.236 [INFO ] org.springframework.web.context.ContextLoader - Root WebApplicationContext: initialization completed in 2077 ms
2018-12-03 15:16:32.288 [INFO ] org.springframework.boot.web.servlet.FilterRegistrationBean - Mapping filter: 'characterEncodingFilter' to: [/*]
2018-12-03 15:16:32.288 [INFO ] org.springframework.boot.web.servlet.FilterRegistrationBean - Mapping filter: 'hiddenHttpMethodFilter' to: [/*]
2018-12-03 15:16:32.288 [INFO ] org.springframework.boot.web.servlet.FilterRegistrationBean - Mapping filter: 'httpPutFormContentFilter' to: [/*]
2018-12-03 15:16:32.288 [INFO ] org.springframework.boot.web.servlet.FilterRegistrationBean - Mapping filter: 'requestContextFilter' to: [/*]
2018-12-03 15:16:32.288 [INFO ] org.springframework.boot.web.servlet.FilterRegistrationBean - Mapping filter: 'MyFilter' to urls: [/*]
2018-12-03 15:16:32.288 [INFO ] org.springframework.boot.web.servlet.FilterRegistrationBean - Mapping filter: 'fileterMyFilter1' to: [/*]
2018-12-03 15:16:32.288 [INFO ] org.springframework.boot.web.servlet.ServletRegistrationBean - Mapping servlet: 'statViewServlet' to [/druid/*]
2018-12-03 15:16:32.289 [INFO ] org.springframework.boot.web.servlet.ServletRegistrationBean - Mapping servlet: 'dispatcherServlet' to [/]
2018-12-03 15:16:32.322 [INFO ] com.alibaba.druid.pool.DruidDataSource - {dataSource-3} inited
2018-12-03 15:16:32.949 [INFO ] org.springframework.orm.jpa.LocalContainerEntityManagerFactoryBean - Building JPA container EntityManagerFactory for persistence unit 'default'
2018-12-03 15:16:33.080 [INFO ] org.springframework.orm.jpa.LocalContainerEntityManagerFactoryBean - Initialized JPA EntityManagerFactory for persistence unit 'default'
2018-12-03 15:16:33.204 [INFO ] org.springframework.web.servlet.mvc.method.annotation.RequestMappingHandlerAdapter - Looking for @ControllerAdvice: org.springframework.boot.context.embedded.AnnotationConfigEmbeddedWebApplicationContext@1c17e9b0: startup date [Mon Dec 03 15:16:30 CST 2018]; root of context hierarchy
2018-12-03 15:16:33.211 [INFO ] org.springframework.web.servlet.mvc.method.annotation.RequestMappingHandlerMapping - Mapped "{[/hello]}" onto public java.lang.String com.example.controller.HelloWordController.index()
2018-12-03 15:16:33.211 [INFO ] org.springframework.web.servlet.mvc.method.annotation.RequestMappingHandlerMapping - Mapped "{[/user]}" onto public java.lang.String com.example.controller.HelloWordController.user()
2018-12-03 15:16:33.211 [INFO ] org.springframework.web.servlet.mvc.method.annotation.RequestMappingHandlerMapping - Mapped "{[/mail]}" onto public java.lang.String com.example.controller.MailController.sendSimpleMail()
2018-12-03 15:16:33.212 [INFO ] org.springframework.web.servlet.mvc.method.annotation.RequestMappingHandlerMapping - Mapped "{[/login/loginToMain]}" onto public java.lang.String com.system.controller.LoginController.loginToMain()
2018-12-03 15:16:33.212 [INFO ] org.springframework.web.servlet.mvc.method.annotation.RequestMappingHandlerMapping - Mapped "{[/login/login]}" onto public java.lang.String com.system.controller.LoginController.login()
2018-12-03 15:16:33.213 [INFO ] org.springframework.web.servlet.mvc.method.annotation.RequestMappingHandlerMapping - Mapped "{[/login/userLogin]}" onto public java.lang.String com.system.controller.LoginController.userLogin()
2018-12-03 15:16:33.214 [INFO ] org.springframework.web.servlet.mvc.method.annotation.RequestMappingHandlerMapping - Mapped "{[/error]}" onto public org.springframework.http.ResponseEntity<java.util.Map<java.lang.String, java.lang.Object>> org.springframework.boot.autoconfigure.web.BasicErrorController.error(javax.servlet.http.HttpServletRequest)
2018-12-03 15:16:33.214 [INFO ] org.springframework.web.servlet.mvc.method.annotation.RequestMappingHandlerMapping - Mapped "{[/error],produces=[text/html]}" onto public org.springframework.web.servlet.ModelAndView org.springframework.boot.autoconfigure.web.BasicErrorController.errorHtml(javax.servlet.http.HttpServletRequest,javax.servlet.http.HttpServletResponse)
2018-12-03 15:16:33.220 [INFO ] org.springframework.web.servlet.handler.SimpleUrlHandlerMapping - Mapped URL path [/webjars/**] onto handler of type [class org.springframework.web.servlet.resource.ResourceHttpRequestHandler]
2018-12-03 15:16:33.221 [INFO ] org.springframework.web.servlet.handler.SimpleUrlHandlerMapping - Mapped URL path [/**] onto handler of type [class org.springframework.web.servlet.resource.ResourceHttpRequestHandler]
2018-12-03 15:16:33.232 [INFO ] org.springframework.web.servlet.handler.SimpleUrlHandlerMapping - Mapped URL path [/**/favicon.ico] onto handler of type [class org.springframework.web.servlet.resource.ResourceHttpRequestHandler]
2018-12-03 15:16:33.282 [INFO ] org.springframework.boot.devtools.autoconfigure.OptionalLiveReloadServer - LiveReload server is running on port 35729
2018-12-03 15:16:33.318 [INFO ] org.springframework.jmx.export.annotation.AnnotationMBeanExporter - Registering beans for JMX exposure on startup
2018-12-03 15:16:33.319 [INFO ] org.springframework.jmx.export.annotation.AnnotationMBeanExporter - Bean with name 'dataSource' has been autodetected for JMX exposure
2018-12-03 15:16:33.320 [INFO ] org.springframework.jmx.export.annotation.AnnotationMBeanExporter - Located MBean 'dataSource': registering with JMX server as MBean [com.alibaba.druid.pool:name=dataSource,type=DruidDataSource]
2018-12-03 15:16:33.325 [INFO ] org.apache.coyote.http11.Http11NioProtocol - Starting ProtocolHandler ["http-nio-8080"]
2018-12-03 15:16:33.325 [INFO ] org.apache.tomcat.util.net.NioSelectorPool - Using a shared selector for servlet write/read
2018-12-03 15:16:33.329 [INFO ] org.springframework.boot.context.embedded.tomcat.TomcatEmbeddedServletContainer - Tomcat started on port(s): 8080 (http)
2018-12-03 15:16:33.331 [INFO ] com.DemoApplication - Started DemoApplication in 3.228 seconds (JVM running for 173.11)
2018-12-03 15:16:40.173 [INFO ] com.DemoApplication - Starting DemoApplication on LAPTOP-5FK7QVSQ with PID 968 (E:\mywork2\demo\demo\target\classes started by ZHANGJUN in E:\mywork2\demo\demo)
2018-12-03 15:16:40.173 [INFO ] com.DemoApplication - The following profiles are active: dataSource,log
2018-12-03 15:16:40.223 [INFO ] org.springframework.boot.context.embedded.AnnotationConfigEmbeddedWebApplicationContext - Refreshing org.springframework.boot.context.embedded.AnnotationConfigEmbeddedWebApplicationContext@577d577c: startup date [Mon Dec 03 15:16:40 CST 2018]; root of context hierarchy
2018-12-03 15:16:44.051 [INFO ] org.springframework.context.support.PostProcessorRegistrationDelegate$BeanPostProcessorChecker - Bean 'org.springframework.transaction.annotation.ProxyTransactionManagementConfiguration' of type [org.springframework.transaction.annotation.ProxyTransactionManagementConfiguration$$EnhancerBySpringCGLIB$$f3a88d7d] is not eligible for getting processed by all BeanPostProcessors (for example: not eligible for auto-proxying)
2018-12-03 15:16:44.641 [INFO ] org.springframework.boot.context.embedded.tomcat.TomcatEmbeddedServletContainer - Tomcat initialized with port(s): 8080 (http)
2018-12-03 15:16:44.654 [INFO ] org.apache.coyote.http11.Http11NioProtocol - Initializing ProtocolHandler ["http-nio-8080"]
2018-12-03 15:16:44.666 [INFO ] org.apache.catalina.core.StandardService - Starting service [Tomcat]
2018-12-03 15:16:44.666 [INFO ] org.apache.catalina.core.StandardEngine - Starting Servlet Engine: Apache Tomcat/8.5.34
2018-12-03 15:16:44.977 [INFO ] org.apache.jasper.servlet.TldScanner - At least one JAR was scanned for TLDs yet contained no TLDs. Enable debug logging for this logger for a complete list of JARs that were scanned but no TLDs were found in them. Skipping unneeded JARs during scanning can improve startup time and JSP compilation time.
2018-12-03 15:16:44.982 [INFO ] org.apache.catalina.core.ContainerBase.[Tomcat].[localhost].[/demo] - Initializing Spring embedded WebApplicationContext
2018-12-03 15:16:44.983 [INFO ] org.springframework.web.context.ContextLoader - Root WebApplicationContext: initialization completed in 4760 ms
2018-12-03 15:16:45.211 [INFO ] org.springframework.boot.web.servlet.FilterRegistrationBean - Mapping filter: 'characterEncodingFilter' to: [/*]
2018-12-03 15:16:45.212 [INFO ] org.springframework.boot.web.servlet.FilterRegistrationBean - Mapping filter: 'hiddenHttpMethodFilter' to: [/*]
2018-12-03 15:16:45.212 [INFO ] org.springframework.boot.web.servlet.FilterRegistrationBean - Mapping filter: 'httpPutFormContentFilter' to: [/*]
2018-12-03 15:16:45.212 [INFO ] org.springframework.boot.web.servlet.FilterRegistrationBean - Mapping filter: 'requestContextFilter' to: [/*]
2018-12-03 15:16:45.212 [INFO ] org.springframework.boot.web.servlet.FilterRegistrationBean - Mapping filter: 'MyFilter' to urls: [/*]
2018-12-03 15:16:45.213 [INFO ] org.springframework.boot.web.servlet.FilterRegistrationBean - Mapping filter: 'fileterMyFilter1' to: [/*]
2018-12-03 15:16:45.213 [INFO ] org.springframework.boot.web.servlet.ServletRegistrationBean - Mapping servlet: 'statViewServlet' to [/druid/*]
2018-12-03 15:16:45.214 [INFO ] org.springframework.boot.web.servlet.ServletRegistrationBean - Mapping servlet: 'dispatcherServlet' to [/]
2018-12-03 15:16:45.430 [INFO ] com.alibaba.druid.pool.DruidDataSource - {dataSource-1} inited
2018-12-03 15:16:46.391 [INFO ] org.springframework.orm.jpa.LocalContainerEntityManagerFactoryBean - Building JPA container EntityManagerFactory for persistence unit 'default'
2018-12-03 15:16:47.177 [INFO ] org.springframework.orm.jpa.LocalContainerEntityManagerFactoryBean - Initialized JPA EntityManagerFactory for persistence unit 'default'
2018-12-03 15:16:47.797 [INFO ] org.springframework.web.servlet.mvc.method.annotation.RequestMappingHandlerAdapter - Looking for @ControllerAdvice: org.springframework.boot.context.embedded.AnnotationConfigEmbeddedWebApplicationContext@577d577c: startup date [Mon Dec 03 15:16:40 CST 2018]; root of context hierarchy
2018-12-03 15:16:47.870 [INFO ] org.springframework.web.servlet.mvc.method.annotation.RequestMappingHandlerMapping - Mapped "{[/hello]}" onto public java.lang.String com.example.controller.HelloWordController.index()
2018-12-03 15:16:47.871 [INFO ] org.springframework.web.servlet.mvc.method.annotation.RequestMappingHandlerMapping - Mapped "{[/user]}" onto public java.lang.String com.example.controller.HelloWordController.user()
2018-12-03 15:16:47.871 [INFO ] org.springframework.web.servlet.mvc.method.annotation.RequestMappingHandlerMapping - Mapped "{[/mail]}" onto public java.lang.String com.example.controller.MailController.sendSimpleMail()
2018-12-03 15:16:47.873 [INFO ] org.springframework.web.servlet.mvc.method.annotation.RequestMappingHandlerMapping - Mapped "{[/login/login]}" onto public java.lang.String com.system.controller.LoginController.login()
2018-12-03 15:16:47.874 [INFO ] org.springframework.web.servlet.mvc.method.annotation.RequestMappingHandlerMapping - Mapped "{[/login/userLogin]}" onto public java.lang.String com.system.controller.LoginController.userLogin()
2018-12-03 15:16:47.874 [INFO ] org.springframework.web.servlet.mvc.method.annotation.RequestMappingHandlerMapping - Mapped "{[/login/loginToMain]}" onto public java.lang.String com.system.controller.LoginController.loginToMain()
2018-12-03 15:16:47.876 [INFO ] org.springframework.web.servlet.mvc.method.annotation.RequestMappingHandlerMapping - Mapped "{[/error]}" onto public org.springframework.http.ResponseEntity<java.util.Map<java.lang.String, java.lang.Object>> org.springframework.boot.autoconfigure.web.BasicErrorController.error(javax.servlet.http.HttpServletRequest)
2018-12-03 15:16:47.876 [INFO ] org.springframework.web.servlet.mvc.method.annotation.RequestMappingHandlerMapping - Mapped "{[/error],produces=[text/html]}" onto public org.springframework.web.servlet.ModelAndView org.springframework.boot.autoconfigure.web.BasicErrorController.errorHtml(javax.servlet.http.HttpServletRequest,javax.servlet.http.HttpServletResponse)
2018-12-03 15:16:47.910 [INFO ] org.springframework.web.servlet.handler.SimpleUrlHandlerMapping - Mapped URL path [/webjars/**] onto handler of type [class org.springframework.web.servlet.resource.ResourceHttpRequestHandler]
2018-12-03 15:16:47.911 [INFO ] org.springframework.web.servlet.handler.SimpleUrlHandlerMapping - Mapped URL path [/**] onto handler of type [class org.springframework.web.servlet.resource.ResourceHttpRequestHandler]
2018-12-03 15:16:47.956 [INFO ] org.springframework.web.servlet.handler.SimpleUrlHandlerMapping - Mapped URL path [/**/favicon.ico] onto handler of type [class org.springframework.web.servlet.resource.ResourceHttpRequestHandler]
2018-12-03 15:16:48.271 [INFO ] org.springframework.boot.devtools.autoconfigure.OptionalLiveReloadServer - LiveReload server is running on port 35729
2018-12-03 15:16:48.440 [INFO ] org.springframework.jmx.export.annotation.AnnotationMBeanExporter - Registering beans for JMX exposure on startup
2018-12-03 15:16:48.442 [INFO ] org.springframework.jmx.export.annotation.AnnotationMBeanExporter - Bean with name 'dataSource' has been autodetected for JMX exposure
2018-12-03 15:16:48.445 [INFO ] org.springframework.jmx.export.annotation.AnnotationMBeanExporter - Located MBean 'dataSource': registering with JMX server as MBean [com.alibaba.druid.pool:name=dataSource,type=DruidDataSource]
2018-12-03 15:16:48.489 [INFO ] org.apache.coyote.http11.Http11NioProtocol - Starting ProtocolHandler ["http-nio-8080"]
2018-12-03 15:16:48.500 [INFO ] org.apache.tomcat.util.net.NioSelectorPool - Using a shared selector for servlet write/read
2018-12-03 15:16:48.520 [INFO ] org.springframework.boot.context.embedded.tomcat.TomcatEmbeddedServletContainer - Tomcat started on port(s): 8080 (http)
2018-12-03 15:16:48.525 [INFO ] com.DemoApplication - Started DemoApplication in 8.782 seconds (JVM running for 9.158)
2018-12-03 15:17:06.938 [INFO ] org.apache.tomcat.util.http.parser.Cookie - A cookie header was received [1534731971,1535098306,1536041106; func_dis=1] that contained an invalid cookie. That cookie will be ignored.Note: further occurrences of this error will be logged at DEBUG level.
2018-12-03 15:17:06.944 [INFO ] org.apache.catalina.core.ContainerBase.[Tomcat].[localhost].[/demo] - Initializing Spring FrameworkServlet 'dispatcherServlet'
2018-12-03 15:17:06.945 [INFO ] org.springframework.web.servlet.DispatcherServlet - FrameworkServlet 'dispatcherServlet': initialization started
2018-12-03 15:17:06.972 [INFO ] org.springframework.web.servlet.DispatcherServlet - FrameworkServlet 'dispatcherServlet': initialization completed in 27 ms
2018-12-03 15:19:51.198 [INFO ] org.springframework.boot.context.embedded.AnnotationConfigEmbeddedWebApplicationContext - Closing org.springframework.boot.context.embedded.AnnotationConfigEmbeddedWebApplicationContext@577d577c: startup date [Mon Dec 03 15:16:40 CST 2018]; root of context hierarchy
2018-12-03 15:19:51.200 [INFO ] org.springframework.jmx.export.annotation.AnnotationMBeanExporter - Unregistering JMX-exposed beans on shutdown
2018-12-03 15:19:51.200 [INFO ] org.springframework.jmx.export.annotation.AnnotationMBeanExporter - Unregistering JMX-exposed beans
2018-12-03 15:19:51.201 [INFO ] org.springframework.orm.jpa.LocalContainerEntityManagerFactoryBean - Closing JPA EntityManagerFactory for persistence unit 'default'
2018-12-03 15:19:51.206 [INFO ] com.alibaba.druid.pool.DruidDataSource - {dataSource-1} closed
2018-12-03 15:19:51.692 [INFO ] com.DemoApplication - Starting DemoApplication on LAPTOP-5FK7QVSQ with PID 968 (E:\mywork2\demo\demo\target\classes started by ZHANGJUN in E:\mywork2\demo\demo)
2018-12-03 15:19:51.692 [INFO ] com.DemoApplication - The following profiles are active: dataSource,log
2018-12-03 15:19:51.695 [INFO ] org.springframework.boot.context.embedded.AnnotationConfigEmbeddedWebApplicationContext - Refreshing org.springframework.boot.context.embedded.AnnotationConfigEmbeddedWebApplicationContext@183ea8d: startup date [Mon Dec 03 15:19:51 CST 2018]; root of context hierarchy
2018-12-03 15:19:53.777 [INFO ] org.springframework.context.support.PostProcessorRegistrationDelegate$BeanPostProcessorChecker - Bean 'org.springframework.transaction.annotation.ProxyTransactionManagementConfiguration' of type [org.springframework.transaction.annotation.ProxyTransactionManagementConfiguration$$EnhancerBySpringCGLIB$$f3a88d7d] is not eligible for getting processed by all BeanPostProcessors (for example: not eligible for auto-proxying)
2018-12-03 15:19:53.899 [INFO ] org.springframework.boot.context.embedded.tomcat.TomcatEmbeddedServletContainer - Tomcat initialized with port(s): 8080 (http)
2018-12-03 15:19:53.900 [INFO ] org.apache.coyote.http11.Http11NioProtocol - Initializing ProtocolHandler ["http-nio-8080"]
2018-12-03 15:19:53.901 [INFO ] org.apache.catalina.core.StandardService - Starting service [Tomcat]
2018-12-03 15:19:53.901 [INFO ] org.apache.catalina.core.StandardEngine - Starting Servlet Engine: Apache Tomcat/8.5.34
2018-12-03 15:19:54.036 [INFO ] org.apache.jasper.servlet.TldScanner - At least one JAR was scanned for TLDs yet contained no TLDs. Enable debug logging for this logger for a complete list of JARs that were scanned but no TLDs were found in them. Skipping unneeded JARs during scanning can improve startup time and JSP compilation time.
2018-12-03 15:19:54.040 [INFO ] org.apache.catalina.core.ContainerBase.[Tomcat].[localhost].[/demo] - Initializing Spring embedded WebApplicationContext
2018-12-03 15:19:54.040 [INFO ] org.springframework.web.context.ContextLoader - Root WebApplicationContext: initialization completed in 2345 ms
2018-12-03 15:19:54.108 [INFO ] org.springframework.boot.web.servlet.FilterRegistrationBean - Mapping filter: 'characterEncodingFilter' to: [/*]
2018-12-03 15:19:54.108 [INFO ] org.springframework.boot.web.servlet.FilterRegistrationBean - Mapping filter: 'hiddenHttpMethodFilter' to: [/*]
2018-12-03 15:19:54.108 [INFO ] org.springframework.boot.web.servlet.FilterRegistrationBean - Mapping filter: 'httpPutFormContentFilter' to: [/*]
2018-12-03 15:19:54.109 [INFO ] org.springframework.boot.web.servlet.FilterRegistrationBean - Mapping filter: 'requestContextFilter' to: [/*]
2018-12-03 15:19:54.109 [INFO ] org.springframework.boot.web.servlet.FilterRegistrationBean - Mapping filter: 'MyFilter' to urls: [/*]
2018-12-03 15:19:54.109 [INFO ] org.springframework.boot.web.servlet.FilterRegistrationBean - Mapping filter: 'fileterMyFilter1' to: [/*]
2018-12-03 15:19:54.109 [INFO ] org.springframework.boot.web.servlet.ServletRegistrationBean - Mapping servlet: 'statViewServlet' to [/druid/*]
2018-12-03 15:19:54.109 [INFO ] org.springframework.boot.web.servlet.ServletRegistrationBean - Mapping servlet: 'dispatcherServlet' to [/]
2018-12-03 15:19:54.157 [INFO ] com.alibaba.druid.pool.DruidDataSource - {dataSource-2} inited
2018-12-03 15:19:54.851 [INFO ] org.springframework.orm.jpa.LocalContainerEntityManagerFactoryBean - Building JPA container EntityManagerFactory for persistence unit 'default'
2018-12-03 15:19:54.988 [INFO ] org.springframework.orm.jpa.LocalContainerEntityManagerFactoryBean - Initialized JPA EntityManagerFactory for persistence unit 'default'
2018-12-03 15:19:55.127 [INFO ] org.springframework.web.servlet.mvc.method.annotation.RequestMappingHandlerAdapter - Looking for @ControllerAdvice: org.springframework.boot.context.embedded.AnnotationConfigEmbeddedWebApplicationContext@183ea8d: startup date [Mon Dec 03 15:19:51 CST 2018]; root of context hierarchy
2018-12-03 15:19:55.135 [INFO ] org.springframework.web.servlet.mvc.method.annotation.RequestMappingHandlerMapping - Mapped "{[/hello]}" onto public java.lang.String com.example.controller.HelloWordController.index()
2018-12-03 15:19:55.136 [INFO ] org.springframework.web.servlet.mvc.method.annotation.RequestMappingHandlerMapping - Mapped "{[/user]}" onto public java.lang.String com.example.controller.HelloWordController.user()
2018-12-03 15:19:55.136 [INFO ] org.springframework.web.servlet.mvc.method.annotation.RequestMappingHandlerMapping - Mapped "{[/mail]}" onto public java.lang.String com.example.controller.MailController.sendSimpleMail()
2018-12-03 15:19:55.137 [INFO ] org.springframework.web.servlet.mvc.method.annotation.RequestMappingHandlerMapping - Mapped "{[/login/login]}" onto public java.lang.String com.system.controller.LoginController.login()
2018-12-03 15:19:55.137 [INFO ] org.springframework.web.servlet.mvc.method.annotation.RequestMappingHandlerMapping - Mapped "{[/login/userLogin]}" onto public java.lang.String com.system.controller.LoginController.userLogin()
2018-12-03 15:19:55.137 [INFO ] org.springframework.web.servlet.mvc.method.annotation.RequestMappingHandlerMapping - Mapped "{[/login/loginToMain]}" onto public java.lang.String com.system.controller.LoginController.loginToMain()
2018-12-03 15:19:55.140 [INFO ] org.springframework.web.servlet.mvc.method.annotation.RequestMappingHandlerMapping - Mapped "{[/error]}" onto public org.springframework.http.ResponseEntity<java.util.Map<java.lang.String, java.lang.Object>> org.springframework.boot.autoconfigure.web.BasicErrorController.error(javax.servlet.http.HttpServletRequest)
2018-12-03 15:19:55.140 [INFO ] org.springframework.web.servlet.mvc.method.annotation.RequestMappingHandlerMapping - Mapped "{[/error],produces=[text/html]}" onto public org.springframework.web.servlet.ModelAndView org.springframework.boot.autoconfigure.web.BasicErrorController.errorHtml(javax.servlet.http.HttpServletRequest,javax.servlet.http.HttpServletResponse)
2018-12-03 15:19:55.158 [INFO ] org.springframework.web.servlet.handler.SimpleUrlHandlerMapping - Mapped URL path [/webjars/**] onto handler of type [class org.springframework.web.servlet.resource.ResourceHttpRequestHandler]
2018-12-03 15:19:55.158 [INFO ] org.springframework.web.servlet.handler.SimpleUrlHandlerMapping - Mapped URL path [/**] onto handler of type [class org.springframework.web.servlet.resource.ResourceHttpRequestHandler]
2018-12-03 15:19:55.169 [INFO ] org.springframework.web.servlet.handler.SimpleUrlHandlerMapping - Mapped URL path [/**/favicon.ico] onto handler of type [class org.springframework.web.servlet.resource.ResourceHttpRequestHandler]
2018-12-03 15:19:55.228 [INFO ] org.springframework.boot.devtools.autoconfigure.OptionalLiveReloadServer - LiveReload server is running on port 35729
2018-12-03 15:19:55.272 [INFO ] org.springframework.jmx.export.annotation.AnnotationMBeanExporter - Registering beans for JMX exposure on startup
2018-12-03 15:19:55.272 [INFO ] org.springframework.jmx.export.annotation.AnnotationMBeanExporter - Bean with name 'dataSource' has been autodetected for JMX exposure
2018-12-03 15:19:55.274 [INFO ] org.springframework.jmx.export.annotation.AnnotationMBeanExporter - Located MBean 'dataSource': registering with JMX server as MBean [com.alibaba.druid.pool:name=dataSource,type=DruidDataSource]
2018-12-03 15:19:55.278 [INFO ] org.apache.coyote.http11.Http11NioProtocol - Starting ProtocolHandler ["http-nio-8080"]
2018-12-03 15:19:55.279 [INFO ] org.apache.tomcat.util.net.NioSelectorPool - Using a shared selector for servlet write/read
2018-12-03 15:19:55.285 [INFO ] org.springframework.boot.context.embedded.tomcat.TomcatEmbeddedServletContainer - Tomcat started on port(s): 8080 (http)
2018-12-03 15:19:55.288 [INFO ] com.DemoApplication - Started DemoApplication in 3.673 seconds (JVM running for 195.922)
