2019-04-22 16:02:25.950 [INFO ] com.DemoApplication - Starting DemoApplication on LAPTOP-5FK7QVSQ with PID 15040 (E:\mywork_study\demo\target\classes started by ZHANGJUN in E:\mywork_study\demo)
2019-04-22 16:02:25.952 [INFO ] com.DemoApplication - The following profiles are active: dataSource,log,mybatis,mail,redis
2019-04-22 16:02:26.010 [INFO ] org.springframework.boot.context.embedded.AnnotationConfigEmbeddedWebApplicationContext - Refreshing org.springframework.boot.context.embedded.AnnotationConfigEmbeddedWebApplicationContext@32e0bf0b: startup date [Mon Apr 22 16:02:26 CST 2019]; root of context hierarchy
2019-04-22 16:02:29.805 [INFO ] org.springframework.data.repository.config.RepositoryConfigurationDelegate - Multiple Spring Data modules found, entering strict repository configuration mode!
2019-04-22 16:02:31.607 [INFO ] org.springframework.context.support.PostProcessorRegistrationDelegate$BeanPostProcessorChecker - Bean 'org.springframework.amqp.rabbit.annotation.RabbitBootstrapConfiguration' of type [org.springframework.amqp.rabbit.annotation.RabbitBootstrapConfiguration$$EnhancerBySpringCGLIB$$35a16ae] is not eligible for getting processed by all BeanPostProcessors (for example: not eligible for auto-proxying)
2019-04-22 16:02:31.654 [INFO ] org.springframework.context.support.PostProcessorRegistrationDelegate$BeanPostProcessorChecker - Bean 'redisConfiguration' of type [com.system.configruation.RedisConfiguration$$EnhancerBySpringCGLIB$$511cc7b0] is not eligible for getting processed by all BeanPostProcessors (for example: not eligible for auto-proxying)
2019-04-22 16:02:31.660 [INFO ] org.springframework.context.support.PostProcessorRegistrationDelegate$BeanPostProcessorChecker - Bean 'org.springframework.transaction.annotation.ProxyTransactionManagementConfiguration' of type [org.springframework.transaction.annotation.ProxyTransactionManagementConfiguration$$EnhancerBySpringCGLIB$$3cee5880] is not eligible for getting processed by all BeanPostProcessors (for example: not eligible for auto-proxying)
2019-04-22 16:02:32.517 [INFO ] org.springframework.boot.context.embedded.tomcat.TomcatEmbeddedServletContainer - Tomcat initialized with port(s): 8080 (http)
2019-04-22 16:02:32.533 [INFO ] org.apache.coyote.http11.Http11NioProtocol - Initializing ProtocolHandler ["http-nio-8080"]
2019-04-22 16:02:32.546 [INFO ] org.apache.catalina.core.StandardService - Starting service [Tomcat]
2019-04-22 16:02:32.546 [INFO ] org.apache.catalina.core.StandardEngine - Starting Servlet Engine: Apache Tomcat/8.5.34
2019-04-22 16:02:32.799 [INFO ] org.apache.jasper.servlet.TldScanner - At least one JAR was scanned for TLDs yet contained no TLDs. Enable debug logging for this logger for a complete list of JARs that were scanned but no TLDs were found in them. Skipping unneeded JARs during scanning can improve startup time and JSP compilation time.
2019-04-22 16:02:32.808 [INFO ] org.apache.catalina.core.ContainerBase.[Tomcat].[localhost].[/demo] - Initializing Spring embedded WebApplicationContext
2019-04-22 16:02:32.808 [INFO ] org.springframework.web.context.ContextLoader - Root WebApplicationContext: initialization completed in 6799 ms
2019-04-22 16:02:33.240 [INFO ] org.springframework.boot.web.servlet.FilterRegistrationBean - Mapping filter: 'characterEncodingFilter' to: [/*]
2019-04-22 16:02:33.240 [INFO ] org.springframework.boot.web.servlet.FilterRegistrationBean - Mapping filter: 'springSessionRepositoryFilter' to: [/*]
2019-04-22 16:02:33.240 [INFO ] org.springframework.boot.web.servlet.FilterRegistrationBean - Mapping filter: 'hiddenHttpMethodFilter' to: [/*]
2019-04-22 16:02:33.240 [INFO ] org.springframework.boot.web.servlet.FilterRegistrationBean - Mapping filter: 'httpPutFormContentFilter' to: [/*]
2019-04-22 16:02:33.240 [INFO ] org.springframework.boot.web.servlet.FilterRegistrationBean - Mapping filter: 'requestContextFilter' to: [/*]
2019-04-22 16:02:33.241 [INFO ] org.springframework.boot.web.servlet.FilterRegistrationBean - Mapping filter: 'XSSFilter' to urls: [/*]
2019-04-22 16:02:33.241 [INFO ] org.springframework.boot.web.servlet.FilterRegistrationBean - Mapping filter: 'fileterMyFilter1' to: [/*]
2019-04-22 16:02:33.241 [INFO ] org.springframework.boot.web.servlet.ServletRegistrationBean - Mapping servlet: 'statViewServlet' to [/druid/*]
2019-04-22 16:02:33.242 [INFO ] org.springframework.boot.web.servlet.ServletRegistrationBean - Mapping servlet: 'dispatcherServlet' to [/]
2019-04-22 16:02:34.078 [INFO ] org.apache.catalina.core.StandardService - Stopping service [Tomcat]
2019-04-22 16:02:34.112 [INFO ] org.springframework.boot.autoconfigure.logging.AutoConfigurationReportLoggingInitializer - 

Error starting ApplicationContext. To display the auto-configuration report re-run your application with 'debug' enabled.
2019-04-22 16:53:47.761 [INFO ] com.DemoApplication - Starting DemoApplication on LAPTOP-5FK7QVSQ with PID 22540 (E:\mywork_study\demo\target\classes started by ZHANGJUN in E:\mywork_study\demo)
2019-04-22 16:53:47.762 [INFO ] com.DemoApplication - The following profiles are active: dataSource,log,mybatis,mail,redis
2019-04-22 16:53:47.811 [INFO ] org.springframework.boot.context.embedded.AnnotationConfigEmbeddedWebApplicationContext - Refreshing org.springframework.boot.context.embedded.AnnotationConfigEmbeddedWebApplicationContext@66e2e8a2: startup date [Mon Apr 22 16:53:47 CST 2019]; root of context hierarchy
2019-04-22 16:53:51.271 [INFO ] org.springframework.data.repository.config.RepositoryConfigurationDelegate - Multiple Spring Data modules found, entering strict repository configuration mode!
2019-04-22 16:53:53.091 [INFO ] org.springframework.context.support.PostProcessorRegistrationDelegate$BeanPostProcessorChecker - Bean 'org.springframework.amqp.rabbit.annotation.RabbitBootstrapConfiguration' of type [org.springframework.amqp.rabbit.annotation.RabbitBootstrapConfiguration$$EnhancerBySpringCGLIB$$5c66de4d] is not eligible for getting processed by all BeanPostProcessors (for example: not eligible for auto-proxying)
2019-04-22 16:53:53.160 [INFO ] org.springframework.context.support.PostProcessorRegistrationDelegate$BeanPostProcessorChecker - Bean 'redisConfiguration' of type [com.system.configruation.RedisConfiguration$$EnhancerBySpringCGLIB$$aa298f4f] is not eligible for getting processed by all BeanPostProcessors (for example: not eligible for auto-proxying)
2019-04-22 16:53:53.173 [INFO ] org.springframework.context.support.PostProcessorRegistrationDelegate$BeanPostProcessorChecker - Bean 'org.springframework.transaction.annotation.ProxyTransactionManagementConfiguration' of type [org.springframework.transaction.annotation.ProxyTransactionManagementConfiguration$$EnhancerBySpringCGLIB$$95fb201f] is not eligible for getting processed by all BeanPostProcessors (for example: not eligible for auto-proxying)
2019-04-22 16:53:54.088 [INFO ] org.springframework.boot.context.embedded.tomcat.TomcatEmbeddedServletContainer - Tomcat initialized with port(s): 8080 (http)
2019-04-22 16:53:54.106 [INFO ] org.apache.coyote.http11.Http11NioProtocol - Initializing ProtocolHandler ["http-nio-8080"]
2019-04-22 16:53:54.119 [INFO ] org.apache.catalina.core.StandardService - Starting service [Tomcat]
2019-04-22 16:53:54.120 [INFO ] org.apache.catalina.core.StandardEngine - Starting Servlet Engine: Apache Tomcat/8.5.34
2019-04-22 16:53:54.376 [INFO ] org.apache.jasper.servlet.TldScanner - At least one JAR was scanned for TLDs yet contained no TLDs. Enable debug logging for this logger for a complete list of JARs that were scanned but no TLDs were found in them. Skipping unneeded JARs during scanning can improve startup time and JSP compilation time.
2019-04-22 16:53:54.382 [INFO ] org.apache.catalina.core.ContainerBase.[Tomcat].[localhost].[/demo] - Initializing Spring embedded WebApplicationContext
2019-04-22 16:53:54.383 [INFO ] org.springframework.web.context.ContextLoader - Root WebApplicationContext: initialization completed in 6572 ms
2019-04-22 16:53:54.765 [INFO ] org.springframework.boot.web.servlet.FilterRegistrationBean - Mapping filter: 'characterEncodingFilter' to: [/*]
2019-04-22 16:53:54.766 [INFO ] org.springframework.boot.web.servlet.FilterRegistrationBean - Mapping filter: 'springSessionRepositoryFilter' to: [/*]
2019-04-22 16:53:54.766 [INFO ] org.springframework.boot.web.servlet.FilterRegistrationBean - Mapping filter: 'hiddenHttpMethodFilter' to: [/*]
2019-04-22 16:53:54.767 [INFO ] org.springframework.boot.web.servlet.FilterRegistrationBean - Mapping filter: 'httpPutFormContentFilter' to: [/*]
2019-04-22 16:53:54.767 [INFO ] org.springframework.boot.web.servlet.FilterRegistrationBean - Mapping filter: 'requestContextFilter' to: [/*]
2019-04-22 16:53:54.767 [INFO ] org.springframework.boot.web.servlet.FilterRegistrationBean - Mapping filter: 'XSSFilter' to urls: [/*]
2019-04-22 16:53:54.767 [INFO ] org.springframework.boot.web.servlet.FilterRegistrationBean - Mapping filter: 'fileterMyFilter1' to: [/*]
2019-04-22 16:53:54.767 [INFO ] org.springframework.boot.web.servlet.ServletRegistrationBean - Mapping servlet: 'statViewServlet' to [/druid/*]
2019-04-22 16:53:54.768 [INFO ] org.springframework.boot.web.servlet.ServletRegistrationBean - Mapping servlet: 'dispatcherServlet' to [/]
2019-04-22 16:53:55.941 [INFO ] org.springframework.web.servlet.mvc.method.annotation.RequestMappingHandlerAdapter - Looking for @ControllerAdvice: org.springframework.boot.context.embedded.AnnotationConfigEmbeddedWebApplicationContext@66e2e8a2: startup date [Mon Apr 22 16:53:47 CST 2019]; root of context hierarchy
2019-04-22 16:53:56.012 [INFO ] org.springframework.web.servlet.mvc.method.annotation.RequestMappingHandlerMapping - Mapped "{[/mail]}" onto public java.lang.String com.example.controller.MailController.sendSimpleMail()
2019-04-22 16:53:56.016 [INFO ] org.springframework.web.servlet.mvc.method.annotation.RequestMappingHandlerMapping - Mapped "{[/weixintest/callback]}" onto public java.lang.String com.example.controller.weixin.WeixinTestController.weChartCallback(java.lang.String,java.lang.String,javax.servlet.http.HttpServletRequest) throws java.lang.Exception
2019-04-22 16:53:56.016 [INFO ] org.springframework.web.servlet.mvc.method.annotation.RequestMappingHandlerMapping - Mapped "{[/weixintest/displayPage]}" onto public java.lang.String com.example.controller.weixin.WeixinTestController.displayPage()
2019-04-22 16:53:56.016 [INFO ] org.springframework.web.servlet.mvc.method.annotation.RequestMappingHandlerMapping - Mapped "{[/weixintest/getWeChartCode]}" onto public java.lang.String com.example.controller.weixin.WeixinTestController.getWeChartCode() throws java.lang.Exception
2019-04-22 16:53:56.016 [INFO ] org.springframework.web.servlet.mvc.method.annotation.RequestMappingHandlerMapping - Mapped "{[/weixintest/afterQueryPage]}" onto public java.lang.String com.example.controller.weixin.WeixinTestController.afterQueryPage()
2019-04-22 16:53:56.017 [INFO ] org.springframework.web.servlet.mvc.method.annotation.RequestMappingHandlerMapping - Mapped "{[/dept/getAllDeptUser]}" onto public java.util.List<com.system.domain.Dept> com.system.controller.DeptController.getAllDeptUser()
2019-04-22 16:53:56.018 [INFO ] org.springframework.web.servlet.mvc.method.annotation.RequestMappingHandlerMapping - Mapped "{[/login/loginToMain]}" onto public java.lang.String com.system.controller.LoginController.loginToMain()
2019-04-22 16:53:56.019 [INFO ] org.springframework.web.servlet.mvc.method.annotation.RequestMappingHandlerMapping - Mapped "{[/login/userLogin]}" onto public java.lang.String com.system.controller.LoginController.userLogin()
2019-04-22 16:53:56.019 [INFO ] org.springframework.web.servlet.mvc.method.annotation.RequestMappingHandlerMapping - Mapped "{[/login/login]}" onto public java.lang.String com.system.controller.LoginController.login()
2019-04-22 16:53:56.020 [INFO ] org.springframework.web.servlet.mvc.method.annotation.RequestMappingHandlerMapping - Mapped "{[/user/getUserByPage]}" onto public com.system.utils.MyPage com.system.controller.UserController.getUsersByPage()
2019-04-22 16:53:56.021 [INFO ] org.springframework.web.servlet.mvc.method.annotation.RequestMappingHandlerMapping - Mapped "{[/user/uid]}" onto java.lang.String com.system.controller.UserController.uid()
2019-04-22 16:53:56.022 [INFO ] org.springframework.web.servlet.mvc.method.annotation.RequestMappingHandlerMapping - Mapped "{[/error]}" onto public org.springframework.http.ResponseEntity<java.util.Map<java.lang.String, java.lang.Object>> org.springframework.boot.autoconfigure.web.BasicErrorController.error(javax.servlet.http.HttpServletRequest)
2019-04-22 16:53:56.023 [INFO ] org.springframework.web.servlet.mvc.method.annotation.RequestMappingHandlerMapping - Mapped "{[/error],produces=[text/html]}" onto public org.springframework.web.servlet.ModelAndView org.springframework.boot.autoconfigure.web.BasicErrorController.errorHtml(javax.servlet.http.HttpServletRequest,javax.servlet.http.HttpServletResponse)
2019-04-22 16:53:56.056 [INFO ] org.springframework.web.servlet.handler.SimpleUrlHandlerMapping - Mapped URL path [/webjars/**] onto handler of type [class org.springframework.web.servlet.resource.ResourceHttpRequestHandler]
2019-04-22 16:53:56.056 [INFO ] org.springframework.web.servlet.handler.SimpleUrlHandlerMapping - Mapped URL path [/**] onto handler of type [class org.springframework.web.servlet.resource.ResourceHttpRequestHandler]
2019-04-22 16:53:56.104 [INFO ] org.springframework.web.servlet.handler.SimpleUrlHandlerMapping - Mapped URL path [/**/favicon.ico] onto handler of type [class org.springframework.web.servlet.resource.ResourceHttpRequestHandler]
2019-04-22 16:53:56.604 [INFO ] org.springframework.boot.devtools.autoconfigure.OptionalLiveReloadServer - LiveReload server is running on port 35729
2019-04-22 16:53:56.664 [INFO ] org.springframework.jmx.export.annotation.AnnotationMBeanExporter - Registering beans for JMX exposure on startup
2019-04-22 16:53:56.666 [INFO ] org.springframework.jmx.export.annotation.AnnotationMBeanExporter - Bean with name 'dataSource' has been autodetected for JMX exposure
2019-04-22 16:53:56.671 [INFO ] org.springframework.jmx.export.annotation.AnnotationMBeanExporter - Bean with name 'connectionFactory' has been autodetected for JMX exposure
2019-04-22 16:53:56.674 [INFO ] org.springframework.jmx.export.annotation.AnnotationMBeanExporter - Located managed bean 'connectionFactory': registering with JMX server as MBean [org.springframework.amqp.rabbit.connection:name=connectionFactory,type=CachingConnectionFactory]
2019-04-22 16:53:56.691 [INFO ] org.springframework.jmx.export.annotation.AnnotationMBeanExporter - Located MBean 'dataSource': registering with JMX server as MBean [com.alibaba.druid.pool:name=dataSource,type=DruidDataSource]
2019-04-22 16:53:56.723 [INFO ] org.springframework.context.support.DefaultLifecycleProcessor - Starting beans in phase 2147483647
2019-04-22 16:53:56.737 [INFO ] org.springframework.amqp.rabbit.connection.CachingConnectionFactory - Attempting to connect to: 127.0.0.1:5672
2019-04-22 16:53:56.806 [INFO ] org.springframework.amqp.rabbit.connection.CachingConnectionFactory - Created new connection: connectionFactory#30e8afca:0/SimpleConnection@7ea2ccdf [delegate=amqp://zhangjun@127.0.0.1:5672/test, localPort= 54360]
2019-04-22 16:53:56.865 [INFO ] org.springframework.scheduling.annotation.ScheduledAnnotationBeanPostProcessor - No TaskScheduler/ScheduledExecutorService bean found for scheduled processing
2019-04-22 16:53:56.873 [INFO ] org.apache.coyote.http11.Http11NioProtocol - Starting ProtocolHandler ["http-nio-8080"]
2019-04-22 16:53:56.884 [INFO ] org.apache.tomcat.util.net.NioSelectorPool - Using a shared selector for servlet write/read
2019-04-22 16:53:56.924 [INFO ] org.springframework.boot.context.embedded.tomcat.TomcatEmbeddedServletContainer - Tomcat started on port(s): 8080 (http)
2019-04-22 16:53:56.928 [INFO ] com.DemoApplication - Started DemoApplication in 9.715 seconds (JVM running for 10.28)
