2018-12-10 16:30:52.577 [INFO ] com.DemoApplication - Starting DemoApplication on LAPTOP-5FK7QVSQ with PID 7864 (E:\mywork_study\demo\demo\target\classes started by ZHANGJUN in E:\mywork_study\demo\demo)
2018-12-10 16:30:52.578 [INFO ] com.DemoApplication - The following profiles are active: dataSource,log,mybatis,mail
2018-12-10 16:30:52.631 [INFO ] org.springframework.boot.context.embedded.AnnotationConfigEmbeddedWebApplicationContext - Refreshing org.springframework.boot.context.embedded.AnnotationConfigEmbeddedWebApplicationContext@2b8515bf: startup date [Mon Dec 10 16:30:52 CST 2018]; root of context hierarchy
2018-12-10 16:30:57.481 [INFO ] org.springframework.context.support.PostProcessorRegistrationDelegate$BeanPostProcessorChecker - Bean 'org.springframework.transaction.annotation.ProxyTransactionManagementConfiguration' of type [org.springframework.transaction.annotation.ProxyTransactionManagementConfiguration$$EnhancerBySpringCGLIB$$c6a2b46e] is not eligible for getting processed by all BeanPostProcessors (for example: not eligible for auto-proxying)
2018-12-10 16:30:58.188 [INFO ] org.springframework.boot.context.embedded.tomcat.TomcatEmbeddedServletContainer - Tomcat initialized with port(s): 8080 (http)
2018-12-10 16:30:58.205 [INFO ] org.apache.coyote.http11.Http11NioProtocol - Initializing ProtocolHandler ["http-nio-8080"]
2018-12-10 16:30:58.219 [INFO ] org.apache.catalina.core.StandardService - Starting service [Tomcat]
2018-12-10 16:30:58.219 [INFO ] org.apache.catalina.core.StandardEngine - Starting Servlet Engine: Apache Tomcat/8.5.34
2018-12-10 16:30:58.559 [INFO ] org.apache.jasper.servlet.TldScanner - At least one JAR was scanned for TLDs yet contained no TLDs. Enable debug logging for this logger for a complete list of JARs that were scanned but no TLDs were found in them. Skipping unneeded JARs during scanning can improve startup time and JSP compilation time.
2018-12-10 16:30:58.567 [INFO ] org.apache.catalina.core.ContainerBase.[Tomcat].[localhost].[/demo] - Initializing Spring embedded WebApplicationContext
2018-12-10 16:30:58.567 [INFO ] org.springframework.web.context.ContextLoader - Root WebApplicationContext: initialization completed in 5936 ms
2018-12-10 16:30:58.840 [INFO ] org.springframework.boot.web.servlet.FilterRegistrationBean - Mapping filter: 'characterEncodingFilter' to: [/*]
2018-12-10 16:30:58.840 [INFO ] org.springframework.boot.web.servlet.FilterRegistrationBean - Mapping filter: 'hiddenHttpMethodFilter' to: [/*]
2018-12-10 16:30:58.841 [INFO ] org.springframework.boot.web.servlet.FilterRegistrationBean - Mapping filter: 'httpPutFormContentFilter' to: [/*]
2018-12-10 16:30:58.841 [INFO ] org.springframework.boot.web.servlet.FilterRegistrationBean - Mapping filter: 'requestContextFilter' to: [/*]
2018-12-10 16:30:58.841 [INFO ] org.springframework.boot.web.servlet.FilterRegistrationBean - Mapping filter: 'MyFilter' to urls: [/*]
2018-12-10 16:30:58.841 [INFO ] org.springframework.boot.web.servlet.FilterRegistrationBean - Mapping filter: 'fileterMyFilter1' to: [/*]
2018-12-10 16:30:58.841 [INFO ] org.springframework.boot.web.servlet.ServletRegistrationBean - Mapping servlet: 'statViewServlet' to [/druid/*]
2018-12-10 16:30:58.842 [INFO ] org.springframework.boot.web.servlet.ServletRegistrationBean - Mapping servlet: 'dispatcherServlet' to [/]
2018-12-10 16:30:59.102 [INFO ] com.alibaba.druid.pool.DruidDataSource - {dataSource-1} inited
2018-12-10 16:31:00.058 [INFO ] org.springframework.orm.jpa.LocalContainerEntityManagerFactoryBean - Building JPA container EntityManagerFactory for persistence unit 'default'
2018-12-10 16:31:00.967 [INFO ] org.springframework.orm.jpa.LocalContainerEntityManagerFactoryBean - Initialized JPA EntityManagerFactory for persistence unit 'default'
2018-12-10 16:31:01.348 [INFO ] org.springframework.orm.jpa.LocalContainerEntityManagerFactoryBean - Closing JPA EntityManagerFactory for persistence unit 'default'
2018-12-10 16:31:01.353 [INFO ] com.alibaba.druid.pool.DruidDataSource - {dataSource-1} closed
2018-12-10 16:31:01.356 [INFO ] org.apache.catalina.core.StandardService - Stopping service [Tomcat]
2018-12-10 16:31:01.373 [INFO ] org.springframework.boot.autoconfigure.logging.AutoConfigurationReportLoggingInitializer - 

Error starting ApplicationContext. To display the auto-configuration report re-run your application with 'debug' enabled.
2018-12-10 16:36:16.400 [INFO ] com.DemoApplication - Starting DemoApplication on LAPTOP-5FK7QVSQ with PID 11128 (E:\mywork_study\demo\demo\target\classes started by ZHANGJUN in E:\mywork_study\demo\demo)
2018-12-10 16:36:16.401 [INFO ] com.DemoApplication - The following profiles are active: dataSource,log,mybatis,mail
2018-12-10 16:36:16.453 [INFO ] org.springframework.boot.context.embedded.AnnotationConfigEmbeddedWebApplicationContext - Refreshing org.springframework.boot.context.embedded.AnnotationConfigEmbeddedWebApplicationContext@4f22bfd6: startup date [Mon Dec 10 16:36:16 CST 2018]; root of context hierarchy
2018-12-10 16:36:21.168 [INFO ] org.springframework.context.support.PostProcessorRegistrationDelegate$BeanPostProcessorChecker - Bean 'org.springframework.transaction.annotation.ProxyTransactionManagementConfiguration' of type [org.springframework.transaction.annotation.ProxyTransactionManagementConfiguration$$EnhancerBySpringCGLIB$$9ec38f00] is not eligible for getting processed by all BeanPostProcessors (for example: not eligible for auto-proxying)
2018-12-10 16:36:21.785 [INFO ] org.springframework.boot.context.embedded.tomcat.TomcatEmbeddedServletContainer - Tomcat initialized with port(s): 8080 (http)
2018-12-10 16:36:21.799 [INFO ] org.apache.coyote.http11.Http11NioProtocol - Initializing ProtocolHandler ["http-nio-8080"]
2018-12-10 16:36:21.812 [INFO ] org.apache.catalina.core.StandardService - Starting service [Tomcat]
2018-12-10 16:36:21.812 [INFO ] org.apache.catalina.core.StandardEngine - Starting Servlet Engine: Apache Tomcat/8.5.34
2018-12-10 16:36:22.141 [INFO ] org.apache.jasper.servlet.TldScanner - At least one JAR was scanned for TLDs yet contained no TLDs. Enable debug logging for this logger for a complete list of JARs that were scanned but no TLDs were found in them. Skipping unneeded JARs during scanning can improve startup time and JSP compilation time.
2018-12-10 16:36:22.148 [INFO ] org.apache.catalina.core.ContainerBase.[Tomcat].[localhost].[/demo] - Initializing Spring embedded WebApplicationContext
2018-12-10 16:36:22.148 [INFO ] org.springframework.web.context.ContextLoader - Root WebApplicationContext: initialization completed in 5695 ms
2018-12-10 16:36:22.398 [INFO ] org.springframework.boot.web.servlet.FilterRegistrationBean - Mapping filter: 'characterEncodingFilter' to: [/*]
2018-12-10 16:36:22.399 [INFO ] org.springframework.boot.web.servlet.FilterRegistrationBean - Mapping filter: 'hiddenHttpMethodFilter' to: [/*]
2018-12-10 16:36:22.399 [INFO ] org.springframework.boot.web.servlet.FilterRegistrationBean - Mapping filter: 'httpPutFormContentFilter' to: [/*]
2018-12-10 16:36:22.399 [INFO ] org.springframework.boot.web.servlet.FilterRegistrationBean - Mapping filter: 'requestContextFilter' to: [/*]
2018-12-10 16:36:22.399 [INFO ] org.springframework.boot.web.servlet.FilterRegistrationBean - Mapping filter: 'MyFilter' to urls: [/*]
2018-12-10 16:36:22.399 [INFO ] org.springframework.boot.web.servlet.FilterRegistrationBean - Mapping filter: 'fileterMyFilter1' to: [/*]
2018-12-10 16:36:22.399 [INFO ] org.springframework.boot.web.servlet.ServletRegistrationBean - Mapping servlet: 'statViewServlet' to [/druid/*]
2018-12-10 16:36:22.401 [INFO ] org.springframework.boot.web.servlet.ServletRegistrationBean - Mapping servlet: 'dispatcherServlet' to [/]
2018-12-10 16:36:22.642 [INFO ] com.alibaba.druid.pool.DruidDataSource - {dataSource-1} inited
2018-12-10 16:36:23.562 [INFO ] org.springframework.orm.jpa.LocalContainerEntityManagerFactoryBean - Building JPA container EntityManagerFactory for persistence unit 'default'
2018-12-10 16:36:24.266 [INFO ] org.springframework.orm.jpa.LocalContainerEntityManagerFactoryBean - Initialized JPA EntityManagerFactory for persistence unit 'default'
2018-12-10 16:36:24.599 [INFO ] org.springframework.orm.jpa.LocalContainerEntityManagerFactoryBean - Closing JPA EntityManagerFactory for persistence unit 'default'
2018-12-10 16:36:24.604 [INFO ] com.alibaba.druid.pool.DruidDataSource - {dataSource-1} closed
2018-12-10 16:36:24.607 [INFO ] org.apache.catalina.core.StandardService - Stopping service [Tomcat]
2018-12-10 16:36:24.649 [INFO ] org.springframework.boot.autoconfigure.logging.AutoConfigurationReportLoggingInitializer - 

Error starting ApplicationContext. To display the auto-configuration report re-run your application with 'debug' enabled.
2018-12-10 16:47:51.972 [INFO ] com.DemoApplication - Starting DemoApplication on LAPTOP-5FK7QVSQ with PID 7484 (E:\mywork_study\demo\demo\target\classes started by ZHANGJUN in E:\mywork_study\demo\demo)
2018-12-10 16:47:51.973 [INFO ] com.DemoApplication - The following profiles are active: dataSource,log,mybatis,mail
2018-12-10 16:47:52.024 [INFO ] org.springframework.boot.context.embedded.AnnotationConfigEmbeddedWebApplicationContext - Refreshing org.springframework.boot.context.embedded.AnnotationConfigEmbeddedWebApplicationContext@4426edc5: startup date [Mon Dec 10 16:47:52 CST 2018]; root of context hierarchy
2018-12-10 16:47:56.645 [INFO ] org.springframework.context.support.PostProcessorRegistrationDelegate$BeanPostProcessorChecker - Bean 'org.springframework.transaction.annotation.ProxyTransactionManagementConfiguration' of type [org.springframework.transaction.annotation.ProxyTransactionManagementConfiguration$$EnhancerBySpringCGLIB$$81cdc8a2] is not eligible for getting processed by all BeanPostProcessors (for example: not eligible for auto-proxying)
2018-12-10 16:47:57.220 [INFO ] org.springframework.boot.context.embedded.tomcat.TomcatEmbeddedServletContainer - Tomcat initialized with port(s): 8080 (http)
2018-12-10 16:47:57.233 [INFO ] org.apache.coyote.http11.Http11NioProtocol - Initializing ProtocolHandler ["http-nio-8080"]
2018-12-10 16:47:57.243 [INFO ] org.apache.catalina.core.StandardService - Starting service [Tomcat]
2018-12-10 16:47:57.244 [INFO ] org.apache.catalina.core.StandardEngine - Starting Servlet Engine: Apache Tomcat/8.5.34
2018-12-10 16:47:57.564 [INFO ] org.apache.jasper.servlet.TldScanner - At least one JAR was scanned for TLDs yet contained no TLDs. Enable debug logging for this logger for a complete list of JARs that were scanned but no TLDs were found in them. Skipping unneeded JARs during scanning can improve startup time and JSP compilation time.
2018-12-10 16:47:57.569 [INFO ] org.apache.catalina.core.ContainerBase.[Tomcat].[localhost].[/demo] - Initializing Spring embedded WebApplicationContext
2018-12-10 16:47:57.569 [INFO ] org.springframework.web.context.ContextLoader - Root WebApplicationContext: initialization completed in 5545 ms
2018-12-10 16:47:57.814 [INFO ] org.springframework.boot.web.servlet.FilterRegistrationBean - Mapping filter: 'characterEncodingFilter' to: [/*]
2018-12-10 16:47:57.815 [INFO ] org.springframework.boot.web.servlet.FilterRegistrationBean - Mapping filter: 'hiddenHttpMethodFilter' to: [/*]
2018-12-10 16:47:57.815 [INFO ] org.springframework.boot.web.servlet.FilterRegistrationBean - Mapping filter: 'httpPutFormContentFilter' to: [/*]
2018-12-10 16:47:57.815 [INFO ] org.springframework.boot.web.servlet.FilterRegistrationBean - Mapping filter: 'requestContextFilter' to: [/*]
2018-12-10 16:47:57.815 [INFO ] org.springframework.boot.web.servlet.FilterRegistrationBean - Mapping filter: 'MyFilter' to urls: [/*]
2018-12-10 16:47:57.815 [INFO ] org.springframework.boot.web.servlet.FilterRegistrationBean - Mapping filter: 'fileterMyFilter1' to: [/*]
2018-12-10 16:47:57.816 [INFO ] org.springframework.boot.web.servlet.ServletRegistrationBean - Mapping servlet: 'statViewServlet' to [/druid/*]
2018-12-10 16:47:57.817 [INFO ] org.springframework.boot.web.servlet.ServletRegistrationBean - Mapping servlet: 'dispatcherServlet' to [/]
2018-12-10 16:47:58.045 [INFO ] com.alibaba.druid.pool.DruidDataSource - {dataSource-1} inited
2018-12-10 16:47:58.958 [INFO ] org.springframework.orm.jpa.LocalContainerEntityManagerFactoryBean - Building JPA container EntityManagerFactory for persistence unit 'default'
2018-12-10 16:47:59.671 [INFO ] org.springframework.orm.jpa.LocalContainerEntityManagerFactoryBean - Initialized JPA EntityManagerFactory for persistence unit 'default'
2018-12-10 16:47:59.998 [INFO ] org.springframework.orm.jpa.LocalContainerEntityManagerFactoryBean - Closing JPA EntityManagerFactory for persistence unit 'default'
2018-12-10 16:48:00.004 [INFO ] com.alibaba.druid.pool.DruidDataSource - {dataSource-1} closed
2018-12-10 16:48:00.007 [INFO ] org.apache.catalina.core.StandardService - Stopping service [Tomcat]
2018-12-10 16:48:00.022 [INFO ] org.springframework.boot.autoconfigure.logging.AutoConfigurationReportLoggingInitializer - 

Error starting ApplicationContext. To display the auto-configuration report re-run your application with 'debug' enabled.
2018-12-10 16:54:23.528 [INFO ] com.DemoApplication - Starting DemoApplication on LAPTOP-5FK7QVSQ with PID 8964 (E:\mywork_study\demo\demo\target\classes started by ZHANGJUN in E:\mywork_study\demo\demo)
2018-12-10 16:54:23.529 [INFO ] com.DemoApplication - The following profiles are active: dataSource,log,mybatis,mail
2018-12-10 16:54:23.582 [INFO ] org.springframework.boot.context.embedded.AnnotationConfigEmbeddedWebApplicationContext - Refreshing org.springframework.boot.context.embedded.AnnotationConfigEmbeddedWebApplicationContext@4d788a72: startup date [Mon Dec 10 16:54:23 CST 2018]; root of context hierarchy
2018-12-10 16:54:27.653 [INFO ] org.springframework.boot.context.embedded.tomcat.TomcatEmbeddedServletContainer - Tomcat initialized with port(s): 8080 (http)
2018-12-10 16:54:27.670 [INFO ] org.apache.coyote.http11.Http11NioProtocol - Initializing ProtocolHandler ["http-nio-8080"]
2018-12-10 16:54:27.680 [INFO ] org.apache.catalina.core.StandardService - Starting service [Tomcat]
2018-12-10 16:54:27.681 [INFO ] org.apache.catalina.core.StandardEngine - Starting Servlet Engine: Apache Tomcat/8.5.34
2018-12-10 16:54:27.985 [INFO ] org.apache.jasper.servlet.TldScanner - At least one JAR was scanned for TLDs yet contained no TLDs. Enable debug logging for this logger for a complete list of JARs that were scanned but no TLDs were found in them. Skipping unneeded JARs during scanning can improve startup time and JSP compilation time.
2018-12-10 16:54:27.991 [INFO ] org.apache.catalina.core.ContainerBase.[Tomcat].[localhost].[/demo] - Initializing Spring embedded WebApplicationContext
2018-12-10 16:54:27.991 [INFO ] org.springframework.web.context.ContextLoader - Root WebApplicationContext: initialization completed in 4409 ms
2018-12-10 16:54:28.221 [INFO ] org.springframework.boot.web.servlet.FilterRegistrationBean - Mapping filter: 'characterEncodingFilter' to: [/*]
2018-12-10 16:54:28.222 [INFO ] org.springframework.boot.web.servlet.FilterRegistrationBean - Mapping filter: 'hiddenHttpMethodFilter' to: [/*]
2018-12-10 16:54:28.222 [INFO ] org.springframework.boot.web.servlet.FilterRegistrationBean - Mapping filter: 'httpPutFormContentFilter' to: [/*]
2018-12-10 16:54:28.222 [INFO ] org.springframework.boot.web.servlet.FilterRegistrationBean - Mapping filter: 'requestContextFilter' to: [/*]
2018-12-10 16:54:28.222 [INFO ] org.springframework.boot.web.servlet.FilterRegistrationBean - Mapping filter: 'MyFilter' to urls: [/*]
2018-12-10 16:54:28.222 [INFO ] org.springframework.boot.web.servlet.FilterRegistrationBean - Mapping filter: 'fileterMyFilter1' to: [/*]
2018-12-10 16:54:28.223 [INFO ] org.springframework.boot.web.servlet.ServletRegistrationBean - Mapping servlet: 'statViewServlet' to [/druid/*]
2018-12-10 16:54:28.224 [INFO ] org.springframework.boot.web.servlet.ServletRegistrationBean - Mapping servlet: 'dispatcherServlet' to [/]
2018-12-10 16:54:28.513 [INFO ] org.apache.catalina.core.StandardService - Stopping service [Tomcat]
2018-12-10 16:54:28.538 [INFO ] org.springframework.boot.autoconfigure.logging.AutoConfigurationReportLoggingInitializer - 

Error starting ApplicationContext. To display the auto-configuration report re-run your application with 'debug' enabled.
2018-12-10 16:58:06.578 [INFO ] com.DemoApplication - Starting DemoApplication on LAPTOP-5FK7QVSQ with PID 11200 (E:\mywork_study\demo\demo\target\classes started by ZHANGJUN in E:\mywork_study\demo\demo)
2018-12-10 16:58:06.579 [INFO ] com.DemoApplication - The following profiles are active: dataSource,log,mybatis,mail
2018-12-10 16:58:06.630 [INFO ] org.springframework.boot.context.embedded.AnnotationConfigEmbeddedWebApplicationContext - Refreshing org.springframework.boot.context.embedded.AnnotationConfigEmbeddedWebApplicationContext@5d060948: startup date [Mon Dec 10 16:58:06 CST 2018]; root of context hierarchy
2018-12-10 16:58:10.756 [INFO ] org.springframework.boot.context.embedded.tomcat.TomcatEmbeddedServletContainer - Tomcat initialized with port(s): 8080 (http)
2018-12-10 16:58:10.772 [INFO ] org.apache.coyote.http11.Http11NioProtocol - Initializing ProtocolHandler ["http-nio-8080"]
2018-12-10 16:58:10.783 [INFO ] org.apache.catalina.core.StandardService - Starting service [Tomcat]
2018-12-10 16:58:10.783 [INFO ] org.apache.catalina.core.StandardEngine - Starting Servlet Engine: Apache Tomcat/8.5.34
2018-12-10 16:58:11.079 [INFO ] org.apache.jasper.servlet.TldScanner - At least one JAR was scanned for TLDs yet contained no TLDs. Enable debug logging for this logger for a complete list of JARs that were scanned but no TLDs were found in them. Skipping unneeded JARs during scanning can improve startup time and JSP compilation time.
2018-12-10 16:58:11.084 [INFO ] org.apache.catalina.core.ContainerBase.[Tomcat].[localhost].[/demo] - Initializing Spring embedded WebApplicationContext
2018-12-10 16:58:11.085 [INFO ] org.springframework.web.context.ContextLoader - Root WebApplicationContext: initialization completed in 4455 ms
2018-12-10 16:58:11.314 [INFO ] org.springframework.boot.web.servlet.FilterRegistrationBean - Mapping filter: 'characterEncodingFilter' to: [/*]
2018-12-10 16:58:11.314 [INFO ] org.springframework.boot.web.servlet.FilterRegistrationBean - Mapping filter: 'hiddenHttpMethodFilter' to: [/*]
2018-12-10 16:58:11.315 [INFO ] org.springframework.boot.web.servlet.FilterRegistrationBean - Mapping filter: 'httpPutFormContentFilter' to: [/*]
2018-12-10 16:58:11.315 [INFO ] org.springframework.boot.web.servlet.FilterRegistrationBean - Mapping filter: 'requestContextFilter' to: [/*]
2018-12-10 16:58:11.315 [INFO ] org.springframework.boot.web.servlet.FilterRegistrationBean - Mapping filter: 'MyFilter' to urls: [/*]
2018-12-10 16:58:11.315 [INFO ] org.springframework.boot.web.servlet.FilterRegistrationBean - Mapping filter: 'fileterMyFilter1' to: [/*]
2018-12-10 16:58:11.315 [INFO ] org.springframework.boot.web.servlet.ServletRegistrationBean - Mapping servlet: 'statViewServlet' to [/druid/*]
2018-12-10 16:58:11.316 [INFO ] org.springframework.boot.web.servlet.ServletRegistrationBean - Mapping servlet: 'dispatcherServlet' to [/]
2018-12-10 16:58:11.596 [INFO ] org.apache.catalina.core.StandardService - Stopping service [Tomcat]
2018-12-10 16:58:11.623 [INFO ] org.springframework.boot.autoconfigure.logging.AutoConfigurationReportLoggingInitializer - 

Error starting ApplicationContext. To display the auto-configuration report re-run your application with 'debug' enabled.
