2018-12-18 10:24:47.339 [INFO ] com.DemoApplication - Starting DemoApplication on LAPTOP-5FK7QVSQ with PID 2344 (E:\mywork_study\demo\demo\target\classes started by ZHANGJUN in E:\mywork_study\demo\demo)
2018-12-18 10:24:47.340 [INFO ] com.DemoApplication - The following profiles are active: dataSource,log,mybatis,mail
2018-12-18 10:24:47.417 [INFO ] org.springframework.boot.context.embedded.AnnotationConfigEmbeddedWebApplicationContext - Refreshing org.springframework.boot.context.embedded.AnnotationConfigEmbeddedWebApplicationContext@5872ee46: startup date [Tue Dec 18 10:24:47 CST 2018]; root of context hierarchy
2018-12-18 10:24:53.003 [INFO ] org.springframework.boot.context.embedded.tomcat.TomcatEmbeddedServletContainer - Tomcat initialized with port(s): 8080 (http)
2018-12-18 10:24:53.027 [INFO ] org.apache.coyote.http11.Http11NioProtocol - Initializing ProtocolHandler ["http-nio-8080"]
2018-12-18 10:24:53.044 [INFO ] org.apache.catalina.core.StandardService - Starting service [Tomcat]
2018-12-18 10:24:53.044 [INFO ] org.apache.catalina.core.StandardEngine - Starting Servlet Engine: Apache Tomcat/8.5.34
2018-12-18 10:24:53.427 [INFO ] org.apache.jasper.servlet.TldScanner - At least one JAR was scanned for TLDs yet contained no TLDs. Enable debug logging for this logger for a complete list of JARs that were scanned but no TLDs were found in them. Skipping unneeded JARs during scanning can improve startup time and JSP compilation time.
2018-12-18 10:24:53.434 [INFO ] org.apache.catalina.core.ContainerBase.[Tomcat].[localhost].[/demo] - Initializing Spring embedded WebApplicationContext
2018-12-18 10:24:53.434 [INFO ] org.springframework.web.context.ContextLoader - Root WebApplicationContext: initialization completed in 6018 ms
2018-12-18 10:24:53.730 [INFO ] org.springframework.boot.web.servlet.FilterRegistrationBean - Mapping filter: 'characterEncodingFilter' to: [/*]
2018-12-18 10:24:53.730 [INFO ] org.springframework.boot.web.servlet.FilterRegistrationBean - Mapping filter: 'hiddenHttpMethodFilter' to: [/*]
2018-12-18 10:24:53.731 [INFO ] org.springframework.boot.web.servlet.FilterRegistrationBean - Mapping filter: 'httpPutFormContentFilter' to: [/*]
2018-12-18 10:24:53.731 [INFO ] org.springframework.boot.web.servlet.FilterRegistrationBean - Mapping filter: 'requestContextFilter' to: [/*]
2018-12-18 10:24:53.731 [INFO ] org.springframework.boot.web.servlet.FilterRegistrationBean - Mapping filter: 'MyFilter' to urls: [/*]
2018-12-18 10:24:53.731 [INFO ] org.springframework.boot.web.servlet.FilterRegistrationBean - Mapping filter: 'fileterMyFilter1' to: [/*]
2018-12-18 10:24:53.731 [INFO ] org.springframework.boot.web.servlet.ServletRegistrationBean - Mapping servlet: 'statViewServlet' to [/druid/*]
2018-12-18 10:24:53.732 [INFO ] org.springframework.boot.web.servlet.ServletRegistrationBean - Mapping servlet: 'dispatcherServlet' to [/]
2018-12-18 10:24:54.870 [INFO ] org.springframework.web.servlet.mvc.method.annotation.RequestMappingHandlerAdapter - Looking for @ControllerAdvice: org.springframework.boot.context.embedded.AnnotationConfigEmbeddedWebApplicationContext@5872ee46: startup date [Tue Dec 18 10:24:47 CST 2018]; root of context hierarchy
2018-12-18 10:24:54.951 [INFO ] org.springframework.web.servlet.mvc.method.annotation.RequestMappingHandlerMapping - Mapped "{[/mail]}" onto public java.lang.String com.example.controller.MailController.sendSimpleMail()
2018-12-18 10:24:54.954 [INFO ] org.springframework.web.servlet.mvc.method.annotation.RequestMappingHandlerMapping - Mapped "{[/login/userLogin]}" onto public java.lang.String com.system.controller.LoginController.userLogin()
2018-12-18 10:24:54.954 [INFO ] org.springframework.web.servlet.mvc.method.annotation.RequestMappingHandlerMapping - Mapped "{[/login/login]}" onto public java.lang.String com.system.controller.LoginController.login()
2018-12-18 10:24:54.954 [INFO ] org.springframework.web.servlet.mvc.method.annotation.RequestMappingHandlerMapping - Mapped "{[/login/loginToMain]}" onto public java.lang.String com.system.controller.LoginController.loginToMain()
2018-12-18 10:24:54.955 [INFO ] org.springframework.web.servlet.mvc.method.annotation.RequestMappingHandlerMapping - Mapped "{[/user/getUserByPage]}" onto public com.system.utils.MyPage com.system.controller.UserController.getUsersByPage()
2018-12-18 10:24:54.957 [INFO ] org.springframework.web.servlet.mvc.method.annotation.RequestMappingHandlerMapping - Mapped "{[/error]}" onto public org.springframework.http.ResponseEntity<java.util.Map<java.lang.String, java.lang.Object>> org.springframework.boot.autoconfigure.web.BasicErrorController.error(javax.servlet.http.HttpServletRequest)
2018-12-18 10:24:54.958 [INFO ] org.springframework.web.servlet.mvc.method.annotation.RequestMappingHandlerMapping - Mapped "{[/error],produces=[text/html]}" onto public org.springframework.web.servlet.ModelAndView org.springframework.boot.autoconfigure.web.BasicErrorController.errorHtml(javax.servlet.http.HttpServletRequest,javax.servlet.http.HttpServletResponse)
2018-12-18 10:24:54.998 [INFO ] org.springframework.web.servlet.handler.SimpleUrlHandlerMapping - Mapped URL path [/webjars/**] onto handler of type [class org.springframework.web.servlet.resource.ResourceHttpRequestHandler]
2018-12-18 10:24:54.999 [INFO ] org.springframework.web.servlet.handler.SimpleUrlHandlerMapping - Mapped URL path [/**] onto handler of type [class org.springframework.web.servlet.resource.ResourceHttpRequestHandler]
2018-12-18 10:24:55.074 [INFO ] org.springframework.web.servlet.handler.SimpleUrlHandlerMapping - Mapped URL path [/**/favicon.ico] onto handler of type [class org.springframework.web.servlet.resource.ResourceHttpRequestHandler]
2018-12-18 10:24:55.546 [INFO ] org.springframework.boot.devtools.autoconfigure.OptionalLiveReloadServer - LiveReload server is running on port 35729
2018-12-18 10:24:55.711 [INFO ] org.springframework.jmx.export.annotation.AnnotationMBeanExporter - Registering beans for JMX exposure on startup
2018-12-18 10:24:55.713 [INFO ] org.springframework.jmx.export.annotation.AnnotationMBeanExporter - Bean with name 'dataSource' has been autodetected for JMX exposure
2018-12-18 10:24:55.717 [INFO ] org.springframework.jmx.export.annotation.AnnotationMBeanExporter - Located MBean 'dataSource': registering with JMX server as MBean [com.alibaba.druid.pool:name=dataSource,type=DruidDataSource]
2018-12-18 10:24:55.772 [INFO ] org.apache.coyote.http11.Http11NioProtocol - Starting ProtocolHandler ["http-nio-8080"]
2018-12-18 10:24:55.795 [INFO ] org.apache.tomcat.util.net.NioSelectorPool - Using a shared selector for servlet write/read
2018-12-18 10:24:55.827 [INFO ] org.springframework.boot.context.embedded.tomcat.TomcatEmbeddedServletContainer - Tomcat started on port(s): 8080 (http)
2018-12-18 10:24:55.833 [INFO ] com.DemoApplication - Started DemoApplication in 9.495 seconds (JVM running for 10.381)
2018-12-18 10:25:46.689 [INFO ] org.springframework.boot.context.embedded.AnnotationConfigEmbeddedWebApplicationContext - Closing org.springframework.boot.context.embedded.AnnotationConfigEmbeddedWebApplicationContext@5872ee46: startup date [Tue Dec 18 10:24:47 CST 2018]; root of context hierarchy
2018-12-18 10:25:46.693 [INFO ] org.springframework.jmx.export.annotation.AnnotationMBeanExporter - Unregistering JMX-exposed beans on shutdown
2018-12-18 10:25:46.694 [INFO ] org.springframework.jmx.export.annotation.AnnotationMBeanExporter - Unregistering JMX-exposed beans
2018-12-18 10:27:35.137 [INFO ] com.DemoApplication - Starting DemoApplication on LAPTOP-5FK7QVSQ with PID 2344 (E:\mywork_study\demo\demo\target\classes started by ZHANGJUN in E:\mywork_study\demo\demo)
2018-12-18 10:27:35.137 [INFO ] com.DemoApplication - The following profiles are active: dataSource,log,mybatis,mail
2018-12-18 10:27:35.139 [INFO ] org.springframework.boot.context.embedded.AnnotationConfigEmbeddedWebApplicationContext - Refreshing org.springframework.boot.context.embedded.AnnotationConfigEmbeddedWebApplicationContext@2af12142: startup date [Tue Dec 18 10:27:35 CST 2018]; root of context hierarchy
